/usr/lib/python3/dist-packages/pkg_resources/__init__.py:116: PkgResourcesDeprecationWarning:  is an invalid version and will not be supported in a future release
  warnings.warn(
/usr/lib/python3/dist-packages/pkg_resources/__init__.py:116: PkgResourcesDeprecationWarning:  is an invalid version and will not be supported in a future release
  warnings.warn(
[1m[32m==> [0m[0mGenerating debs for [36mubuntu:jammy[0m for package(s) ['audio_to_spectrogram'][0m[0m
[33mNo homepage set, defaulting to ''[0m
ROS Distro index file associate with commit '37f1127202df45711a27bc4457423c315876e202'[0m
New ROS Distro index url: 'https://raw.githubusercontent.com/ros/rosdistro/37f1127202df45711a27bc4457423c315876e202/index-v4.yaml'[0m
[33mNo historical releaser history, using current maintainer name and email for each versioned changelog entry.[0m
Package 'audio-to-spectrogram' has dependencies:[0m
[35mRun Dependencies:[0m[0m
  [22m[4mrosdep key           => jammy key[0m[0m
  [36maudio_capture        [35m=> [36m['ros-one-audio-capture'][0m[0m
  [36maudio_common_msgs    [35m=> [36m['ros-one-audio-common-msgs'][0m[0m
  [36mcv_bridge            [35m=> [36m['ros-one-cv-bridge'][0m[0m
  [36mdynamic_reconfigure  [35m=> [36m['ros-one-dynamic-reconfigure'][0m[0m
  [36mgeometry_msgs        [35m=> [36m['ros-one-geometry-msgs'][0m[0m
  [36mimage_view           [35m=> [36m['ros-one-image-view'][0m[0m
  [36mjsk_recognition_msgs [35m=> [36m['ros-one-jsk-recognition-msgs'][0m[0m
  [36mjsk_topic_tools      [35m=> [36m['ros-one-jsk-topic-tools'][0m[0m
  [36mpython3-matplotlib   [35m=> [36m['python3-matplotlib'][0m[0m
  [36mrostopic             [35m=> [36m['ros-one-rostopic'][0m[0m
  [36msensor_msgs          [35m=> [36m['ros-one-sensor-msgs'][0m[0m
  [36mstd_msgs             [35m=> [36m['ros-one-std-msgs'][0m[0m
  [36mtopic_tools          [35m=> [36m['ros-one-topic-tools'][0m[0m
[35mBuild and Build Tool Dependencies:[0m[0m
  [22m[4mrosdep key           => jammy key[0m[0m
  [36mdynamic_reconfigure  [35m=> [36m['ros-one-dynamic-reconfigure'][0m[0m
  [36mcatkin               [35m=> [36m['catkin', 'libgtest-dev', 'libgmock-dev'][0m[0m
  [36mjsk_tools            [35m=> [36m['ros-one-jsk-tools'][0m[0m
  [36mroslaunch            [35m=> [36m['ros-one-roslaunch'][0m[0m
  [36mrostest              [35m=> [36m['ros-one-rostest'][0m[0m
[1m[34m==>[0m Placing templates files in the 'debian' folder.[0m[0m
[1m[34m==>[0m In place processing templates in 'debian' folder.[0m[0m
Expanding 'debian/source/options.em' -> 'debian/source/options'[0m
Expanding 'debian/source/format.em' -> 'debian/source/format'[0m
Expanding 'debian/rules.em' -> 'debian/rules'[0m
Expanding 'debian/compat.em' -> 'debian/compat'[0m
Expanding 'debian/changelog.em' -> 'debian/changelog'[0m
Expanding 'debian/copyright.em' -> 'debian/copyright'[0m
Expanding 'debian/control.em' -> 'debian/control'[0m
[33mThis version of bloom is '0.10.7', but the newest available version is '0.12.0'. Please update.[0m
