/usr/lib/python3/dist-packages/pkg_resources/__init__.py:116: PkgResourcesDeprecationWarning:  is an invalid version and will not be supported in a future release
  warnings.warn(
/usr/lib/python3/dist-packages/pkg_resources/__init__.py:116: PkgResourcesDeprecationWarning:  is an invalid version and will not be supported in a future release
  warnings.warn(
[1m[32m==> [0m[0mGenerating debs for [36mubuntu:jammy[0m for package(s) ['cartographer'][0m[0m
ROS Distro index file associate with commit '0a775e424dd6b5b5dbac6bc49cbde9f340d01211'[0m
New ROS Distro index url: 'https://raw.githubusercontent.com/ros/rosdistro/0a775e424dd6b5b5dbac6bc49cbde9f340d01211/index-v4.yaml'[0m
[33mNo historical releaser history, using current maintainer name and email for each versioned changelog entry.[0m
Package 'cartographer' has dependencies:[0m
[35mRun Dependencies:[0m[0m
  [22m[4mrosdep key           => jammy key[0m[0m
  [36mlibboost-iostreams-dev [35m=> [36m['libboost-iostreams-dev'][0m[0m
  [36meigen                [35m=> [36m['libeigen3-dev'][0m[0m
  [36mlibabsl-dev          [35m=> [36m['libabsl-dev'][0m[0m
  [36mlibcairo2-dev        [35m=> [36m['libcairo2-dev'][0m[0m
  [36mlibceres-dev         [35m=> [36m['libceres-dev'][0m[0m
  [36mlibgflags-dev        [35m=> [36m['libgflags-dev'][0m[0m
  [36mlibgoogle-glog-dev   [35m=> [36m['libgoogle-glog-dev'][0m[0m
  [36mlua5.2-dev           [35m=> [36m['liblua5.2-dev'][0m[0m
  [36mprotobuf-dev         [35m=> [36m['libprotobuf-dev', 'protobuf-compiler', 'libprotoc-dev'][0m[0m
[35mBuild and Build Tool Dependencies:[0m[0m
  [22m[4mrosdep key           => jammy key[0m[0m
  [36mgit                  [35m=> [36m['git'][0m[0m
  [36mgoogle-mock          [35m=> [36m['google-mock'][0m[0m
  [36mgtest                [35m=> [36m['libgtest-dev'][0m[0m
  [36mpython3-sphinx       [35m=> [36m['python3-sphinx'][0m[0m
  [36mlibboost-iostreams-dev [35m=> [36m['libboost-iostreams-dev'][0m[0m
  [36meigen                [35m=> [36m['libeigen3-dev'][0m[0m
  [36mlibabsl-dev          [35m=> [36m['libabsl-dev'][0m[0m
  [36mlibcairo2-dev        [35m=> [36m['libcairo2-dev'][0m[0m
  [36mlibceres-dev         [35m=> [36m['libceres-dev'][0m[0m
  [36mlibgflags-dev        [35m=> [36m['libgflags-dev'][0m[0m
  [36mlibgoogle-glog-dev   [35m=> [36m['libgoogle-glog-dev'][0m[0m
  [36mlua5.2-dev           [35m=> [36m['liblua5.2-dev'][0m[0m
  [36mprotobuf-dev         [35m=> [36m['libprotobuf-dev', 'protobuf-compiler', 'libprotoc-dev'][0m[0m
  [36mcmake                [35m=> [36m['cmake'][0m[0m
[1m[34m==>[0m Placing templates files in the 'debian' folder.[0m[0m
[1m[34m==>[0m In place processing templates in 'debian' folder.[0m[0m
Expanding 'debian/changelog.em' -> 'debian/changelog'[0m
Expanding 'debian/copyright.em' -> 'debian/copyright'[0m
Expanding 'debian/source/format.em' -> 'debian/source/format'[0m
Expanding 'debian/source/options.em' -> 'debian/source/options'[0m
Expanding 'debian/control.em' -> 'debian/control'[0m
Expanding 'debian/compat.em' -> 'debian/compat'[0m
Expanding 'debian/rules.em' -> 'debian/rules'[0m
[33mThis version of bloom is '0.10.7', but the newest available version is '0.11.2'. Please update.[0m
