/usr/lib/python3/dist-packages/pkg_resources/__init__.py:116: PkgResourcesDeprecationWarning:  is an invalid version and will not be supported in a future release
  warnings.warn(
/usr/lib/python3/dist-packages/pkg_resources/__init__.py:116: PkgResourcesDeprecationWarning:  is an invalid version and will not be supported in a future release
  warnings.warn(
[1m[32m==> [0m[0mGenerating debs for [36mubuntu:jammy[0m for package(s) ['four_wheel_steering_controller'][0m[0m
ROS Distro index file associate with commit 'f0d0df77a7ad5d4728b17ca78a88656d7bbe0e80'[0m
New ROS Distro index url: 'https://raw.githubusercontent.com/ros/rosdistro/f0d0df77a7ad5d4728b17ca78a88656d7bbe0e80/index-v4.yaml'[0m
[33mNo historical releaser history, using current maintainer name and email for each versioned changelog entry.[0m
Package 'four-wheel-steering-controller' has dependencies:[0m
[35mRun Dependencies:[0m[0m
  [22m[4mrosdep key           => jammy key[0m[0m
  [36mcontroller_interface [35m=> [36m['ros-one-controller-interface'][0m[0m
  [36mrealtime_tools       [35m=> [36m['ros-one-realtime-tools'][0m[0m
  [36mroscpp               [35m=> [36m['ros-one-roscpp'][0m[0m
  [36mtf                   [35m=> [36m['ros-one-tf'][0m[0m
  [36mfour_wheel_steering_msgs [35m=> [36m['ros-one-four-wheel-steering-msgs'][0m[0m
  [36mhardware_interface   [35m=> [36m['ros-one-hardware-interface'][0m[0m
  [36mlibboost-dev         [35m=> [36m['libboost-dev'][0m[0m
  [36mnav_msgs             [35m=> [36m['ros-one-nav-msgs'][0m[0m
[35mBuild and Build Tool Dependencies:[0m[0m
  [22m[4mrosdep key           => jammy key[0m[0m
  [36mfour_wheel_steering_msgs [35m=> [36m['ros-one-four-wheel-steering-msgs'][0m[0m
  [36mhardware_interface   [35m=> [36m['ros-one-hardware-interface'][0m[0m
  [36mlibboost-dev         [35m=> [36m['libboost-dev'][0m[0m
  [36mnav_msgs             [35m=> [36m['ros-one-nav-msgs'][0m[0m
  [36mpluginlib            [35m=> [36m['ros-one-pluginlib'][0m[0m
  [36murdf_geometry_parser [35m=> [36m['ros-one-urdf-geometry-parser'][0m[0m
  [36mcontroller_interface [35m=> [36m['ros-one-controller-interface'][0m[0m
  [36mrealtime_tools       [35m=> [36m['ros-one-realtime-tools'][0m[0m
  [36mroscpp               [35m=> [36m['ros-one-roscpp'][0m[0m
  [36mtf                   [35m=> [36m['ros-one-tf'][0m[0m
  [36mcatkin               [35m=> [36m['catkin', 'libgtest-dev', 'libgmock-dev'][0m[0m
  [36mcontroller_manager   [35m=> [36m['ros-one-controller-manager'][0m[0m
  [36mgeometry_msgs        [35m=> [36m['ros-one-geometry-msgs'][0m[0m
  [36mstd_msgs             [35m=> [36m['ros-one-std-msgs'][0m[0m
  [36mstd_srvs             [35m=> [36m['ros-one-std-srvs'][0m[0m
  [36mrosgraph_msgs        [35m=> [36m['ros-one-rosgraph-msgs'][0m[0m
  [36mrostest              [35m=> [36m['ros-one-rostest'][0m[0m
  [36mxacro                [35m=> [36m['ros-one-xacro'][0m[0m
[1m[34m==>[0m Placing templates files in the 'debian' folder.[0m[0m
[1m[34m==>[0m In place processing templates in 'debian' folder.[0m[0m
Expanding 'debian/changelog.em' -> 'debian/changelog'[0m
Expanding 'debian/source/options.em' -> 'debian/source/options'[0m
Expanding 'debian/source/format.em' -> 'debian/source/format'[0m
Expanding 'debian/compat.em' -> 'debian/compat'[0m
Expanding 'debian/copyright.em' -> 'debian/copyright'[0m
Expanding 'debian/control.em' -> 'debian/control'[0m
Expanding 'debian/rules.em' -> 'debian/rules'[0m
[33mThis version of bloom is '0.10.7', but the newest available version is '0.11.2'. Please update.[0m
