/usr/lib/python3/dist-packages/pkg_resources/__init__.py:116: PkgResourcesDeprecationWarning:  is an invalid version and will not be supported in a future release
  warnings.warn(
/usr/lib/python3/dist-packages/pkg_resources/__init__.py:116: PkgResourcesDeprecationWarning:  is an invalid version and will not be supported in a future release
  warnings.warn(
<string>:140: (ERROR/3) Unexpected indentation.
<string>:141: (WARNING/2) Block quote ends without a blank line; unexpected unindent.
[1m[32m==> [0m[0mGenerating debs for [36mubuntu:jammy[0m for package(s) ['jsk_rviz_plugins'][0m[0m
ROS Distro index file associate with commit '1fc6e0102b3bed11b46541f6fd0810a5ce5cd28f'[0m
New ROS Distro index url: 'https://raw.githubusercontent.com/ros/rosdistro/1fc6e0102b3bed11b46541f6fd0810a5ce5cd28f/index-v4.yaml'[0m
[33mNo historical releaser history, using current maintainer name and email for each versioned changelog entry.[0m
Package 'jsk-rviz-plugins' has dependencies:[0m
[35mRun Dependencies:[0m[0m
  [22m[4mrosdep key           => jammy key[0m[0m
  [36mpython3-scipy        [35m=> [36m['python3-scipy'][0m[0m
  [36mcv_bridge            [35m=> [36m['ros-one-cv-bridge'][0m[0m
  [36mdiagnostic_msgs      [35m=> [36m['ros-one-diagnostic-msgs'][0m[0m
  [36mdynamic_reconfigure  [35m=> [36m['ros-one-dynamic-reconfigure'][0m[0m
  [36mgeometry_msgs        [35m=> [36m['ros-one-geometry-msgs'][0m[0m
  [36mimage_geometry       [35m=> [36m['ros-one-image-geometry'][0m[0m
  [36mimage_publisher      [35m=> [36m['ros-one-image-publisher'][0m[0m
  [36mjsk_footstep_msgs    [35m=> [36m['ros-one-jsk-footstep-msgs'][0m[0m
  [36mjsk_gui_msgs         [35m=> [36m['ros-one-jsk-gui-msgs'][0m[0m
  [36mjsk_hark_msgs        [35m=> [36m['ros-one-jsk-hark-msgs'][0m[0m
  [36mjsk_recognition_msgs [35m=> [36m['ros-one-jsk-recognition-msgs'][0m[0m
  [36mjsk_recognition_utils [35m=> [36m['ros-one-jsk-recognition-utils'][0m[0m
  [36mjsk_topic_tools      [35m=> [36m['ros-one-jsk-topic-tools'][0m[0m
  [36mmessage_generation   [35m=> [36m['ros-one-message-generation'][0m[0m
  [36mpeople_msgs          [35m=> [36m['ros-one-people-msgs'][0m[0m
  [36mposedetection_msgs   [35m=> [36m['ros-one-posedetection-msgs'][0m[0m
  [36mrviz                 [35m=> [36m['ros-one-rviz'][0m[0m
  [36mstd_msgs             [35m=> [36m['ros-one-std-msgs'][0m[0m
  [36murdfdom_py           [35m=> [36m['ros-one-urdfdom-py'][0m[0m
  [36mview_controller_msgs [35m=> [36m['ros-one-view-controller-msgs'][0m[0m
[35mBuild and Build Tool Dependencies:[0m[0m
  [22m[4mrosdep key           => jammy key[0m[0m
  [36mcv_bridge            [35m=> [36m['ros-one-cv-bridge'][0m[0m
  [36mdiagnostic_msgs      [35m=> [36m['ros-one-diagnostic-msgs'][0m[0m
  [36mdynamic_reconfigure  [35m=> [36m['ros-one-dynamic-reconfigure'][0m[0m
  [36mgeometry_msgs        [35m=> [36m['ros-one-geometry-msgs'][0m[0m
  [36mimage_geometry       [35m=> [36m['ros-one-image-geometry'][0m[0m
  [36mjsk_footstep_msgs    [35m=> [36m['ros-one-jsk-footstep-msgs'][0m[0m
  [36mjsk_gui_msgs         [35m=> [36m['ros-one-jsk-gui-msgs'][0m[0m
  [36mjsk_hark_msgs        [35m=> [36m['ros-one-jsk-hark-msgs'][0m[0m
  [36mjsk_recognition_msgs [35m=> [36m['ros-one-jsk-recognition-msgs'][0m[0m
  [36mjsk_recognition_utils [35m=> [36m['ros-one-jsk-recognition-utils'][0m[0m
  [36mjsk_topic_tools      [35m=> [36m['ros-one-jsk-topic-tools'][0m[0m
  [36mmessage_generation   [35m=> [36m['ros-one-message-generation'][0m[0m
  [36mmk                   [35m=> [36m['ros-one-mk'][0m[0m
  [36mpeople_msgs          [35m=> [36m['ros-one-people-msgs'][0m[0m
  [36mrosbuild             [35m=> [36m['ros-one-rosbuild'][0m[0m
  [36mrviz                 [35m=> [36m['ros-one-rviz'][0m[0m
  [36mstd_msgs             [35m=> [36m['ros-one-std-msgs'][0m[0m
  [36murdfdom_py           [35m=> [36m['ros-one-urdfdom-py'][0m[0m
  [36mview_controller_msgs [35m=> [36m['ros-one-view-controller-msgs'][0m[0m
  [36mcatkin               [35m=> [36m['catkin', 'libgtest-dev', 'libgmock-dev'][0m[0m
  [36mrostest              [35m=> [36m['ros-one-rostest'][0m[0m
  [36mpr2_description      [35m=> [36m['ros-one-pr2-description'][0m[0m
  [36mjoint_state_publisher [35m=> [36m['ros-one-joint-state-publisher'][0m[0m
  [36mrobot_state_publisher [35m=> [36m['ros-one-robot-state-publisher'][0m[0m
  [36mjsk_data             [35m=> [36m['ros-one-jsk-data'][0m[0m
  [36mjsk_tools            [35m=> [36m['ros-one-jsk-tools'][0m[0m
  [36mpython-gdown-pip     [35m=> [36m['gdown'][0m[0m
  [36mopenni2_launch       [35m=> [36m['ros-one-openni2-launch'][0m[0m
  [36mimage_transport      [35m=> [36m['ros-one-image-transport'][0m[0m
  [36mface_detector        [35m=> [36m['ros-one-face-detector'][0m[0m
[1m[34m==>[0m Placing templates files in the 'debian' folder.[0m[0m
[1m[34m==>[0m In place processing templates in 'debian' folder.[0m[0m
Expanding 'debian/copyright.em' -> 'debian/copyright'[0m
Expanding 'debian/source/options.em' -> 'debian/source/options'[0m
Expanding 'debian/source/format.em' -> 'debian/source/format'[0m
Expanding 'debian/rules.em' -> 'debian/rules'[0m
Expanding 'debian/control.em' -> 'debian/control'[0m
Expanding 'debian/changelog.em' -> 'debian/changelog'[0m
Expanding 'debian/compat.em' -> 'debian/compat'[0m
[33mThis version of bloom is '0.10.7', but the newest available version is '0.12.0'. Please update.[0m
