/usr/lib/python3/dist-packages/pkg_resources/__init__.py:116: PkgResourcesDeprecationWarning:  is an invalid version and will not be supported in a future release
  warnings.warn(
/usr/lib/python3/dist-packages/pkg_resources/__init__.py:116: PkgResourcesDeprecationWarning:  is an invalid version and will not be supported in a future release
  warnings.warn(
[1m[32m==> [0m[0mGenerating debs for [36mubuntu:jammy[0m for package(s) ['multi_map_server'][0m[0m
ROS Distro index file associate with commit 'f0d0df77a7ad5d4728b17ca78a88656d7bbe0e80'[0m
New ROS Distro index url: 'https://raw.githubusercontent.com/ros/rosdistro/f0d0df77a7ad5d4728b17ca78a88656d7bbe0e80/index-v4.yaml'[0m
[33mNo historical releaser history, using current maintainer name and email for each versioned changelog entry.[0m
Package 'multi-map-server' has dependencies:[0m
[35mRun Dependencies:[0m[0m
  [22m[4mrosdep key           => jammy key[0m[0m
  [36mmap_server           [35m=> [36m['ros-one-map-server'][0m[0m
  [36mnav_msgs             [35m=> [36m['ros-one-nav-msgs'][0m[0m
  [36mrosconsole           [35m=> [36m['ros-one-rosconsole'][0m[0m
  [36mroscpp               [35m=> [36m['ros-one-roscpp'][0m[0m
  [36mrospy                [35m=> [36m['ros-one-rospy'][0m[0m
  [36mtf                   [35m=> [36m['ros-one-tf'][0m[0m
  [36myaml-cpp             [35m=> [36m['libyaml-cpp-dev'][0m[0m
  [36msdl-image            [35m=> [36m['libsdl-image1.2-dev'][0m[0m
[35mBuild and Build Tool Dependencies:[0m[0m
  [22m[4mrosdep key           => jammy key[0m[0m
  [36mmap_server           [35m=> [36m['ros-one-map-server'][0m[0m
  [36mnav_msgs             [35m=> [36m['ros-one-nav-msgs'][0m[0m
  [36mrosconsole           [35m=> [36m['ros-one-rosconsole'][0m[0m
  [36mroscpp               [35m=> [36m['ros-one-roscpp'][0m[0m
  [36mrospy                [35m=> [36m['ros-one-rospy'][0m[0m
  [36mtf                   [35m=> [36m['ros-one-tf'][0m[0m
  [36mpython-imaging       [35m=> [36m['python3-pil'][0m[0m
  [36mpython3-yaml         [35m=> [36m['python3-yaml'][0m[0m
  [36myaml-cpp             [35m=> [36m['libyaml-cpp-dev'][0m[0m
  [36msdl-image            [35m=> [36m['libsdl-image1.2-dev'][0m[0m
  [36mjsk_tools            [35m=> [36m['ros-one-jsk-tools'][0m[0m
  [36mrosmake              [35m=> [36m['ros-one-rosmake'][0m[0m
  [36mcatkin               [35m=> [36m['catkin', 'libgtest-dev', 'libgmock-dev'][0m[0m
[1m[34m==>[0m Placing templates files in the 'debian' folder.[0m[0m
[1m[34m==>[0m In place processing templates in 'debian' folder.[0m[0m
Expanding 'debian/changelog.em' -> 'debian/changelog'[0m
Expanding 'debian/source/options.em' -> 'debian/source/options'[0m
Expanding 'debian/source/format.em' -> 'debian/source/format'[0m
Expanding 'debian/compat.em' -> 'debian/compat'[0m
Expanding 'debian/copyright.em' -> 'debian/copyright'[0m
Expanding 'debian/control.em' -> 'debian/control'[0m
Expanding 'debian/rules.em' -> 'debian/rules'[0m
[33mThis version of bloom is '0.10.7', but the newest available version is '0.11.2'. Please update.[0m
