/usr/lib/python3/dist-packages/pkg_resources/__init__.py:116: PkgResourcesDeprecationWarning:  is an invalid version and will not be supported in a future release
  warnings.warn(
/usr/lib/python3/dist-packages/pkg_resources/__init__.py:116: PkgResourcesDeprecationWarning:  is an invalid version and will not be supported in a future release
  warnings.warn(
[1m[32m==> [0m[0mGenerating debs for [36mubuntu:jammy[0m for package(s) ['plotjuggler_ros'][0m[0m
ROS Distro index file associate with commit '3b842e1aff17bda18f8194381626c637776ce3bf'[0m
New ROS Distro index url: 'https://raw.githubusercontent.com/ros/rosdistro/3b842e1aff17bda18f8194381626c637776ce3bf/index-v4.yaml'[0m
[33mNo historical releaser history, using current maintainer name and email for each versioned changelog entry.[0m
Package 'plotjuggler-ros' has dependencies:[0m
[35mRun Dependencies:[0m[0m
  [22m[4mrosdep key           => jammy key[0m[0m
  [36mrosbag_storage       [35m=> [36m['ros-one-rosbag-storage'][0m[0m
  [36mroscpp               [35m=> [36m['ros-one-roscpp'][0m[0m
  [36mroscpp_serialization [35m=> [36m['ros-one-roscpp-serialization'][0m[0m
  [36mtf                   [35m=> [36m['ros-one-tf'][0m[0m
  [36mdiagnostic_msgs      [35m=> [36m['ros-one-diagnostic-msgs'][0m[0m
  [36msensor_msgs          [35m=> [36m['ros-one-sensor-msgs'][0m[0m
  [36mgeometry_msgs        [35m=> [36m['ros-one-geometry-msgs'][0m[0m
  [36mnav_msgs             [35m=> [36m['ros-one-nav-msgs'][0m[0m
  [36mtf2_ros              [35m=> [36m['ros-one-tf2-ros'][0m[0m
  [36mtf2_msgs             [35m=> [36m['ros-one-tf2-msgs'][0m[0m
  [36mplotjuggler_msgs     [35m=> [36m['ros-one-plotjuggler-msgs'][0m[0m
  [36mplotjuggler          [35m=> [36m['ros-one-plotjuggler'][0m[0m
  [36mqtbase5-dev          [35m=> [36m['qtbase5-dev'][0m[0m
  [36mbinutils             [35m=> [36m['binutils-dev'][0m[0m
  [36mlibqt5-svg-dev       [35m=> [36m['libqt5svg5-dev'][0m[0m
  [36mlibqt5-websockets-dev [35m=> [36m['libqt5websockets5-dev'][0m[0m
  [36mboost                [35m=> [36m['libboost-all-dev'][0m[0m
[35mBuild and Build Tool Dependencies:[0m[0m
  [22m[4mrosdep key           => jammy key[0m[0m
  [36mrosbag_storage       [35m=> [36m['ros-one-rosbag-storage'][0m[0m
  [36mroscpp               [35m=> [36m['ros-one-roscpp'][0m[0m
  [36mroscpp_serialization [35m=> [36m['ros-one-roscpp-serialization'][0m[0m
  [36mtf                   [35m=> [36m['ros-one-tf'][0m[0m
  [36mdiagnostic_msgs      [35m=> [36m['ros-one-diagnostic-msgs'][0m[0m
  [36msensor_msgs          [35m=> [36m['ros-one-sensor-msgs'][0m[0m
  [36mgeometry_msgs        [35m=> [36m['ros-one-geometry-msgs'][0m[0m
  [36mnav_msgs             [35m=> [36m['ros-one-nav-msgs'][0m[0m
  [36mtf2_ros              [35m=> [36m['ros-one-tf2-ros'][0m[0m
  [36mtf2_msgs             [35m=> [36m['ros-one-tf2-msgs'][0m[0m
  [36mplotjuggler_msgs     [35m=> [36m['ros-one-plotjuggler-msgs'][0m[0m
  [36mplotjuggler          [35m=> [36m['ros-one-plotjuggler'][0m[0m
  [36mqtbase5-dev          [35m=> [36m['qtbase5-dev'][0m[0m
  [36mbinutils             [35m=> [36m['binutils-dev'][0m[0m
  [36mlibqt5-svg-dev       [35m=> [36m['libqt5svg5-dev'][0m[0m
  [36mlibqt5-websockets-dev [35m=> [36m['libqt5websockets5-dev'][0m[0m
  [36mboost                [35m=> [36m['libboost-all-dev'][0m[0m
  [36mcatkin               [35m=> [36m['catkin', 'libgtest-dev', 'libgmock-dev'][0m[0m
[1m[34m==>[0m Placing templates files in the 'debian' folder.[0m[0m
[1m[34m==>[0m In place processing templates in 'debian' folder.[0m[0m
Expanding 'debian/control.em' -> 'debian/control'[0m
Expanding 'debian/changelog.em' -> 'debian/changelog'[0m
Expanding 'debian/compat.em' -> 'debian/compat'[0m
Expanding 'debian/source/format.em' -> 'debian/source/format'[0m
Expanding 'debian/source/options.em' -> 'debian/source/options'[0m
Expanding 'debian/copyright.em' -> 'debian/copyright'[0m
Expanding 'debian/rules.em' -> 'debian/rules'[0m
[33mThis version of bloom is '0.10.7', but the newest available version is '0.11.2'. Please update.[0m
