/usr/lib/python3/dist-packages/pkg_resources/__init__.py:116: PkgResourcesDeprecationWarning:  is an invalid version and will not be supported in a future release
  warnings.warn(
/usr/lib/python3/dist-packages/pkg_resources/__init__.py:116: PkgResourcesDeprecationWarning:  is an invalid version and will not be supported in a future release
  warnings.warn(
[1m[32m==> [0m[0mGenerating debs for [36mubuntu:jammy[0m for package(s) ['pr2_controller_manager'][0m[0m
ROS Distro index file associate with commit 'f0d0df77a7ad5d4728b17ca78a88656d7bbe0e80'[0m
New ROS Distro index url: 'https://raw.githubusercontent.com/ros/rosdistro/f0d0df77a7ad5d4728b17ca78a88656d7bbe0e80/index-v4.yaml'[0m
[33mNo historical releaser history, using current maintainer name and email for each versioned changelog entry.[0m
Package 'pr2-controller-manager' has dependencies:[0m
[35mRun Dependencies:[0m[0m
  [22m[4mrosdep key           => jammy key[0m[0m
  [36mpr2_hardware_interface [35m=> [36m['ros-one-pr2-hardware-interface'][0m[0m
  [36mpr2_mechanism_model  [35m=> [36m['ros-one-pr2-mechanism-model'][0m[0m
  [36mpr2_mechanism_diagnostics [35m=> [36m['ros-one-pr2-mechanism-diagnostics'][0m[0m
  [36mpr2_description      [35m=> [36m['ros-one-pr2-description'][0m[0m
  [36mpr2_controller_interface [35m=> [36m['ros-one-pr2-controller-interface'][0m[0m
  [36mpr2_mechanism_msgs   [35m=> [36m['ros-one-pr2-mechanism-msgs'][0m[0m
  [36mdiagnostic_msgs      [35m=> [36m['ros-one-diagnostic-msgs'][0m[0m
  [36msensor_msgs          [35m=> [36m['ros-one-sensor-msgs'][0m[0m
  [36mrealtime_tools       [35m=> [36m['ros-one-realtime-tools'][0m[0m
  [36mrobot_state_publisher [35m=> [36m['ros-one-robot-state-publisher'][0m[0m
  [36mroscpp               [35m=> [36m['ros-one-roscpp'][0m[0m
  [36mrospy                [35m=> [36m['ros-one-rospy'][0m[0m
  [36mrosparam             [35m=> [36m['ros-one-rosparam'][0m[0m
  [36mpluginlib            [35m=> [36m['ros-one-pluginlib'][0m[0m
[35mBuild and Build Tool Dependencies:[0m[0m
  [22m[4mrosdep key           => jammy key[0m[0m
  [36mcmake_modules        [35m=> [36m['ros-one-cmake-modules'][0m[0m
  [36mpr2_hardware_interface [35m=> [36m['ros-one-pr2-hardware-interface'][0m[0m
  [36mpr2_mechanism_model  [35m=> [36m['ros-one-pr2-mechanism-model'][0m[0m
  [36mpr2_mechanism_diagnostics [35m=> [36m['ros-one-pr2-mechanism-diagnostics'][0m[0m
  [36mpr2_description      [35m=> [36m['ros-one-pr2-description'][0m[0m
  [36mpr2_controller_interface [35m=> [36m['ros-one-pr2-controller-interface'][0m[0m
  [36mpr2_mechanism_msgs   [35m=> [36m['ros-one-pr2-mechanism-msgs'][0m[0m
  [36mdiagnostic_msgs      [35m=> [36m['ros-one-diagnostic-msgs'][0m[0m
  [36msensor_msgs          [35m=> [36m['ros-one-sensor-msgs'][0m[0m
  [36mrealtime_tools       [35m=> [36m['ros-one-realtime-tools'][0m[0m
  [36mroscpp               [35m=> [36m['ros-one-roscpp'][0m[0m
  [36mpluginlib            [35m=> [36m['ros-one-pluginlib'][0m[0m
  [36mrostest              [35m=> [36m['ros-one-rostest'][0m[0m
  [36mcatkin               [35m=> [36m['catkin', 'libgtest-dev', 'libgmock-dev'][0m[0m
  [36mpython3-setuptools   [35m=> [36m['python3-setuptools'][0m[0m
  [36mroslaunch            [35m=> [36m['ros-one-roslaunch'][0m[0m
[1m[34m==>[0m Placing templates files in the 'debian' folder.[0m[0m
[1m[34m==>[0m In place processing templates in 'debian' folder.[0m[0m
Expanding 'debian/changelog.em' -> 'debian/changelog'[0m
Expanding 'debian/source/options.em' -> 'debian/source/options'[0m
Expanding 'debian/source/format.em' -> 'debian/source/format'[0m
Expanding 'debian/compat.em' -> 'debian/compat'[0m
Expanding 'debian/copyright.em' -> 'debian/copyright'[0m
Expanding 'debian/control.em' -> 'debian/control'[0m
Expanding 'debian/rules.em' -> 'debian/rules'[0m
[33mThis version of bloom is '0.10.7', but the newest available version is '0.11.2'. Please update.[0m
