/usr/lib/python3/dist-packages/pkg_resources/__init__.py:116: PkgResourcesDeprecationWarning:  is an invalid version and will not be supported in a future release
  warnings.warn(
/usr/lib/python3/dist-packages/pkg_resources/__init__.py:116: PkgResourcesDeprecationWarning:  is an invalid version and will not be supported in a future release
  warnings.warn(
[1m[32m==> [0m[0mGenerating debs for [36mubuntu:jammy[0m for package(s) ['rospack'][0m[0m
ROS Distro index file associate with commit '0cf14cba160b9aad1d1a03b111065f13bacb69e5'[0m
New ROS Distro index url: 'https://raw.githubusercontent.com/ros/rosdistro/0cf14cba160b9aad1d1a03b111065f13bacb69e5/index-v4.yaml'[0m
[33mNo historical releaser history, using current maintainer name and email for each versioned changelog entry.[0m
Package 'rospack' has dependencies:[0m
[35mRun Dependencies:[0m[0m
  [22m[4mrosdep key           => jammy key[0m[0m
  [36mpython3-catkin-pkg-modules [35m=> [36m['python3-catkin-pkg'][0m[0m
  [36mpython3-rosdep-modules [35m=> [36m['python3-rosdep2'][0m[0m
  [36mros_environment      [35m=> [36m['ros-one-ros-environment'][0m[0m
  [36mlibboost-filesystem-dev [35m=> [36m['libboost-filesystem-dev'][0m[0m
  [36mlibboost-program-options-dev [35m=> [36m['libboost-program-options-dev'][0m[0m
  [36mlibboost-system-dev  [35m=> [36m['libboost-system-dev'][0m[0m
  [36mpkg-config           [35m=> [36m['pkg-config'][0m[0m
  [36mpython3              [35m=> [36m['python3-dev'][0m[0m
  [36mtinyxml2             [35m=> [36m['libtinyxml2-dev'][0m[0m
[35mBuild and Build Tool Dependencies:[0m[0m
  [22m[4mrosdep key           => jammy key[0m[0m
  [36mcmake_modules        [35m=> [36m['ros-one-cmake-modules'][0m[0m
  [36mgtest                [35m=> [36m['libgtest-dev'][0m[0m
  [36mlibboost-filesystem-dev [35m=> [36m['libboost-filesystem-dev'][0m[0m
  [36mlibboost-program-options-dev [35m=> [36m['libboost-program-options-dev'][0m[0m
  [36mlibboost-system-dev  [35m=> [36m['libboost-system-dev'][0m[0m
  [36mpkg-config           [35m=> [36m['pkg-config'][0m[0m
  [36mpython3              [35m=> [36m['python3-dev'][0m[0m
  [36mtinyxml2             [35m=> [36m['libtinyxml2-dev'][0m[0m
  [36mcatkin               [35m=> [36m['catkin', 'libgtest-dev', 'libgmock-dev'][0m[0m
  [36mpython3-coverage     [35m=> [36m['python3-coverage'][0m[0m
[1m[34m==>[0m Placing templates files in the 'debian' folder.[0m[0m
[1m[34m==>[0m In place processing templates in 'debian' folder.[0m[0m
Expanding 'debian/source/options.em' -> 'debian/source/options'[0m
Expanding 'debian/source/format.em' -> 'debian/source/format'[0m
Expanding 'debian/compat.em' -> 'debian/compat'[0m
Expanding 'debian/rules.em' -> 'debian/rules'[0m
Expanding 'debian/changelog.em' -> 'debian/changelog'[0m
Expanding 'debian/copyright.em' -> 'debian/copyright'[0m
Expanding 'debian/control.em' -> 'debian/control'[0m
[33mThis version of bloom is '0.10.7', but the newest available version is '0.11.2'. Please update.[0m
