/usr/lib/python3/dist-packages/pkg_resources/__init__.py:116: PkgResourcesDeprecationWarning:  is an invalid version and will not be supported in a future release
  warnings.warn(
/usr/lib/python3/dist-packages/pkg_resources/__init__.py:116: PkgResourcesDeprecationWarning:  is an invalid version and will not be supported in a future release
  warnings.warn(
<string>:81: (ERROR/3) Unknown target name: "link http://jenkins.willowgarage.com:8080/view/gbinp64/job/ros-groovy-rqt-tf-tree_binarydeb_precise_amd64/".
<string>:90: (ERROR/3) Unknown target name: "ref. http://answers.ros.org/question/59648/catkin-metapackage-now-requires-cmakeliststxt/".
[1m[32m==> [0m[0mGenerating debs for [36mubuntu:jammy[0m for package(s) ['rqt_robot_plugins'][0m[0m
[33mNo historical releaser history, using current maintainer name and email for each versioned changelog entry.[0m
Package 'rqt-robot-plugins' has dependencies:[0m
[35mRun Dependencies:[0m[0m
  [22m[4mrosdep key           => jammy key[0m[0m
  [36mrqt_moveit           [35m=> [36m['ros-one-rqt-moveit'][0m[0m
  [36mrqt_nav_view         [35m=> [36m['ros-one-rqt-nav-view'][0m[0m
  [36mrqt_pose_view        [35m=> [36m['ros-one-rqt-pose-view'][0m[0m
  [36mrqt_robot_dashboard  [35m=> [36m['ros-one-rqt-robot-dashboard'][0m[0m
  [36mrqt_robot_monitor    [35m=> [36m['ros-one-rqt-robot-monitor'][0m[0m
  [36mrqt_robot_steering   [35m=> [36m['ros-one-rqt-robot-steering'][0m[0m
  [36mrqt_runtime_monitor  [35m=> [36m['ros-one-rqt-runtime-monitor'][0m[0m
  [36mrqt_rviz             [35m=> [36m['ros-one-rqt-rviz'][0m[0m
  [36mrqt_tf_tree          [35m=> [36m['ros-one-rqt-tf-tree'][0m[0m
[35mBuild and Build Tool Dependencies:[0m[0m
  [22m[4mrosdep key           => jammy key[0m[0m
  [36mcatkin               [35m=> [36m['catkin', 'libgtest-dev', 'libgmock-dev'][0m[0m
[1m[34m==>[0m Placing templates files in the 'debian' folder.[0m[0m
[1m[34m==>[0m In place processing templates in 'debian' folder.[0m[0m
Expanding 'debian/source/options.em' -> 'debian/source/options'[0m
Expanding 'debian/source/format.em' -> 'debian/source/format'[0m
Expanding 'debian/rules.em' -> 'debian/rules'[0m
Expanding 'debian/compat.em' -> 'debian/compat'[0m
Expanding 'debian/changelog.em' -> 'debian/changelog'[0m
Expanding 'debian/copyright.em' -> 'debian/copyright'[0m
Expanding 'debian/control.em' -> 'debian/control'[0m
[33mThis version of bloom is '0.10.7', but the newest available version is '0.12.0'. Please update.[0m
