<string>:294: (WARNING/2) Inline emphasis start-string without end-string.
ROS Distro index file associate with commit 'c8060c60d888de2987192c50cdc077b94eb8a7a5'[0m
New ROS Distro index url: 'https://raw.githubusercontent.com/ros/rosdistro/c8060c60d888de2987192c50cdc077b94eb8a7a5/index-v4.yaml'[0m
[1m[32m==> [0m[0mGenerating debs for [36mubuntu:jammy[0m for package(s) ['assimp_devel'][0m[0m
[33mNo homepage set, defaulting to ''[0m
[33mNo historical releaser history, using current maintainer name and email for each versioned changelog entry.[0m
Package 'assimp-devel' has dependencies:[0m
[35mRun Dependencies:[0m[0m
  [22m[4mrosdep key           => jammy key[0m[0m
  [36mboost                [35m=> [36m['libboost-all-dev'][0m[0m
  [36mzlib                 [35m=> [36m['zlib1g-dev'][0m[0m
[35mBuild and Build Tool Dependencies:[0m[0m
  [22m[4mrosdep key           => jammy key[0m[0m
  [36mmk                   [35m=> [36m['ros-one-mk'][0m[0m
  [36mrosbuild             [35m=> [36m['ros-one-rosbuild'][0m[0m
  [36mgit                  [35m=> [36m['git'][0m[0m
  [36mrosboost_cfg         [35m=> [36m['ros-one-rosboost-cfg'][0m[0m
  [36mboost                [35m=> [36m['libboost-all-dev'][0m[0m
  [36mzlib                 [35m=> [36m['zlib1g-dev'][0m[0m
  [36munzip                [35m=> [36m['unzip'][0m[0m
  [36mca-certificates      [35m=> [36m['ca-certificates'][0m[0m
  [36mopenssl              [35m=> [36m['openssl'][0m[0m
  [36mcatkin               [35m=> [36m['catkin', 'libgtest-dev', 'libgmock-dev'][0m[0m
[1m[34m==>[0m Placing templates files in the 'debian' folder.[0m[0m
[1m[34m==>[0m In place processing templates in 'debian' folder.[0m[0m
Expanding 'debian/rules.em' -> 'debian/rules'[0m
Expanding 'debian/compat.em' -> 'debian/compat'[0m
Expanding 'debian/changelog.em' -> 'debian/changelog'[0m
Expanding 'debian/control.em' -> 'debian/control'[0m
Expanding 'debian/copyright.em' -> 'debian/copyright'[0m
Expanding 'debian/source/options.em' -> 'debian/source/options'[0m
Expanding 'debian/source/format.em' -> 'debian/source/format'[0m
