ROS Distro index file associate with commit '0d4ad65453994e1ae9f9fd9d504823d00b7b50c8'[0m
New ROS Distro index url: 'https://raw.githubusercontent.com/ros/rosdistro/0d4ad65453994e1ae9f9fd9d504823d00b7b50c8/index-v4.yaml'[0m
[1m[32m==> [0m[0mGenerating debs for [36mubuntu:jammy[0m for package(s) ['audio_to_spectrogram'][0m[0m
[33mNo homepage set, defaulting to ''[0m
[33mNo historical releaser history, using current maintainer name and email for each versioned changelog entry.[0m
Package 'audio-to-spectrogram' has dependencies:[0m
[35mRun Dependencies:[0m[0m
  [22m[4mrosdep key           => jammy key[0m[0m
  [36maudio_capture        [35m=> [36m['ros-one-audio-capture'][0m[0m
  [36maudio_common_msgs    [35m=> [36m['ros-one-audio-common-msgs'][0m[0m
  [36mcv_bridge            [35m=> [36m['ros-one-cv-bridge'][0m[0m
  [36mdynamic_reconfigure  [35m=> [36m['ros-one-dynamic-reconfigure'][0m[0m
  [36mgeometry_msgs        [35m=> [36m['ros-one-geometry-msgs'][0m[0m
  [36mimage_view           [35m=> [36m['ros-one-image-view'][0m[0m
  [36mjsk_recognition_msgs [35m=> [36m['ros-one-jsk-recognition-msgs'][0m[0m
  [36mjsk_topic_tools      [35m=> [36m['ros-one-jsk-topic-tools'][0m[0m
  [36mpython3-matplotlib   [35m=> [36m['python3-matplotlib'][0m[0m
  [36mrostopic             [35m=> [36m['ros-one-rostopic'][0m[0m
  [36msensor_msgs          [35m=> [36m['ros-one-sensor-msgs'][0m[0m
  [36mstd_msgs             [35m=> [36m['ros-one-std-msgs'][0m[0m
  [36mtopic_tools          [35m=> [36m['ros-one-topic-tools'][0m[0m
[35mBuild and Build Tool Dependencies:[0m[0m
  [22m[4mrosdep key           => jammy key[0m[0m
  [36mdynamic_reconfigure  [35m=> [36m['ros-one-dynamic-reconfigure'][0m[0m
  [36mros_environment      [35m=> [36m['ros-one-ros-environment'][0m[0m
  [36mcatkin               [35m=> [36m['catkin', 'libgtest-dev', 'libgmock-dev'][0m[0m
[1m[34m==>[0m Placing templates files in the 'debian' folder.[0m[0m
[1m[34m==>[0m In place processing templates in 'debian' folder.[0m[0m
Expanding 'debian/copyright.em' -> 'debian/copyright'[0m
Expanding 'debian/changelog.em' -> 'debian/changelog'[0m
Expanding 'debian/control.em' -> 'debian/control'[0m
Expanding 'debian/compat.em' -> 'debian/compat'[0m
Expanding 'debian/rules.em' -> 'debian/rules'[0m
Expanding 'debian/source/format.em' -> 'debian/source/format'[0m
Expanding 'debian/source/options.em' -> 'debian/source/options'[0m
