ROS Distro index file associate with commit 'ce4812381dcaf695dca2f3196b4ea59b065e2d90'[0m
New ROS Distro index url: 'https://raw.githubusercontent.com/ros/rosdistro/ce4812381dcaf695dca2f3196b4ea59b065e2d90/index-v4.yaml'[0m
[1m[32m==> [0m[0mGenerating debs for [36mdebian:sid[0m for package(s) ['audio_play'][0m[0m
[33mNo historical releaser history, using current maintainer name and email for each versioned changelog entry.[0m
Package 'audio-play' has dependencies:[0m
[35mRun Dependencies:[0m[0m
  [22m[4mrosdep key           => sid key[0m[0m
  [36mroscpp               [35m=> [36m['ros-one-roscpp'][0m[0m
  [36maudio_common_msgs    [35m=> [36m['ros-one-audio-common-msgs'][0m[0m
  [36mgstreamer1.0         [35m=> [36m['gstreamer1.0-tools', 'libgstreamer1.0-0', 'gir1.2-gstreamer-1.0'][0m[0m
  [36mgstreamer1.0-alsa    [35m=> [36m['gstreamer1.0-alsa'][0m[0m
  [36mgstreamer1.0-plugins-base [35m=> [36m['gstreamer1.0-plugins-base', 'libgstreamer-plugins-base1.0-0', 'gir1.2-gst-plugins-base-1.0'][0m[0m
  [36mgstreamer1.0-plugins-ugly [35m=> [36m['gstreamer1.0-plugins-ugly'][0m[0m
  [36mgstreamer1.0-plugins-good [35m=> [36m['gstreamer1.0-plugins-good'][0m[0m
[35mBuild and Build Tool Dependencies:[0m[0m
  [22m[4mrosdep key           => sid key[0m[0m
  [36mroscpp               [35m=> [36m['ros-one-roscpp'][0m[0m
  [36maudio_common_msgs    [35m=> [36m['ros-one-audio-common-msgs'][0m[0m
  [36mlibgstreamer1.0-dev  [35m=> [36m['libgstreamer1.0-dev'][0m[0m
  [36mlibgstreamer-plugins-base1.0-dev [35m=> [36m['libgstreamer-plugins-base1.0-dev'][0m[0m
  [36mcatkin               [35m=> [36m['catkin', 'libgtest-dev', 'libgmock-dev'][0m[0m
[1m[34m==>[0m Placing templates files in the 'debian' folder.[0m[0m
[1m[34m==>[0m In place processing templates in 'debian' folder.[0m[0m
Expanding 'debian/rules.em' -> 'debian/rules'[0m
Expanding 'debian/copyright.em' -> 'debian/copyright'[0m
Expanding 'debian/compat.em' -> 'debian/compat'[0m
Expanding 'debian/changelog.em' -> 'debian/changelog'[0m
Expanding 'debian/source/options.em' -> 'debian/source/options'[0m
Expanding 'debian/source/format.em' -> 'debian/source/format'[0m
Expanding 'debian/control.em' -> 'debian/control'[0m
