ROS Distro index file associate with commit '123e71dfdbe93215bc84db910304320a8556a3de'[0m
New ROS Distro index url: 'https://raw.githubusercontent.com/ros/rosdistro/123e71dfdbe93215bc84db910304320a8556a3de/index-v4.yaml'[0m
[1m[32m==> [0m[0mGenerating debs for [36mdebian:trixie[0m for package(s) ['checkerboard_detector'][0m[0m
[33mNo historical releaser history, using current maintainer name and email for each versioned changelog entry.[0m
Package 'checkerboard-detector' has dependencies:[0m
[35mRun Dependencies:[0m[0m
  [22m[4mrosdep key           => trixie key[0m[0m
  [36mroscpp               [35m=> [36m['ros-one-roscpp'][0m[0m
  [36mdynamic_tf_publisher [35m=> [36m['ros-one-dynamic-tf-publisher'][0m[0m
  [36mrosconsole           [35m=> [36m['ros-one-rosconsole'][0m[0m
  [36mdynamic_reconfigure  [35m=> [36m['ros-one-dynamic-reconfigure'][0m[0m
  [36mcv_bridge            [35m=> [36m['ros-one-cv-bridge'][0m[0m
  [36msensor_msgs          [35m=> [36m['ros-one-sensor-msgs'][0m[0m
  [36mposedetection_msgs   [35m=> [36m['ros-one-posedetection-msgs'][0m[0m
  [36mimage_geometry       [35m=> [36m['ros-one-image-geometry'][0m[0m
  [36mimage_publisher      [35m=> [36m['ros-one-image-publisher'][0m[0m
  [36mjsk_recognition_msgs [35m=> [36m['ros-one-jsk-recognition-msgs'][0m[0m
  [36meigen_conversions    [35m=> [36m['ros-one-eigen-conversions'][0m[0m
  [36mmessage_filters      [35m=> [36m['ros-one-message-filters'][0m[0m
  [36mtf                   [35m=> [36m['ros-one-tf'][0m[0m
  [36mtf2                  [35m=> [36m['ros-one-tf2'][0m[0m
[35mBuild and Build Tool Dependencies:[0m[0m
  [22m[4mrosdep key           => trixie key[0m[0m
  [36mroscpp               [35m=> [36m['ros-one-roscpp'][0m[0m
  [36mrosconsole           [35m=> [36m['ros-one-rosconsole'][0m[0m
  [36mdynamic_reconfigure  [35m=> [36m['ros-one-dynamic-reconfigure'][0m[0m
  [36mcv_bridge            [35m=> [36m['ros-one-cv-bridge'][0m[0m
  [36msensor_msgs          [35m=> [36m['ros-one-sensor-msgs'][0m[0m
  [36mposedetection_msgs   [35m=> [36m['ros-one-posedetection-msgs'][0m[0m
  [36mimage_geometry       [35m=> [36m['ros-one-image-geometry'][0m[0m
  [36mjsk_recognition_msgs [35m=> [36m['ros-one-jsk-recognition-msgs'][0m[0m
  [36meigen_conversions    [35m=> [36m['ros-one-eigen-conversions'][0m[0m
  [36mmessage_filters      [35m=> [36m['ros-one-message-filters'][0m[0m
  [36mtf                   [35m=> [36m['ros-one-tf'][0m[0m
  [36mtf2                  [35m=> [36m['ros-one-tf2'][0m[0m
  [36mcatkin               [35m=> [36m['catkin', 'libgtest-dev', 'libgmock-dev'][0m[0m
[1m[34m==>[0m Placing templates files in the 'debian' folder.[0m[0m
[1m[34m==>[0m In place processing templates in 'debian' folder.[0m[0m
Expanding 'debian/source/options.em' -> 'debian/source/options'[0m
Expanding 'debian/source/format.em' -> 'debian/source/format'[0m
Expanding 'debian/changelog.em' -> 'debian/changelog'[0m
Expanding 'debian/control.em' -> 'debian/control'[0m
Expanding 'debian/rules.em' -> 'debian/rules'[0m
Expanding 'debian/copyright.em' -> 'debian/copyright'[0m
Expanding 'debian/compat.em' -> 'debian/compat'[0m
