[31m[1mCould not resolve rosdep key 'collada-dom' for distro 'sid':[0m
[31m[1mTry to resolve the problem with rosdep and then continue.[0m
ROS Distro index file associate with commit 'd5de3a7534275d3df02797df79f179327a83888a'[0m
New ROS Distro index url: 'https://raw.githubusercontent.com/ros/rosdistro/d5de3a7534275d3df02797df79f179327a83888a/index-v4.yaml'[0m
[1m[32m==> [0m[0mGenerating debs for [36mdebian:sid[0m for package(s) ['collada_urdf_jsk_patch'][0m[0m
No definition of [collada-dom] for OS version [sid]
	rosdep key : collada-dom
	OS name    : debian
	OS version : sid
	Data:
debian:
		  buster:
		  - libcollada-dom2.4-dp-dev
		  stretch:
		  - libcollada-dom2.4-dp-dev
		fedora:
		- collada-dom-devel
		freebsd:
		- collada-dom
		gentoo:
		- dev-libs/collada-dom
		macports:
		- collada-dom
		nixos:
		- collada-dom
		openembedded:
		- collada-dom@meta-ros-common
		slackware:
		- collada-dom
		ubuntu:
		  '*':
		  - libcollada-dom2.4-dp-dev
		
[31m[1merror: (25, 'Inappropriate ioctl for device')[0m
