ROS Distro index file associate with commit 'c8060c60d888de2987192c50cdc077b94eb8a7a5'[0m
New ROS Distro index url: 'https://raw.githubusercontent.com/ros/rosdistro/c8060c60d888de2987192c50cdc077b94eb8a7a5/index-v4.yaml'[0m
[1m[32m==> [0m[0mGenerating debs for [36mdebian:bookworm[0m for package(s) ['collada_urdf_jsk_patch'][0m[0m
[33mNo historical releaser history, using current maintainer name and email for each versioned changelog entry.[0m
Package 'collada-urdf-jsk-patch' has dependencies:[0m
[35mRun Dependencies:[0m[0m
  [22m[4mrosdep key           => bookworm key[0m[0m
  [36mcollada_parser       [35m=> [36m['ros-one-collada-parser'][0m[0m
  [36mcollada_urdf         [35m=> [36m['ros-one-collada-urdf'][0m[0m
  [36murdf                 [35m=> [36m['ros-one-urdf'][0m[0m
  [36mkdl_parser           [35m=> [36m['ros-one-kdl-parser'][0m[0m
  [36mangles               [35m=> [36m['ros-one-angles'][0m[0m
  [36massimp_devel         [35m=> [36m['ros-one-assimp-devel'][0m[0m
  [36mresource_retriever   [35m=> [36m['ros-one-resource-retriever'][0m[0m
  [36mcollada-dom          [35m=> [36m['libcollada-dom2.4-dp-dev'][0m[0m
  [36mroscpp               [35m=> [36m['ros-one-roscpp'][0m[0m
  [36mgeometric_shapes     [35m=> [36m['ros-one-geometric-shapes'][0m[0m
  [36mtf                   [35m=> [36m['ros-one-tf'][0m[0m
  [36mclass_loader         [35m=> [36m['ros-one-class-loader'][0m[0m
  [36mpluginlib            [35m=> [36m['ros-one-pluginlib'][0m[0m
  [36mlibgts               [35m=> [36m['libgts-dev'][0m[0m
  [36mpython3-catkin-tools [35m=> [36m['python3-catkin-tools'][0m[0m
[35mBuild and Build Tool Dependencies:[0m[0m
  [22m[4mrosdep key           => bookworm key[0m[0m
  [36mcollada_parser       [35m=> [36m['ros-one-collada-parser'][0m[0m
  [36mcollada_urdf         [35m=> [36m['ros-one-collada-urdf'][0m[0m
  [36mkdl_parser           [35m=> [36m['ros-one-kdl-parser'][0m[0m
  [36mangles               [35m=> [36m['ros-one-angles'][0m[0m
  [36massimp_devel         [35m=> [36m['ros-one-assimp-devel'][0m[0m
  [36mresource_retriever   [35m=> [36m['ros-one-resource-retriever'][0m[0m
  [36mcollada-dom          [35m=> [36m['libcollada-dom2.4-dp-dev'][0m[0m
  [36mroscpp               [35m=> [36m['ros-one-roscpp'][0m[0m
  [36mgeometric_shapes     [35m=> [36m['ros-one-geometric-shapes'][0m[0m
  [36mtf                   [35m=> [36m['ros-one-tf'][0m[0m
  [36mclass_loader         [35m=> [36m['ros-one-class-loader'][0m[0m
  [36mpluginlib            [35m=> [36m['ros-one-pluginlib'][0m[0m
  [36mrostest              [35m=> [36m['ros-one-rostest'][0m[0m
  [36mcmake_modules        [35m=> [36m['ros-one-cmake-modules'][0m[0m
  [36mmk                   [35m=> [36m['ros-one-mk'][0m[0m
  [36munzip                [35m=> [36m['unzip'][0m[0m
  [36mlibgts               [35m=> [36m['libgts-dev'][0m[0m
  [36mgit                  [35m=> [36m['git'][0m[0m
  [36mpython3-catkin-tools [35m=> [36m['python3-catkin-tools'][0m[0m
  [36mcatkin               [35m=> [36m['catkin', 'libgtest-dev', 'libgmock-dev'][0m[0m
[1m[34m==>[0m Placing templates files in the 'debian' folder.[0m[0m
[1m[34m==>[0m In place processing templates in 'debian' folder.[0m[0m
Expanding 'debian/rules.em' -> 'debian/rules'[0m
Expanding 'debian/compat.em' -> 'debian/compat'[0m
Expanding 'debian/changelog.em' -> 'debian/changelog'[0m
Expanding 'debian/control.em' -> 'debian/control'[0m
Expanding 'debian/copyright.em' -> 'debian/copyright'[0m
Expanding 'debian/source/options.em' -> 'debian/source/options'[0m
Expanding 'debian/source/format.em' -> 'debian/source/format'[0m
