ROS Distro index file associate with commit 'c8060c60d888de2987192c50cdc077b94eb8a7a5'[0m
New ROS Distro index url: 'https://raw.githubusercontent.com/ros/rosdistro/c8060c60d888de2987192c50cdc077b94eb8a7a5/index-v4.yaml'[0m
[1m[32m==> [0m[0mGenerating debs for [36mdebian:bookworm[0m for package(s) ['desktop'][0m[0m
[33mNo homepage set, defaulting to ''[0m
[33mNo historical releaser history, using current maintainer name and email for each versioned changelog entry.[0m
[33mNo CHANGELOG.rst found for package 'desktop'[0m
Package 'desktop' has dependencies:[0m
[35mRun Dependencies:[0m[0m
  [22m[4mrosdep key           => bookworm key[0m[0m
  [36mrobot                [35m=> [36m['ros-one-robot'][0m[0m
  [36mviz                  [35m=> [36m['ros-one-viz'][0m[0m
  [36mangles               [35m=> [36m['ros-one-angles'][0m[0m
  [36mcommon_tutorials     [35m=> [36m['ros-one-common-tutorials'][0m[0m
  [36mgeometry_tutorials   [35m=> [36m['ros-one-geometry-tutorials'][0m[0m
  [36mjoint_state_publisher_gui [35m=> [36m['ros-one-joint-state-publisher-gui'][0m[0m
  [36mros_tutorials        [35m=> [36m['ros-one-ros-tutorials'][0m[0m
  [36mroslint              [35m=> [36m['ros-one-roslint'][0m[0m
  [36murdf_tutorial        [35m=> [36m['ros-one-urdf-tutorial'][0m[0m
  [36mvisualization_tutorials [35m=> [36m['ros-one-visualization-tutorials'][0m[0m
[35mBuild and Build Tool Dependencies:[0m[0m
  [22m[4mrosdep key           => bookworm key[0m[0m
  [36mcatkin               [35m=> [36m['catkin', 'libgtest-dev', 'libgmock-dev'][0m[0m
[1m[34m==>[0m Placing templates files in the 'debian' folder.[0m[0m
[1m[34m==>[0m In place processing templates in 'debian' folder.[0m[0m
Expanding 'debian/rules.em' -> 'debian/rules'[0m
Expanding 'debian/compat.em' -> 'debian/compat'[0m
Expanding 'debian/changelog.em' -> 'debian/changelog'[0m
Expanding 'debian/control.em' -> 'debian/control'[0m
Expanding 'debian/copyright.em' -> 'debian/copyright'[0m
Expanding 'debian/source/options.em' -> 'debian/source/options'[0m
Expanding 'debian/source/format.em' -> 'debian/source/format'[0m
