ROS Distro index file associate with commit 'ce4812381dcaf695dca2f3196b4ea59b065e2d90'[0m
New ROS Distro index url: 'https://raw.githubusercontent.com/ros/rosdistro/ce4812381dcaf695dca2f3196b4ea59b065e2d90/index-v4.yaml'[0m
[1m[32m==> [0m[0mGenerating debs for [36mdebian:sid[0m for package(s) ['euslisp'][0m[0m
[33mNo historical releaser history, using current maintainer name and email for each versioned changelog entry.[0m
[33mNo CHANGELOG.rst found for package 'euslisp'[0m
Package 'euslisp' has dependencies:[0m
[35mRun Dependencies:[0m[0m
  [22m[4mrosdep key           => sid key[0m[0m
  [36mopengl               [35m=> [36m['libgl1-mesa-dev', 'libglu1-mesa-dev'][0m[0m
  [36mlibjpeg              [35m=> [36m['libjpeg-dev'][0m[0m
  [36mlibx11-dev           [35m=> [36m['libx11-dev'][0m[0m
  [36mlibxext              [35m=> [36m['libxext-dev'][0m[0m
  [36mlibpng-dev           [35m=> [36m['libpng-dev'][0m[0m
  [36mlibpq-dev            [35m=> [36m['libpq-dev'][0m[0m
  [36mxfonts-100dpi        [35m=> [36m['xfonts-100dpi'][0m[0m
  [36mxfonts-75dpi         [35m=> [36m['xfonts-75dpi'][0m[0m
[35mBuild and Build Tool Dependencies:[0m[0m
  [22m[4mrosdep key           => sid key[0m[0m
  [36mopengl               [35m=> [36m['libgl1-mesa-dev', 'libglu1-mesa-dev'][0m[0m
  [36mlibjpeg              [35m=> [36m['libjpeg-dev'][0m[0m
  [36mlibx11-dev           [35m=> [36m['libx11-dev'][0m[0m
  [36mlibxext              [35m=> [36m['libxext-dev'][0m[0m
  [36mlibpng-dev           [35m=> [36m['libpng-dev'][0m[0m
  [36mlibpq-dev            [35m=> [36m['libpq-dev'][0m[0m
  [36mcmake_modules        [35m=> [36m['ros-one-cmake-modules'][0m[0m
  [36mmk                   [35m=> [36m['ros-one-mk'][0m[0m
  [36mxfonts-100dpi        [35m=> [36m['xfonts-100dpi'][0m[0m
  [36mxfonts-75dpi         [35m=> [36m['xfonts-75dpi'][0m[0m
  [36mcatkin               [35m=> [36m['catkin', 'libgtest-dev', 'libgmock-dev'][0m[0m
[1m[34m==>[0m Placing templates files in the 'debian' folder.[0m[0m
[1m[34m==>[0m In place processing templates in 'debian' folder.[0m[0m
Expanding 'debian/rules.em' -> 'debian/rules'[0m
Expanding 'debian/copyright.em' -> 'debian/copyright'[0m
Expanding 'debian/compat.em' -> 'debian/compat'[0m
Expanding 'debian/changelog.em' -> 'debian/changelog'[0m
Expanding 'debian/source/options.em' -> 'debian/source/options'[0m
Expanding 'debian/source/format.em' -> 'debian/source/format'[0m
Expanding 'debian/control.em' -> 'debian/control'[0m
