ROS Distro index file associate with commit 'c8060c60d888de2987192c50cdc077b94eb8a7a5'[0m
New ROS Distro index url: 'https://raw.githubusercontent.com/ros/rosdistro/c8060c60d888de2987192c50cdc077b94eb8a7a5/index-v4.yaml'[0m
[1m[32m==> [0m[0mGenerating debs for [36mubuntu:jammy[0m for package(s) ['fetch_ros'][0m[0m
[33mNo historical releaser history, using current maintainer name and email for each versioned changelog entry.[0m
Package 'fetch-ros' has dependencies:[0m
[35mRun Dependencies:[0m[0m
  [22m[4mrosdep key           => jammy key[0m[0m
  [36mfetch_calibration    [35m=> [36m['ros-one-fetch-calibration'][0m[0m
  [36mfetch_depth_layer    [35m=> [36m['ros-one-fetch-depth-layer'][0m[0m
  [36mfetch_description    [35m=> [36m['ros-one-fetch-description'][0m[0m
  [36mfetch_ikfast_plugin  [35m=> [36m['ros-one-fetch-ikfast-plugin'][0m[0m
  [36mfetch_maps           [35m=> [36m['ros-one-fetch-maps'][0m[0m
  [36mfetch_moveit_config  [35m=> [36m['ros-one-fetch-moveit-config'][0m[0m
  [36mfetch_navigation     [35m=> [36m['ros-one-fetch-navigation'][0m[0m
  [36mfetch_teleop         [35m=> [36m['ros-one-fetch-teleop'][0m[0m
[35mBuild and Build Tool Dependencies:[0m[0m
  [22m[4mrosdep key           => jammy key[0m[0m
  [36mcatkin               [35m=> [36m['catkin', 'libgtest-dev', 'libgmock-dev'][0m[0m
[1m[34m==>[0m Placing templates files in the 'debian' folder.[0m[0m
[1m[34m==>[0m In place processing templates in 'debian' folder.[0m[0m
Expanding 'debian/rules.em' -> 'debian/rules'[0m
Expanding 'debian/compat.em' -> 'debian/compat'[0m
Expanding 'debian/changelog.em' -> 'debian/changelog'[0m
Expanding 'debian/control.em' -> 'debian/control'[0m
Expanding 'debian/copyright.em' -> 'debian/copyright'[0m
Expanding 'debian/source/options.em' -> 'debian/source/options'[0m
Expanding 'debian/source/format.em' -> 'debian/source/format'[0m
