ROS Distro index file associate with commit '93cff5f8f227cb7dd2f61668c2130045e97eac5e'[0m
New ROS Distro index url: 'https://raw.githubusercontent.com/ros/rosdistro/93cff5f8f227cb7dd2f61668c2130045e97eac5e/index-v4.yaml'[0m
[1m[32m==> [0m[0mGenerating debs for [36mubuntu:jammy[0m for package(s) ['franka_example_controllers'][0m[0m
[33mNo historical releaser history, using current maintainer name and email for each versioned changelog entry.[0m
[33mNo CHANGELOG.rst found for package 'franka_example_controllers'[0m
Package 'franka-example-controllers' has dependencies:[0m
[35mRun Dependencies:[0m[0m
  [22m[4mrosdep key           => jammy key[0m[0m
  [36mfranka_control       [35m=> [36m['ros-one-franka-control'][0m[0m
  [36mfranka_description   [35m=> [36m['ros-one-franka-description'][0m[0m
  [36mmessage_runtime      [35m=> [36m['ros-one-message-runtime'][0m[0m
  [36mrospy                [35m=> [36m['ros-one-rospy'][0m[0m
  [36mcontroller_interface [35m=> [36m['ros-one-controller-interface'][0m[0m
  [36mdynamic_reconfigure  [35m=> [36m['ros-one-dynamic-reconfigure'][0m[0m
  [36meigen_conversions    [35m=> [36m['ros-one-eigen-conversions'][0m[0m
  [36mfranka_hw            [35m=> [36m['ros-one-franka-hw'][0m[0m
  [36mfranka_gripper       [35m=> [36m['ros-one-franka-gripper'][0m[0m
  [36mgeometry_msgs        [35m=> [36m['ros-one-geometry-msgs'][0m[0m
  [36mhardware_interface   [35m=> [36m['ros-one-hardware-interface'][0m[0m
  [36mjoint_limits_interface [35m=> [36m['ros-one-joint-limits-interface'][0m[0m
  [36mtf                   [35m=> [36m['ros-one-tf'][0m[0m
  [36mtf_conversions       [35m=> [36m['ros-one-tf-conversions'][0m[0m
  [36mlibfranka            [35m=> [36m['ros-one-libfranka'][0m[0m
  [36mpluginlib            [35m=> [36m['ros-one-pluginlib'][0m[0m
  [36mrealtime_tools       [35m=> [36m['ros-one-realtime-tools'][0m[0m
  [36mroscpp               [35m=> [36m['ros-one-roscpp'][0m[0m
  [36murdf                 [35m=> [36m['ros-one-urdf'][0m[0m
  [36mvisualization_msgs   [35m=> [36m['ros-one-visualization-msgs'][0m[0m
[35mBuild and Build Tool Dependencies:[0m[0m
  [22m[4mrosdep key           => jammy key[0m[0m
  [36mmessage_generation   [35m=> [36m['ros-one-message-generation'][0m[0m
  [36meigen                [35m=> [36m['libeigen3-dev'][0m[0m
  [36mcontroller_interface [35m=> [36m['ros-one-controller-interface'][0m[0m
  [36mdynamic_reconfigure  [35m=> [36m['ros-one-dynamic-reconfigure'][0m[0m
  [36meigen_conversions    [35m=> [36m['ros-one-eigen-conversions'][0m[0m
  [36mfranka_hw            [35m=> [36m['ros-one-franka-hw'][0m[0m
  [36mfranka_gripper       [35m=> [36m['ros-one-franka-gripper'][0m[0m
  [36mgeometry_msgs        [35m=> [36m['ros-one-geometry-msgs'][0m[0m
  [36mhardware_interface   [35m=> [36m['ros-one-hardware-interface'][0m[0m
  [36mjoint_limits_interface [35m=> [36m['ros-one-joint-limits-interface'][0m[0m
  [36mtf                   [35m=> [36m['ros-one-tf'][0m[0m
  [36mtf_conversions       [35m=> [36m['ros-one-tf-conversions'][0m[0m
  [36mlibfranka            [35m=> [36m['ros-one-libfranka'][0m[0m
  [36mpluginlib            [35m=> [36m['ros-one-pluginlib'][0m[0m
  [36mrealtime_tools       [35m=> [36m['ros-one-realtime-tools'][0m[0m
  [36mroscpp               [35m=> [36m['ros-one-roscpp'][0m[0m
  [36murdf                 [35m=> [36m['ros-one-urdf'][0m[0m
  [36mvisualization_msgs   [35m=> [36m['ros-one-visualization-msgs'][0m[0m
  [36mcatkin               [35m=> [36m['catkin', 'libgtest-dev', 'libgmock-dev'][0m[0m
[1m[34m==>[0m Placing templates files in the 'debian' folder.[0m[0m
[1m[34m==>[0m In place processing templates in 'debian' folder.[0m[0m
Expanding 'debian/copyright.em' -> 'debian/copyright'[0m
Expanding 'debian/changelog.em' -> 'debian/changelog'[0m
Expanding 'debian/control.em' -> 'debian/control'[0m
Expanding 'debian/compat.em' -> 'debian/compat'[0m
Expanding 'debian/rules.em' -> 'debian/rules'[0m
Expanding 'debian/source/format.em' -> 'debian/source/format'[0m
Expanding 'debian/source/options.em' -> 'debian/source/options'[0m
