ROS Distro index file associate with commit '7f2139b4d6bf54f94feca049f1609ab13af67f31'[0m
New ROS Distro index url: 'https://raw.githubusercontent.com/ros/rosdistro/7f2139b4d6bf54f94feca049f1609ab13af67f31/index-v4.yaml'[0m
[1m[32m==> [0m[0mGenerating debs for [36mdebian:bookworm[0m for package(s) ['gazebo_plugins'][0m[0m
[33mNo historical releaser history, using current maintainer name and email for each versioned changelog entry.[0m
Package 'gazebo-plugins' has dependencies:[0m
[35mRun Dependencies:[0m[0m
  [22m[4mrosdep key           => bookworm key[0m[0m
  [36mgazebo_dev           [35m=> [36m['ros-one-gazebo-dev'][0m[0m
  [36mmessage_runtime      [35m=> [36m['ros-one-message-runtime'][0m[0m
  [36mgazebo_ros           [35m=> [36m['ros-one-gazebo-ros'][0m[0m
  [36mgazebo_msgs          [35m=> [36m['ros-one-gazebo-msgs'][0m[0m
  [36mgeometry_msgs        [35m=> [36m['ros-one-geometry-msgs'][0m[0m
  [36msensor_msgs          [35m=> [36m['ros-one-sensor-msgs'][0m[0m
  [36mtrajectory_msgs      [35m=> [36m['ros-one-trajectory-msgs'][0m[0m
  [36mvisualization_msgs   [35m=> [36m['ros-one-visualization-msgs'][0m[0m
  [36mstd_srvs             [35m=> [36m['ros-one-std-srvs'][0m[0m
  [36mroscpp               [35m=> [36m['ros-one-roscpp'][0m[0m
  [36mrospy                [35m=> [36m['ros-one-rospy'][0m[0m
  [36mnodelet              [35m=> [36m['ros-one-nodelet'][0m[0m
  [36mangles               [35m=> [36m['ros-one-angles'][0m[0m
  [36mnav_msgs             [35m=> [36m['ros-one-nav-msgs'][0m[0m
  [36murdf                 [35m=> [36m['ros-one-urdf'][0m[0m
  [36mtf                   [35m=> [36m['ros-one-tf'][0m[0m
  [36mtf2_ros              [35m=> [36m['ros-one-tf2-ros'][0m[0m
  [36mdynamic_reconfigure  [35m=> [36m['ros-one-dynamic-reconfigure'][0m[0m
  [36mrosgraph_msgs        [35m=> [36m['ros-one-rosgraph-msgs'][0m[0m
  [36mimage_transport      [35m=> [36m['ros-one-image-transport'][0m[0m
  [36mrosconsole           [35m=> [36m['ros-one-rosconsole'][0m[0m
  [36mcv_bridge            [35m=> [36m['ros-one-cv-bridge'][0m[0m
  [36mpolled_camera        [35m=> [36m['ros-one-polled-camera'][0m[0m
  [36mdiagnostic_updater   [35m=> [36m['ros-one-diagnostic-updater'][0m[0m
  [36mcamera_info_manager  [35m=> [36m['ros-one-camera-info-manager'][0m[0m
  [36mstd_msgs             [35m=> [36m['ros-one-std-msgs'][0m[0m
[35mBuild and Build Tool Dependencies:[0m[0m
  [22m[4mrosdep key           => bookworm key[0m[0m
  [36mgazebo_dev           [35m=> [36m['ros-one-gazebo-dev'][0m[0m
  [36mmessage_generation   [35m=> [36m['ros-one-message-generation'][0m[0m
  [36mgazebo_ros           [35m=> [36m['ros-one-gazebo-ros'][0m[0m
  [36mgazebo_msgs          [35m=> [36m['ros-one-gazebo-msgs'][0m[0m
  [36mgeometry_msgs        [35m=> [36m['ros-one-geometry-msgs'][0m[0m
  [36msensor_msgs          [35m=> [36m['ros-one-sensor-msgs'][0m[0m
  [36mtrajectory_msgs      [35m=> [36m['ros-one-trajectory-msgs'][0m[0m
  [36mvisualization_msgs   [35m=> [36m['ros-one-visualization-msgs'][0m[0m
  [36mstd_srvs             [35m=> [36m['ros-one-std-srvs'][0m[0m
  [36mroscpp               [35m=> [36m['ros-one-roscpp'][0m[0m
  [36mrospy                [35m=> [36m['ros-one-rospy'][0m[0m
  [36mnodelet              [35m=> [36m['ros-one-nodelet'][0m[0m
  [36mangles               [35m=> [36m['ros-one-angles'][0m[0m
  [36mnav_msgs             [35m=> [36m['ros-one-nav-msgs'][0m[0m
  [36murdf                 [35m=> [36m['ros-one-urdf'][0m[0m
  [36mtf                   [35m=> [36m['ros-one-tf'][0m[0m
  [36mtf2_ros              [35m=> [36m['ros-one-tf2-ros'][0m[0m
  [36mdynamic_reconfigure  [35m=> [36m['ros-one-dynamic-reconfigure'][0m[0m
  [36mrosgraph_msgs        [35m=> [36m['ros-one-rosgraph-msgs'][0m[0m
  [36mimage_transport      [35m=> [36m['ros-one-image-transport'][0m[0m
  [36mrosconsole           [35m=> [36m['ros-one-rosconsole'][0m[0m
  [36mcv_bridge            [35m=> [36m['ros-one-cv-bridge'][0m[0m
  [36mpolled_camera        [35m=> [36m['ros-one-polled-camera'][0m[0m
  [36mdiagnostic_updater   [35m=> [36m['ros-one-diagnostic-updater'][0m[0m
  [36mcamera_info_manager  [35m=> [36m['ros-one-camera-info-manager'][0m[0m
  [36mstd_msgs             [35m=> [36m['ros-one-std-msgs'][0m[0m
  [36mcatkin               [35m=> [36m['catkin', 'libgtest-dev', 'libgmock-dev'][0m[0m
[1m[34m==>[0m Placing templates files in the 'debian' folder.[0m[0m
[1m[34m==>[0m In place processing templates in 'debian' folder.[0m[0m
Expanding 'debian/rules.em' -> 'debian/rules'[0m
Expanding 'debian/compat.em' -> 'debian/compat'[0m
Expanding 'debian/changelog.em' -> 'debian/changelog'[0m
Expanding 'debian/control.em' -> 'debian/control'[0m
Expanding 'debian/copyright.em' -> 'debian/copyright'[0m
Expanding 'debian/source/options.em' -> 'debian/source/options'[0m
Expanding 'debian/source/format.em' -> 'debian/source/format'[0m
