ROS Distro index file associate with commit '7f2139b4d6bf54f94feca049f1609ab13af67f31'[0m
New ROS Distro index url: 'https://raw.githubusercontent.com/ros/rosdistro/7f2139b4d6bf54f94feca049f1609ab13af67f31/index-v4.yaml'[0m
[1m[32m==> [0m[0mGenerating debs for [36mdebian:bookworm[0m for package(s) ['geometric_shapes'][0m[0m
[33mNo historical releaser history, using current maintainer name and email for each versioned changelog entry.[0m
Package 'geometric-shapes' has dependencies:[0m
[35mRun Dependencies:[0m[0m
  [22m[4mrosdep key           => bookworm key[0m[0m
  [36massimp               [35m=> [36m['libassimp-dev'][0m[0m
  [36mboost                [35m=> [36m['libboost-all-dev'][0m[0m
  [36meigen                [35m=> [36m['libeigen3-dev'][0m[0m
  [36meigen_stl_containers [35m=> [36m['ros-one-eigen-stl-containers'][0m[0m
  [36mlibconsole-bridge-dev [35m=> [36m['libconsole-bridge-dev'][0m[0m
  [36mlibfcl-dev           [35m=> [36m['libfcl-dev'][0m[0m
  [36mlibqhull             [35m=> [36m['libqhull-dev'][0m[0m
  [36moctomap              [35m=> [36m['liboctomap-dev', 'libdynamicedt3d-dev'][0m[0m
  [36mrandom_numbers       [35m=> [36m['ros-one-random-numbers'][0m[0m
  [36mresource_retriever   [35m=> [36m['ros-one-resource-retriever'][0m[0m
  [36mshape_msgs           [35m=> [36m['ros-one-shape-msgs'][0m[0m
  [36mvisualization_msgs   [35m=> [36m['ros-one-visualization-msgs'][0m[0m
  [36massimp-dev           [35m=> [36m['libassimp-dev'][0m[0m
[35mBuild and Build Tool Dependencies:[0m[0m
  [22m[4mrosdep key           => bookworm key[0m[0m
  [36massimp-dev           [35m=> [36m['libassimp-dev'][0m[0m
  [36mboost                [35m=> [36m['libboost-all-dev'][0m[0m
  [36meigen                [35m=> [36m['libeigen3-dev'][0m[0m
  [36meigen_stl_containers [35m=> [36m['ros-one-eigen-stl-containers'][0m[0m
  [36mlibconsole-bridge-dev [35m=> [36m['libconsole-bridge-dev'][0m[0m
  [36mlibfcl-dev           [35m=> [36m['libfcl-dev'][0m[0m
  [36mlibqhull             [35m=> [36m['libqhull-dev'][0m[0m
  [36moctomap              [35m=> [36m['liboctomap-dev', 'libdynamicedt3d-dev'][0m[0m
  [36mpkg-config           [35m=> [36m['pkg-config'][0m[0m
  [36mrandom_numbers       [35m=> [36m['ros-one-random-numbers'][0m[0m
  [36mresource_retriever   [35m=> [36m['ros-one-resource-retriever'][0m[0m
  [36mshape_msgs           [35m=> [36m['ros-one-shape-msgs'][0m[0m
  [36mvisualization_msgs   [35m=> [36m['ros-one-visualization-msgs'][0m[0m
  [36mcatkin               [35m=> [36m['catkin', 'libgtest-dev', 'libgmock-dev'][0m[0m
[1m[34m==>[0m Placing templates files in the 'debian' folder.[0m[0m
[1m[34m==>[0m In place processing templates in 'debian' folder.[0m[0m
Expanding 'debian/rules.em' -> 'debian/rules'[0m
Expanding 'debian/compat.em' -> 'debian/compat'[0m
Expanding 'debian/changelog.em' -> 'debian/changelog'[0m
Expanding 'debian/control.em' -> 'debian/control'[0m
Expanding 'debian/copyright.em' -> 'debian/copyright'[0m
Expanding 'debian/source/options.em' -> 'debian/source/options'[0m
Expanding 'debian/source/format.em' -> 'debian/source/format'[0m
