<string>:227: (ERROR/3) Unknown target name: "window_selection".
<string>:227: (ERROR/3) Unknown target name: "font".
ROS Distro index file associate with commit 'c8060c60d888de2987192c50cdc077b94eb8a7a5'[0m
New ROS Distro index url: 'https://raw.githubusercontent.com/ros/rosdistro/c8060c60d888de2987192c50cdc077b94eb8a7a5/index-v4.yaml'[0m
[1m[32m==> [0m[0mGenerating debs for [36mdebian:bookworm[0m for package(s) ['image_view2'][0m[0m
[33mNo historical releaser history, using current maintainer name and email for each versioned changelog entry.[0m
Package 'image-view2' has dependencies:[0m
[35mRun Dependencies:[0m[0m
  [22m[4mrosdep key           => bookworm key[0m[0m
  [36mcv_bridge            [35m=> [36m['ros-one-cv-bridge'][0m[0m
  [36mgeometry_msgs        [35m=> [36m['ros-one-geometry-msgs'][0m[0m
  [36mimage_geometry       [35m=> [36m['ros-one-image-geometry'][0m[0m
  [36mimage_transport      [35m=> [36m['ros-one-image-transport'][0m[0m
  [36mimage_view           [35m=> [36m['ros-one-image-view'][0m[0m
  [36mmessage_filters      [35m=> [36m['ros-one-message-filters'][0m[0m
  [36mmessage_runtime      [35m=> [36m['ros-one-message-runtime'][0m[0m
  [36mpcl_ros              [35m=> [36m['ros-one-pcl-ros'][0m[0m
  [36mroscpp               [35m=> [36m['ros-one-roscpp'][0m[0m
  [36msensor_msgs          [35m=> [36m['ros-one-sensor-msgs'][0m[0m
  [36mstd_msgs             [35m=> [36m['ros-one-std-msgs'][0m[0m
  [36mstd_srvs             [35m=> [36m['ros-one-std-srvs'][0m[0m
  [36mtf                   [35m=> [36m['ros-one-tf'][0m[0m
[35mBuild and Build Tool Dependencies:[0m[0m
  [22m[4mrosdep key           => bookworm key[0m[0m
  [36mcv_bridge            [35m=> [36m['ros-one-cv-bridge'][0m[0m
  [36mgeometry_msgs        [35m=> [36m['ros-one-geometry-msgs'][0m[0m
  [36mimage_geometry       [35m=> [36m['ros-one-image-geometry'][0m[0m
  [36mimage_transport      [35m=> [36m['ros-one-image-transport'][0m[0m
  [36mimage_view           [35m=> [36m['ros-one-image-view'][0m[0m
  [36mmessage_filters      [35m=> [36m['ros-one-message-filters'][0m[0m
  [36mmessage_generation   [35m=> [36m['ros-one-message-generation'][0m[0m
  [36mpcl_ros              [35m=> [36m['ros-one-pcl-ros'][0m[0m
  [36mroscpp               [35m=> [36m['ros-one-roscpp'][0m[0m
  [36mrostest              [35m=> [36m['ros-one-rostest'][0m[0m
  [36msensor_msgs          [35m=> [36m['ros-one-sensor-msgs'][0m[0m
  [36mstd_msgs             [35m=> [36m['ros-one-std-msgs'][0m[0m
  [36mstd_srvs             [35m=> [36m['ros-one-std-srvs'][0m[0m
  [36mtf                   [35m=> [36m['ros-one-tf'][0m[0m
  [36mcatkin               [35m=> [36m['catkin', 'libgtest-dev', 'libgmock-dev'][0m[0m
[1m[34m==>[0m Placing templates files in the 'debian' folder.[0m[0m
[1m[34m==>[0m In place processing templates in 'debian' folder.[0m[0m
Expanding 'debian/rules.em' -> 'debian/rules'[0m
Expanding 'debian/compat.em' -> 'debian/compat'[0m
Expanding 'debian/changelog.em' -> 'debian/changelog'[0m
Expanding 'debian/control.em' -> 'debian/control'[0m
Expanding 'debian/copyright.em' -> 'debian/copyright'[0m
Expanding 'debian/source/options.em' -> 'debian/source/options'[0m
Expanding 'debian/source/format.em' -> 'debian/source/format'[0m
