<string>:79: (ERROR/3) Unexpected indentation.
<string>:80: (WARNING/2) Block quote ends without a blank line; unexpected unindent.
<string>:523: (ERROR/3) Unexpected indentation.
<string>:619: (ERROR/3) Unexpected indentation.
<string>:621: (WARNING/2) Block quote ends without a blank line; unexpected unindent.
<string>:671: (ERROR/3) Unexpected indentation.
<string>:2247: (ERROR/3) Unknown target name: "use_indices".
ROS Distro index file associate with commit '0d4ad65453994e1ae9f9fd9d504823d00b7b50c8'[0m
New ROS Distro index url: 'https://raw.githubusercontent.com/ros/rosdistro/0d4ad65453994e1ae9f9fd9d504823d00b7b50c8/index-v4.yaml'[0m
[1m[32m==> [0m[0mGenerating debs for [36mubuntu:jammy[0m for package(s) ['jsk_pcl_ros'][0m[0m
[33mNo historical releaser history, using current maintainer name and email for each versioned changelog entry.[0m
Package 'jsk-pcl-ros' has dependencies:[0m
[35mRun Dependencies:[0m[0m
  [22m[4mrosdep key           => jammy key[0m[0m
  [36mboost                [35m=> [36m['libboost-all-dev'][0m[0m
  [36mcheckerboard_detector [35m=> [36m['ros-one-checkerboard-detector'][0m[0m
  [36mcv_bridge            [35m=> [36m['ros-one-cv-bridge'][0m[0m
  [36mdiagnostic_msgs      [35m=> [36m['ros-one-diagnostic-msgs'][0m[0m
  [36mdiagnostic_updater   [35m=> [36m['ros-one-diagnostic-updater'][0m[0m
  [36mdynamic_reconfigure  [35m=> [36m['ros-one-dynamic-reconfigure'][0m[0m
  [36meigen_conversions    [35m=> [36m['ros-one-eigen-conversions'][0m[0m
  [36mfetch_description    [35m=> [36m['ros-one-fetch-description'][0m[0m
  [36mgeometry_msgs        [35m=> [36m['ros-one-geometry-msgs'][0m[0m
  [36mimage_geometry       [35m=> [36m['ros-one-image-geometry'][0m[0m
  [36mimage_transport      [35m=> [36m['ros-one-image-transport'][0m[0m
  [36mimage_view2          [35m=> [36m['ros-one-image-view2'][0m[0m
  [36minteractive_markers  [35m=> [36m['ros-one-interactive-markers'][0m[0m
  [36mjoint_state_publisher [35m=> [36m['ros-one-joint-state-publisher'][0m[0m
  [36mjsk_data             [35m=> [36m['ros-one-jsk-data'][0m[0m
  [36mjsk_footstep_msgs    [35m=> [36m['ros-one-jsk-footstep-msgs'][0m[0m
  [36mjsk_interactive_marker [35m=> [36m['ros-one-jsk-interactive-marker'][0m[0m
  [36mjsk_pcl_ros_utils    [35m=> [36m['ros-one-jsk-pcl-ros-utils'][0m[0m
  [36mjsk_recognition_msgs [35m=> [36m['ros-one-jsk-recognition-msgs'][0m[0m
  [36mjsk_recognition_utils [35m=> [36m['ros-one-jsk-recognition-utils'][0m[0m
  [36mjsk_topic_tools      [35m=> [36m['ros-one-jsk-topic-tools'][0m[0m
  [36mkdl_conversions      [35m=> [36m['ros-one-kdl-conversions'][0m[0m
  [36mkdl_parser           [35m=> [36m['ros-one-kdl-parser'][0m[0m
  [36mlaser_assembler      [35m=> [36m['ros-one-laser-assembler'][0m[0m
  [36mml_classifiers       [35m=> [36m['ros-one-ml-classifiers'][0m[0m
  [36mmoveit_core          [35m=> [36m['ros-one-moveit-core'][0m[0m
  [36mmoveit_ros_perception [35m=> [36m['ros-one-moveit-ros-perception'][0m[0m
  [36mnav_msgs             [35m=> [36m['ros-one-nav-msgs'][0m[0m
  [36mnodelet              [35m=> [36m['ros-one-nodelet'][0m[0m
  [36moctomap              [35m=> [36m['liboctomap-dev'][0m[0m
  [36moctomap_server       [35m=> [36m['ros-one-octomap-server'][0m[0m
  [36mopenni2_launch       [35m=> [36m['ros-one-openni2-launch'][0m[0m
  [36mopenni_launch        [35m=> [36m['ros-one-openni-launch'][0m[0m
  [36mpcl_conversions      [35m=> [36m['ros-one-pcl-conversions'][0m[0m
  [36mpcl_msgs             [35m=> [36m['ros-one-pcl-msgs'][0m[0m
  [36mpcl_ros              [35m=> [36m['ros-one-pcl-ros'][0m[0m
  [36mpr2_description      [35m=> [36m['ros-one-pr2-description'][0m[0m
  [36mpython3-sklearn      [35m=> [36m['python3-sklearn'][0m[0m
  [36mresized_image_transport [35m=> [36m['ros-one-resized-image-transport'][0m[0m
  [36mrobot_self_filter    [35m=> [36m['ros-one-robot-self-filter'][0m[0m
  [36mrobot_state_publisher [35m=> [36m['ros-one-robot-state-publisher'][0m[0m
  [36mrosboost_cfg         [35m=> [36m['ros-one-rosboost-cfg'][0m[0m
  [36mroscpp_tutorials     [35m=> [36m['ros-one-roscpp-tutorials'][0m[0m
  [36mroseus               [35m=> [36m['ros-one-roseus'][0m[0m
  [36msensor_msgs          [35m=> [36m['ros-one-sensor-msgs'][0m[0m
  [36mstd_msgs             [35m=> [36m['ros-one-std-msgs'][0m[0m
  [36mstd_srvs             [35m=> [36m['ros-one-std-srvs'][0m[0m
  [36mstereo_image_proc    [35m=> [36m['ros-one-stereo-image-proc'][0m[0m
  [36mstereo_msgs          [35m=> [36m['ros-one-stereo-msgs'][0m[0m
  [36mtf2_ros              [35m=> [36m['ros-one-tf2-ros'][0m[0m
  [36mtf                   [35m=> [36m['ros-one-tf'][0m[0m
  [36mtf_conversions       [35m=> [36m['ros-one-tf-conversions'][0m[0m
  [36mtopic_tools          [35m=> [36m['ros-one-topic-tools'][0m[0m
  [36mvisualization_msgs   [35m=> [36m['ros-one-visualization-msgs'][0m[0m
  [36mxacro                [35m=> [36m['ros-one-xacro'][0m[0m
  [36myaml-cpp             [35m=> [36m['libyaml-cpp-dev'][0m[0m
[35mBuild and Build Tool Dependencies:[0m[0m
  [22m[4mrosdep key           => jammy key[0m[0m
  [36mcv_bridge            [35m=> [36m['ros-one-cv-bridge'][0m[0m
  [36mdynamic_reconfigure  [35m=> [36m['ros-one-dynamic-reconfigure'][0m[0m
  [36mimage_geometry       [35m=> [36m['ros-one-image-geometry'][0m[0m
  [36mimage_transport      [35m=> [36m['ros-one-image-transport'][0m[0m
  [36minteractive_markers  [35m=> [36m['ros-one-interactive-markers'][0m[0m
  [36mjsk_data             [35m=> [36m['ros-one-jsk-data'][0m[0m
  [36mjsk_pcl_ros_utils    [35m=> [36m['ros-one-jsk-pcl-ros-utils'][0m[0m
  [36mjsk_recognition_utils [35m=> [36m['ros-one-jsk-recognition-utils'][0m[0m
  [36mjsk_topic_tools      [35m=> [36m['ros-one-jsk-topic-tools'][0m[0m
  [36mkdl_parser           [35m=> [36m['ros-one-kdl-parser'][0m[0m
  [36mlaser_assembler      [35m=> [36m['ros-one-laser-assembler'][0m[0m
  [36mmoveit_ros_perception [35m=> [36m['ros-one-moveit-ros-perception'][0m[0m
  [36moctomap_server       [35m=> [36m['ros-one-octomap-server'][0m[0m
  [36mpcl_msgs             [35m=> [36m['ros-one-pcl-msgs'][0m[0m
  [36mpcl_ros              [35m=> [36m['ros-one-pcl-ros'][0m[0m
  [36mros_environment      [35m=> [36m['ros-one-ros-environment'][0m[0m
  [36mtf                   [35m=> [36m['ros-one-tf'][0m[0m
  [36mtf_conversions       [35m=> [36m['ros-one-tf-conversions'][0m[0m
  [36myaml-cpp             [35m=> [36m['libyaml-cpp-dev'][0m[0m
  [36mcatkin               [35m=> [36m['catkin', 'libgtest-dev', 'libgmock-dev'][0m[0m
[1m[34m==>[0m Placing templates files in the 'debian' folder.[0m[0m
[1m[34m==>[0m In place processing templates in 'debian' folder.[0m[0m
Expanding 'debian/copyright.em' -> 'debian/copyright'[0m
Expanding 'debian/changelog.em' -> 'debian/changelog'[0m
Expanding 'debian/control.em' -> 'debian/control'[0m
Expanding 'debian/compat.em' -> 'debian/compat'[0m
Expanding 'debian/rules.em' -> 'debian/rules'[0m
Expanding 'debian/source/format.em' -> 'debian/source/format'[0m
Expanding 'debian/source/options.em' -> 'debian/source/options'[0m
