<string>:60: (WARNING/2) Definition list ends without a blank line; unexpected unindent.
<string>:101: (ERROR/3) Unexpected indentation.
<string>:108: (ERROR/3) Unexpected indentation.
<string>:108: (WARNING/2) Inline literal start-string without end-string.
<string>:108: (WARNING/2) Inline interpreted text or phrase reference start-string without end-string.
<string>:109: (WARNING/2) Block quote ends without a blank line; unexpected unindent.
<string>:151: (ERROR/3) Unexpected indentation.
<string>:151: (WARNING/2) Inline literal start-string without end-string.
<string>:151: (WARNING/2) Inline interpreted text or phrase reference start-string without end-string.
<string>:152: (WARNING/2) Block quote ends without a blank line; unexpected unindent.
<string>:197: (ERROR/3) Unexpected indentation.
ROS Distro index file associate with commit '123e71dfdbe93215bc84db910304320a8556a3de'[0m
New ROS Distro index url: 'https://raw.githubusercontent.com/ros/rosdistro/123e71dfdbe93215bc84db910304320a8556a3de/index-v4.yaml'[0m
[1m[32m==> [0m[0mGenerating debs for [36mdebian:trixie[0m for package(s) ['jsk_data'][0m[0m
[33mNo homepage set, defaulting to ''[0m
[33mNo historical releaser history, using current maintainer name and email for each versioned changelog entry.[0m
Package 'jsk-data' has dependencies:[0m
[35mRun Dependencies:[0m[0m
  [22m[4mrosdep key           => trixie key[0m[0m
  [36mbaxter_description   [35m=> [36m['ros-one-baxter-description'][0m[0m
  [36mdepth_image_proc     [35m=> [36m['ros-one-depth-image-proc'][0m[0m
  [36mdynamic_reconfigure  [35m=> [36m['ros-one-dynamic-reconfigure'][0m[0m
  [36mimage_transport      [35m=> [36m['ros-one-image-transport'][0m[0m
  [36mjsk_topic_tools      [35m=> [36m['ros-one-jsk-topic-tools'][0m[0m
  [36mmessage_runtime      [35m=> [36m['ros-one-message-runtime'][0m[0m
  [36mnodelet              [35m=> [36m['ros-one-nodelet'][0m[0m
  [36mopenni_launch        [35m=> [36m['ros-one-openni-launch'][0m[0m
  [36mpython3-paramiko     [35m=> [36m['python3-paramiko'][0m[0m
  [36mpr2_description      [35m=> [36m['ros-one-pr2-description'][0m[0m
  [36mpr2_machine          [35m=> [36m['ros-one-pr2-machine'][0m[0m
  [36mpython3-click        [35m=> [36m['python3-click'][0m[0m
  [36mpython-gdown-pip     [35m=> [36m[][0m[0m
  [36mpython3-yaml         [35m=> [36m['python3-yaml'][0m[0m
  [36mrosbag               [35m=> [36m['ros-one-rosbag'][0m[0m
  [36mrqt_bag              [35m=> [36m['ros-one-rqt-bag'][0m[0m
  [36mrviz                 [35m=> [36m['ros-one-rviz'][0m[0m
  [36mtf2_ros              [35m=> [36m['ros-one-tf2-ros'][0m[0m
  [36mxacro                [35m=> [36m['ros-one-xacro'][0m[0m
[35mBuild and Build Tool Dependencies:[0m[0m
  [22m[4mrosdep key           => trixie key[0m[0m
  [36mdynamic_reconfigure  [35m=> [36m['ros-one-dynamic-reconfigure'][0m[0m
  [36mmessage_generation   [35m=> [36m['ros-one-message-generation'][0m[0m
  [36mcatkin               [35m=> [36m['catkin', 'libgtest-dev', 'libgmock-dev'][0m[0m
[1m[34m==>[0m Placing templates files in the 'debian' folder.[0m[0m
[1m[34m==>[0m In place processing templates in 'debian' folder.[0m[0m
Expanding 'debian/source/options.em' -> 'debian/source/options'[0m
Expanding 'debian/source/format.em' -> 'debian/source/format'[0m
Expanding 'debian/changelog.em' -> 'debian/changelog'[0m
Expanding 'debian/control.em' -> 'debian/control'[0m
Expanding 'debian/rules.em' -> 'debian/rules'[0m
Expanding 'debian/copyright.em' -> 'debian/copyright'[0m
Expanding 'debian/compat.em' -> 'debian/compat'[0m
