<string>:39: (WARNING/2) Bullet list ends without a blank line; unexpected unindent.
<string>:131: (ERROR/3) Unexpected indentation.
<string>:268: (WARNING/2) Inline literal start-string without end-string.
ROS Distro index file associate with commit 'c8060c60d888de2987192c50cdc077b94eb8a7a5'[0m
New ROS Distro index url: 'https://raw.githubusercontent.com/ros/rosdistro/c8060c60d888de2987192c50cdc077b94eb8a7a5/index-v4.yaml'[0m
[1m[32m==> [0m[0mGenerating debs for [36mdebian:bookworm[0m for package(s) ['jsk_tools'][0m[0m
[33mNo historical releaser history, using current maintainer name and email for each versioned changelog entry.[0m
Package 'jsk-tools' has dependencies:[0m
[35mRun Dependencies:[0m[0m
  [22m[4mrosdep key           => bookworm key[0m[0m
  [36mcv_bridge            [35m=> [36m['ros-one-cv-bridge'][0m[0m
  [36mdiagnostic_aggregator [35m=> [36m['ros-one-diagnostic-aggregator'][0m[0m
  [36mdiagnostic_msgs      [35m=> [36m['ros-one-diagnostic-msgs'][0m[0m
  [36mdiagnostic_updater   [35m=> [36m['ros-one-diagnostic-updater'][0m[0m
  [36mpython-percol        [35m=> [36m['percol'][0m[0m
  [36mpython3-colorama     [35m=> [36m['python3-colorama'][0m[0m
  [36mpython3-github       [35m=> [36m['python3-github'][0m[0m
  [36mpython-pygithub3     [35m=> [36m[][0m[0m
  [36mpython3-progressbar  [35m=> [36m['python3-progressbar'][0m[0m
  [36mpython3-rosdep       [35m=> [36m['python3-rosdep2'][0m[0m
  [36mpython-slacker-cli   [35m=> [36m[][0m[0m
  [36mpython-tabulate-pip  [35m=> [36m['python3-tabulate'][0m[0m
  [36mpython3-tabulate     [35m=> [36m['python3-tabulate'][0m[0m
  [36mpython3-texttable    [35m=> [36m['python3-texttable'][0m[0m
  [36mpython3-requests     [35m=> [36m['python3-requests'][0m[0m
  [36mrosgraph_msgs        [35m=> [36m['ros-one-rosgraph-msgs'][0m[0m
  [36mrospy                [35m=> [36m['ros-one-rospy'][0m[0m
  [36mrqt_reconfigure      [35m=> [36m['ros-one-rqt-reconfigure'][0m[0m
  [36maxis_camera          [35m=> [36m['ros-one-axis-camera'][0m[0m
  [36mpr2_computer_monitor [35m=> [36m['ros-one-pr2-computer-monitor'][0m[0m
  [36miproute2             [35m=> [36m['iproute2'][0m[0m
  [36mjsk_gui_msgs         [35m=> [36m['ros-one-jsk-gui-msgs'][0m[0m
  [36mjsk_network_tools    [35m=> [36m['ros-one-jsk-network-tools'][0m[0m
  [36mjsk_topic_tools      [35m=> [36m['ros-one-jsk-topic-tools'][0m[0m
  [36mrosbag               [35m=> [36m['ros-one-rosbag'][0m[0m
  [36mrosemacs             [35m=> [36m['ros-one-rosemacs'][0m[0m
[35mBuild and Build Tool Dependencies:[0m[0m
  [22m[4mrosdep key           => bookworm key[0m[0m
  [36mgit                  [35m=> [36m['git'][0m[0m
  [36mrosgraph_msgs        [35m=> [36m['ros-one-rosgraph-msgs'][0m[0m
  [36mcatkin               [35m=> [36m['catkin', 'libgtest-dev', 'libgmock-dev'][0m[0m
[1m[34m==>[0m Placing templates files in the 'debian' folder.[0m[0m
[1m[34m==>[0m In place processing templates in 'debian' folder.[0m[0m
Expanding 'debian/rules.em' -> 'debian/rules'[0m
Expanding 'debian/compat.em' -> 'debian/compat'[0m
Expanding 'debian/changelog.em' -> 'debian/changelog'[0m
Expanding 'debian/control.em' -> 'debian/control'[0m
Expanding 'debian/copyright.em' -> 'debian/copyright'[0m
Expanding 'debian/source/options.em' -> 'debian/source/options'[0m
Expanding 'debian/source/format.em' -> 'debian/source/format'[0m
