ROS Distro index file associate with commit 'ce4812381dcaf695dca2f3196b4ea59b065e2d90'[0m
New ROS Distro index url: 'https://raw.githubusercontent.com/ros/rosdistro/ce4812381dcaf695dca2f3196b4ea59b065e2d90/index-v4.yaml'[0m
[1m[32m==> [0m[0mGenerating debs for [36mdebian:sid[0m for package(s) ['jsk_3rdparty'][0m[0m
[33mNo historical releaser history, using current maintainer name and email for each versioned changelog entry.[0m
Package 'jsk-3rdparty' has dependencies:[0m
[35mRun Dependencies:[0m[0m
  [22m[4mrosdep key           => sid key[0m[0m
  [36mbayesian_belief_networks [35m=> [36m['ros-one-bayesian-belief-networks'][0m[0m
  [36mchaplus_ros          [35m=> [36m['ros-one-chaplus-ros'][0m[0m
  [36mdialogflow_task_executive [35m=> [36m['ros-one-dialogflow-task-executive'][0m[0m
  [36memotion_analyzer     [35m=> [36m['ros-one-emotion-analyzer'][0m[0m
  [36mgdrive_ros           [35m=> [36m['ros-one-gdrive-ros'][0m[0m
  [36mgoogle_chat_ros      [35m=> [36m['ros-one-google-chat-ros'][0m[0m
  [36minfluxdb_store       [35m=> [36m['ros-one-influxdb-store'][0m[0m
  [36mjulius_ros           [35m=> [36m['ros-one-julius-ros'][0m[0m
  [36mnfc_ros              [35m=> [36m['ros-one-nfc-ros'][0m[0m
  [36mopt_camera           [35m=> [36m['ros-one-opt-camera'][0m[0m
  [36mpgm_learner          [35m=> [36m['ros-one-pgm-learner'][0m[0m
  [36mrespeaker_ros        [35m=> [36m['ros-one-respeaker-ros'][0m[0m
  [36mros_google_cloud_language [35m=> [36m['ros-one-ros-google-cloud-language'][0m[0m
  [36mros_speech_recognition [35m=> [36m['ros-one-ros-speech-recognition'][0m[0m
  [36mrospatlite           [35m=> [36m['ros-one-rospatlite'][0m[0m
  [36mrosping              [35m=> [36m['ros-one-rosping'][0m[0m
  [36mrostwitter           [35m=> [36m['ros-one-rostwitter'][0m[0m
  [36msesame_ros           [35m=> [36m['ros-one-sesame-ros'][0m[0m
  [36mswitchbot_ros        [35m=> [36m['ros-one-switchbot-ros'][0m[0m
  [36mwebrtcvad_ros        [35m=> [36m['ros-one-webrtcvad-ros'][0m[0m
  [36mzdepth_image_transport [35m=> [36m['ros-one-zdepth-image-transport'][0m[0m
  [36maques_talk           [35m=> [36m['ros-one-aques-talk'][0m[0m
  [36massimp_devel         [35m=> [36m['ros-one-assimp-devel'][0m[0m
  [36mdownward             [35m=> [36m['ros-one-downward'][0m[0m
  [36mff                   [35m=> [36m['ros-one-ff'][0m[0m
  [36mffha                 [35m=> [36m['ros-one-ffha'][0m[0m
  [36mgoogle_cloud_texttospeech [35m=> [36m['ros-one-google-cloud-texttospeech'][0m[0m
  [36mjulius               [35m=> [36m['ros-one-julius'][0m[0m
  [36mlibcmt               [35m=> [36m['ros-one-libcmt'][0m[0m
  [36mlibsiftfast          [35m=> [36m['ros-one-libsiftfast'][0m[0m
  [36mlpg_planner          [35m=> [36m['ros-one-lpg-planner'][0m[0m
  [36mmini_maxwell         [35m=> [36m['ros-one-mini-maxwell'][0m[0m
  [36mnlopt                [35m=> [36m['ros-one-nlopt'][0m[0m
  [36mosqp                 [35m=> [36m['ros-one-osqp'][0m[0m
  [36mvoice_text           [35m=> [36m['ros-one-voice-text'][0m[0m
  [36mvoicevox             [35m=> [36m['ros-one-voicevox'][0m[0m
  [36mzdepth               [35m=> [36m['ros-one-zdepth'][0m[0m
  [36mlaser_filters_jsk_patch [35m=> [36m['ros-one-laser-filters-jsk-patch'][0m[0m
[35mBuild and Build Tool Dependencies:[0m[0m
  [22m[4mrosdep key           => sid key[0m[0m
  [36mcatkin               [35m=> [36m['catkin', 'libgtest-dev', 'libgmock-dev'][0m[0m
[1m[34m==>[0m Placing templates files in the 'debian' folder.[0m[0m
[1m[34m==>[0m In place processing templates in 'debian' folder.[0m[0m
Expanding 'debian/rules.em' -> 'debian/rules'[0m
Expanding 'debian/copyright.em' -> 'debian/copyright'[0m
Expanding 'debian/compat.em' -> 'debian/compat'[0m
Expanding 'debian/changelog.em' -> 'debian/changelog'[0m
Expanding 'debian/source/options.em' -> 'debian/source/options'[0m
Expanding 'debian/source/format.em' -> 'debian/source/format'[0m
Expanding 'debian/control.em' -> 'debian/control'[0m
