<string>:76: (WARNING/2) Bullet list ends without a blank line; unexpected unindent.
<string>:202: (ERROR/3) Unexpected indentation.
<string>:204: (WARNING/2) Block quote ends without a blank line; unexpected unindent.
<string>:204: (WARNING/2) Inline literal start-string without end-string.
<string>:204: (WARNING/2) Inline interpreted text or phrase reference start-string without end-string.
<string>:207: (WARNING/2) Bullet list ends without a blank line; unexpected unindent.
<string>:243: (ERROR/3) Unexpected indentation.
<string>:243: (WARNING/2) Inline literal start-string without end-string.
<string>:243: (WARNING/2) Inline interpreted text or phrase reference start-string without end-string.
<string>:247: (WARNING/2) Inline literal start-string without end-string.
<string>:256: (ERROR/3) Unexpected indentation.
<string>:279: (ERROR/3) Unexpected indentation.
<string>:302: (ERROR/3) Unexpected indentation.
<string>:304: (WARNING/2) Block quote ends without a blank line; unexpected unindent.
<string>:327: (ERROR/3) Unexpected indentation.
<string>:383: (WARNING/2) Inline emphasis start-string without end-string.
<string>:499: (WARNING/2) Inline emphasis start-string without end-string.
ROS Distro index file associate with commit 'c8060c60d888de2987192c50cdc077b94eb8a7a5'[0m
New ROS Distro index url: 'https://raw.githubusercontent.com/ros/rosdistro/c8060c60d888de2987192c50cdc077b94eb8a7a5/index-v4.yaml'[0m
[1m[32m==> [0m[0mGenerating debs for [36mdebian:bookworm[0m for package(s) ['jsk_topic_tools'][0m[0m
[33mNo historical releaser history, using current maintainer name and email for each versioned changelog entry.[0m
Package 'jsk-topic-tools' has dependencies:[0m
[35mRun Dependencies:[0m[0m
  [22m[4mrosdep key           => bookworm key[0m[0m
  [36mdiagnostic_aggregator [35m=> [36m['ros-one-diagnostic-aggregator'][0m[0m
  [36mdiagnostic_msgs      [35m=> [36m['ros-one-diagnostic-msgs'][0m[0m
  [36mdiagnostic_updater   [35m=> [36m['ros-one-diagnostic-updater'][0m[0m
  [36mdynamic_reconfigure  [35m=> [36m['ros-one-dynamic-reconfigure'][0m[0m
  [36mdynamic_tf_publisher [35m=> [36m['ros-one-dynamic-tf-publisher'][0m[0m
  [36meigen_conversions    [35m=> [36m['ros-one-eigen-conversions'][0m[0m
  [36mgeometry_msgs        [35m=> [36m['ros-one-geometry-msgs'][0m[0m
  [36mimage_transport      [35m=> [36m['ros-one-image-transport'][0m[0m
  [36miputils-ping         [35m=> [36m['iputils-ping'][0m[0m
  [36mmessage_runtime      [35m=> [36m['ros-one-message-runtime'][0m[0m
  [36mnodelet              [35m=> [36m['ros-one-nodelet'][0m[0m
  [36mpython3-opencv       [35m=> [36m['python3-opencv'][0m[0m
  [36mpython3-numpy        [35m=> [36m['python3-numpy'][0m[0m
  [36mpython3-scipy        [35m=> [36m['python3-scipy'][0m[0m
  [36mroscpp               [35m=> [36m['ros-one-roscpp'][0m[0m
  [36mroslaunch            [35m=> [36m['ros-one-roslaunch'][0m[0m
  [36mrosnode              [35m=> [36m['ros-one-rosnode'][0m[0m
  [36mrostime              [35m=> [36m['ros-one-rostime'][0m[0m
  [36mrostopic             [35m=> [36m['ros-one-rostopic'][0m[0m
  [36msound_play           [35m=> [36m['ros-one-sound-play'][0m[0m
  [36msensor_msgs          [35m=> [36m['ros-one-sensor-msgs'][0m[0m
  [36mstd_msgs             [35m=> [36m['ros-one-std-msgs'][0m[0m
  [36mstd_srvs             [35m=> [36m['ros-one-std-srvs'][0m[0m
  [36mtf                   [35m=> [36m['ros-one-tf'][0m[0m
  [36mtopic_tools          [35m=> [36m['ros-one-topic-tools'][0m[0m
[35mBuild and Build Tool Dependencies:[0m[0m
  [22m[4mrosdep key           => bookworm key[0m[0m
  [36mdiagnostic_msgs      [35m=> [36m['ros-one-diagnostic-msgs'][0m[0m
  [36mdiagnostic_updater   [35m=> [36m['ros-one-diagnostic-updater'][0m[0m
  [36mdynamic_reconfigure  [35m=> [36m['ros-one-dynamic-reconfigure'][0m[0m
  [36mdynamic_tf_publisher [35m=> [36m['ros-one-dynamic-tf-publisher'][0m[0m
  [36meigen_conversions    [35m=> [36m['ros-one-eigen-conversions'][0m[0m
  [36mgeometry_msgs        [35m=> [36m['ros-one-geometry-msgs'][0m[0m
  [36mimage_transport      [35m=> [36m['ros-one-image-transport'][0m[0m
  [36mmessage_generation   [35m=> [36m['ros-one-message-generation'][0m[0m
  [36mnodelet              [35m=> [36m['ros-one-nodelet'][0m[0m
  [36mroscpp               [35m=> [36m['ros-one-roscpp'][0m[0m
  [36mroslaunch            [35m=> [36m['ros-one-roslaunch'][0m[0m
  [36mrosnode              [35m=> [36m['ros-one-rosnode'][0m[0m
  [36mrostest              [35m=> [36m['ros-one-rostest'][0m[0m
  [36mrostime              [35m=> [36m['ros-one-rostime'][0m[0m
  [36mrostopic             [35m=> [36m['ros-one-rostopic'][0m[0m
  [36mstd_msgs             [35m=> [36m['ros-one-std-msgs'][0m[0m
  [36mstd_srvs             [35m=> [36m['ros-one-std-srvs'][0m[0m
  [36mtf                   [35m=> [36m['ros-one-tf'][0m[0m
  [36mtopic_tools          [35m=> [36m['ros-one-topic-tools'][0m[0m
  [36mcatkin               [35m=> [36m['catkin', 'libgtest-dev', 'libgmock-dev'][0m[0m
[1m[34m==>[0m Placing templates files in the 'debian' folder.[0m[0m
[1m[34m==>[0m In place processing templates in 'debian' folder.[0m[0m
Expanding 'debian/rules.em' -> 'debian/rules'[0m
Expanding 'debian/compat.em' -> 'debian/compat'[0m
Expanding 'debian/changelog.em' -> 'debian/changelog'[0m
Expanding 'debian/control.em' -> 'debian/control'[0m
Expanding 'debian/copyright.em' -> 'debian/copyright'[0m
Expanding 'debian/source/options.em' -> 'debian/source/options'[0m
Expanding 'debian/source/format.em' -> 'debian/source/format'[0m
