<string>:98: (ERROR/3) Unexpected indentation.
<string>:99: (WARNING/2) Block quote ends without a blank line; unexpected unindent.
<string>:115: (ERROR/3) Unknown target name: "frame_id".
<string>:115: (ERROR/3) Unknown target name: "frame_id".
ROS Distro index file associate with commit '123e71dfdbe93215bc84db910304320a8556a3de'[0m
New ROS Distro index url: 'https://raw.githubusercontent.com/ros/rosdistro/123e71dfdbe93215bc84db910304320a8556a3de/index-v4.yaml'[0m
[1m[32m==> [0m[0mGenerating debs for [36mdebian:trixie[0m for package(s) ['jsk_interactive_marker'][0m[0m
[33mNo historical releaser history, using current maintainer name and email for each versioned changelog entry.[0m
Package 'jsk-interactive-marker' has dependencies:[0m
[35mRun Dependencies:[0m[0m
  [22m[4mrosdep key           => trixie key[0m[0m
  [36mmessage_runtime      [35m=> [36m['ros-one-message-runtime'][0m[0m
  [36mroseus               [35m=> [36m['ros-one-roseus'][0m[0m
  [36mtinyxml              [35m=> [36m['libtinyxml-dev'][0m[0m
  [36mgeometry_msgs        [35m=> [36m['ros-one-geometry-msgs'][0m[0m
  [36mvisualization_msgs   [35m=> [36m['ros-one-visualization-msgs'][0m[0m
  [36msensor_msgs          [35m=> [36m['ros-one-sensor-msgs'][0m[0m
  [36mdynamic_tf_publisher [35m=> [36m['ros-one-dynamic-tf-publisher'][0m[0m
  [36mdynamic_reconfigure  [35m=> [36m['ros-one-dynamic-reconfigure'][0m[0m
  [36minteractive_markers  [35m=> [36m['ros-one-interactive-markers'][0m[0m
  [36murdf                 [35m=> [36m['ros-one-urdf'][0m[0m
  [36mtf                   [35m=> [36m['ros-one-tf'][0m[0m
  [36mjsk_footstep_msgs    [35m=> [36m['ros-one-jsk-footstep-msgs'][0m[0m
  [36mactionlib            [35m=> [36m['ros-one-actionlib'][0m[0m
  [36meigen_conversions    [35m=> [36m['ros-one-eigen-conversions'][0m[0m
  [36mtf_conversions       [35m=> [36m['ros-one-tf-conversions'][0m[0m
  [36mroscpp               [35m=> [36m['ros-one-roscpp'][0m[0m
  [36mroslib               [35m=> [36m['ros-one-roslib'][0m[0m
  [36mmessage_filters      [35m=> [36m['ros-one-message-filters'][0m[0m
  [36mjsk_rviz_plugins     [35m=> [36m['ros-one-jsk-rviz-plugins'][0m[0m
  [36mjsk_topic_tools      [35m=> [36m['ros-one-jsk-topic-tools'][0m[0m
  [36mjsk_recognition_msgs [35m=> [36m['ros-one-jsk-recognition-msgs'][0m[0m
  [36mjsk_recognition_utils [35m=> [36m['ros-one-jsk-recognition-utils'][0m[0m
  [36myaml-cpp             [35m=> [36m['libyaml-cpp-dev'][0m[0m
  [36mmoveit_msgs          [35m=> [36m['ros-one-moveit-msgs'][0m[0m
  [36mrviz                 [35m=> [36m['ros-one-rviz'][0m[0m
[35mBuild and Build Tool Dependencies:[0m[0m
  [22m[4mrosdep key           => trixie key[0m[0m
  [36mmk                   [35m=> [36m['ros-one-mk'][0m[0m
  [36mrosbuild             [35m=> [36m['ros-one-rosbuild'][0m[0m
  [36mroseus               [35m=> [36m['ros-one-roseus'][0m[0m
  [36mvisualization_msgs   [35m=> [36m['ros-one-visualization-msgs'][0m[0m
  [36mgeometry_msgs        [35m=> [36m['ros-one-geometry-msgs'][0m[0m
  [36msensor_msgs          [35m=> [36m['ros-one-sensor-msgs'][0m[0m
  [36mdynamic_tf_publisher [35m=> [36m['ros-one-dynamic-tf-publisher'][0m[0m
  [36mdynamic_reconfigure  [35m=> [36m['ros-one-dynamic-reconfigure'][0m[0m
  [36minteractive_markers  [35m=> [36m['ros-one-interactive-markers'][0m[0m
  [36murdf                 [35m=> [36m['ros-one-urdf'][0m[0m
  [36mtf                   [35m=> [36m['ros-one-tf'][0m[0m
  [36mjsk_footstep_msgs    [35m=> [36m['ros-one-jsk-footstep-msgs'][0m[0m
  [36mactionlib            [35m=> [36m['ros-one-actionlib'][0m[0m
  [36meigen_conversions    [35m=> [36m['ros-one-eigen-conversions'][0m[0m
  [36mtf_conversions       [35m=> [36m['ros-one-tf-conversions'][0m[0m
  [36mtinyxml              [35m=> [36m['libtinyxml-dev'][0m[0m
  [36mcmake_modules        [35m=> [36m['ros-one-cmake-modules'][0m[0m
  [36mroscpp               [35m=> [36m['ros-one-roscpp'][0m[0m
  [36mroslib               [35m=> [36m['ros-one-roslib'][0m[0m
  [36mmessage_filters      [35m=> [36m['ros-one-message-filters'][0m[0m
  [36mmessage_generation   [35m=> [36m['ros-one-message-generation'][0m[0m
  [36mjsk_rviz_plugins     [35m=> [36m['ros-one-jsk-rviz-plugins'][0m[0m
  [36mmoveit_msgs          [35m=> [36m['ros-one-moveit-msgs'][0m[0m
  [36mjsk_recognition_msgs [35m=> [36m['ros-one-jsk-recognition-msgs'][0m[0m
  [36mjsk_recognition_utils [35m=> [36m['ros-one-jsk-recognition-utils'][0m[0m
  [36mjsk_topic_tools      [35m=> [36m['ros-one-jsk-topic-tools'][0m[0m
  [36myaml-cpp             [35m=> [36m['libyaml-cpp-dev'][0m[0m
  [36mrviz                 [35m=> [36m['ros-one-rviz'][0m[0m
  [36mcatkin               [35m=> [36m['catkin', 'libgtest-dev', 'libgmock-dev'][0m[0m
[1m[34m==>[0m Placing templates files in the 'debian' folder.[0m[0m
[1m[34m==>[0m In place processing templates in 'debian' folder.[0m[0m
Expanding 'debian/source/options.em' -> 'debian/source/options'[0m
Expanding 'debian/source/format.em' -> 'debian/source/format'[0m
Expanding 'debian/changelog.em' -> 'debian/changelog'[0m
Expanding 'debian/control.em' -> 'debian/control'[0m
Expanding 'debian/rules.em' -> 'debian/rules'[0m
Expanding 'debian/copyright.em' -> 'debian/copyright'[0m
Expanding 'debian/compat.em' -> 'debian/compat'[0m
