ROS Distro index file associate with commit '0d4ad65453994e1ae9f9fd9d504823d00b7b50c8'[0m
New ROS Distro index url: 'https://raw.githubusercontent.com/ros/rosdistro/0d4ad65453994e1ae9f9fd9d504823d00b7b50c8/index-v4.yaml'[0m
[1m[32m==> [0m[0mGenerating debs for [36mubuntu:jammy[0m for package(s) ['jsk_common'][0m[0m
[33mNo historical releaser history, using current maintainer name and email for each versioned changelog entry.[0m
Package 'jsk-common' has dependencies:[0m
[35mRun Dependencies:[0m[0m
  [22m[4mrosdep key           => jammy key[0m[0m
  [36maudio_video_recorder [35m=> [36m['ros-one-audio-video-recorder'][0m[0m
  [36mdynamic_tf_publisher [35m=> [36m['ros-one-dynamic-tf-publisher'][0m[0m
  [36mimage_view2          [35m=> [36m['ros-one-image-view2'][0m[0m
  [36mjsk_topic_tools      [35m=> [36m['ros-one-jsk-topic-tools'][0m[0m
  [36mjsk_tools            [35m=> [36m['ros-one-jsk-tools'][0m[0m
  [36mmulti_map_server     [35m=> [36m['ros-one-multi-map-server'][0m[0m
  [36mvirtual_force_publisher [35m=> [36m['ros-one-virtual-force-publisher'][0m[0m
  [36mjsk_network_tools    [35m=> [36m['ros-one-jsk-network-tools'][0m[0m
  [36mjsk_tilt_laser       [35m=> [36m['ros-one-jsk-tilt-laser'][0m[0m
[35mBuild and Build Tool Dependencies:[0m[0m
  [22m[4mrosdep key           => jammy key[0m[0m
  [36mcatkin               [35m=> [36m['catkin', 'libgtest-dev', 'libgmock-dev'][0m[0m
[1m[34m==>[0m Placing templates files in the 'debian' folder.[0m[0m
[1m[34m==>[0m In place processing templates in 'debian' folder.[0m[0m
Expanding 'debian/copyright.em' -> 'debian/copyright'[0m
Expanding 'debian/changelog.em' -> 'debian/changelog'[0m
Expanding 'debian/control.em' -> 'debian/control'[0m
Expanding 'debian/compat.em' -> 'debian/compat'[0m
Expanding 'debian/rules.em' -> 'debian/rules'[0m
Expanding 'debian/source/format.em' -> 'debian/source/format'[0m
Expanding 'debian/source/options.em' -> 'debian/source/options'[0m
