<string>:93: (WARNING/2) Bullet list ends without a blank line; unexpected unindent.
<string>:122: (WARNING/2) Inline literal start-string without end-string.
<string>:122: (WARNING/2) Inline interpreted text or phrase reference start-string without end-string.
<string>:111: (WARNING/2) Bullet list ends without a blank line; unexpected unindent.
<string>:124: (WARNING/2) Definition list ends without a blank line; unexpected unindent.
<string>:124: (WARNING/2) Inline literal start-string without end-string.
<string>:124: (WARNING/2) Inline interpreted text or phrase reference start-string without end-string.
<string>:200: (WARNING/2) Bullet list ends without a blank line; unexpected unindent.
<string>:200: (WARNING/2) Inline literal start-string without end-string.
<string>:600: (ERROR/3) Unexpected indentation.
<string>:636: (ERROR/3) Unexpected indentation.
<string>:638: (WARNING/2) Block quote ends without a blank line; unexpected unindent.
<string>:653: (ERROR/3) Unexpected indentation.
<string>:694: (ERROR/3) Unexpected indentation.
<string>:695: (WARNING/2) Block quote ends without a blank line; unexpected unindent.
<string>:847: (WARNING/2) Bullet list ends without a blank line; unexpected unindent.
<string>:848: (WARNING/2) Bullet list ends without a blank line; unexpected unindent.
<string>:853: (WARNING/2) Block quote ends without a blank line; unexpected unindent.
<string>:859: (ERROR/3) Unexpected indentation.
<string>:863: (WARNING/2) Block quote ends without a blank line; unexpected unindent.
<string>:886: (ERROR/3) Unexpected indentation.
<string>:891: (WARNING/2) Block quote ends without a blank line; unexpected unindent.
<string>:905: (ERROR/3) Unexpected indentation.
<string>:906: (WARNING/2) Block quote ends without a blank line; unexpected unindent.
<string>:3: (WARNING/2) Duplicate explicit target name: "#1943".
<string>:1050: (ERROR/3) Unexpected indentation.
<string>:1051: (WARNING/2) Block quote ends without a blank line; unexpected unindent.
ROS Distro index file associate with commit '6ecda2ab6fbf40b6d67a804e762ec4e4e5aaf56e'[0m
New ROS Distro index url: 'https://raw.githubusercontent.com/ros/rosdistro/6ecda2ab6fbf40b6d67a804e762ec4e4e5aaf56e/index-v4.yaml'[0m
[1m[32m==> [0m[0mGenerating debs for [36mdebian:sid[0m for package(s) ['jsk_perception'][0m[0m
[33mNo historical releaser history, using current maintainer name and email for each versioned changelog entry.[0m
Package 'jsk-perception' has dependencies:[0m
[35mRun Dependencies:[0m[0m
  [22m[4mrosdep key           => sid key[0m[0m
  [36mangles               [35m=> [36m['ros-one-angles'][0m[0m
  [36mcheckerboard_detector [35m=> [36m['ros-one-checkerboard-detector'][0m[0m
  [36mcv_bridge            [35m=> [36m['ros-one-cv-bridge'][0m[0m
  [36mdynamic_reconfigure  [35m=> [36m['ros-one-dynamic-reconfigure'][0m[0m
  [36meigen                [35m=> [36m['libeigen3-dev'][0m[0m
  [36mfetch_description    [35m=> [36m['ros-one-fetch-description'][0m[0m
  [36mgeometry_msgs        [35m=> [36m['ros-one-geometry-msgs'][0m[0m
  [36mimage_geometry       [35m=> [36m['ros-one-image-geometry'][0m[0m
  [36mimage_transport      [35m=> [36m['ros-one-image-transport'][0m[0m
  [36mimage_view           [35m=> [36m['ros-one-image-view'][0m[0m
  [36mimage_view2          [35m=> [36m['ros-one-image-view2'][0m[0m
  [36mimagesift            [35m=> [36m['ros-one-imagesift'][0m[0m
  [36mjsk_data             [35m=> [36m['ros-one-jsk-data'][0m[0m
  [36mjsk_gui_msgs         [35m=> [36m['ros-one-jsk-gui-msgs'][0m[0m
  [36mjsk_recognition_msgs [35m=> [36m['ros-one-jsk-recognition-msgs'][0m[0m
  [36mjsk_recognition_utils [35m=> [36m['ros-one-jsk-recognition-utils'][0m[0m
  [36mjsk_rqt_plugins      [35m=> [36m['ros-one-jsk-rqt-plugins'][0m[0m
  [36mjsk_topic_tools      [35m=> [36m['ros-one-jsk-topic-tools'][0m[0m
  [36mlibcmt               [35m=> [36m['ros-one-libcmt'][0m[0m
  [36mlibuvc_camera        [35m=> [36m['ros-one-libuvc-camera'][0m[0m
  [36mmessage_runtime      [35m=> [36m['ros-one-message-runtime'][0m[0m
  [36mmk                   [35m=> [36m['ros-one-mk'][0m[0m
  [36mml_classifiers       [35m=> [36m['ros-one-ml-classifiers'][0m[0m
  [36mnodelet              [35m=> [36m['ros-one-nodelet'][0m[0m
  [36mopencv_apps          [35m=> [36m['ros-one-opencv-apps'][0m[0m
  [36mopenni2_launch       [35m=> [36m['ros-one-openni2-launch'][0m[0m
  [36mpcl_ros              [35m=> [36m['ros-one-pcl-ros'][0m[0m
  [36mposedetection_msgs   [35m=> [36m['ros-one-posedetection-msgs'][0m[0m
  [36mpython3-boto3        [35m=> [36m['python3-boto3'][0m[0m
  [36mpython3-h5py         [35m=> [36m['python3-h5py'][0m[0m
  [36mpython-chainer-pip   [35m=> [36m[][0m[0m
  [36mpython-dlib          [35m=> [36m['dlib'][0m[0m
  [36mleveldb              [35m=> [36m['libleveldb-dev'][0m[0m
  [36mpython-fcn-pip       [35m=> [36m[][0m[0m
  [36mpython-pytesseract-pip [35m=> [36m['pytesseract'][0m[0m
  [36mpython3-requests     [35m=> [36m['python3-requests'][0m[0m
  [36mpython3-sklearn      [35m=> [36m['python3-sklearn'][0m[0m
  [36mpython3-yaml         [35m=> [36m['python3-yaml'][0m[0m
  [36mrosbag               [35m=> [36m['ros-one-rosbag'][0m[0m
  [36mroscpp               [35m=> [36m['ros-one-roscpp'][0m[0m
  [36mroseus               [35m=> [36m['ros-one-roseus'][0m[0m
  [36mrospack              [35m=> [36m['ros-one-rospack'][0m[0m
  [36mrospy                [35m=> [36m['ros-one-rospy'][0m[0m
  [36mrostopic             [35m=> [36m['ros-one-rostopic'][0m[0m
  [36mrqt_gui              [35m=> [36m['ros-one-rqt-gui'][0m[0m
  [36mrviz                 [35m=> [36m['ros-one-rviz'][0m[0m
  [36msensor_msgs          [35m=> [36m['ros-one-sensor-msgs'][0m[0m
  [36msound_play           [35m=> [36m['ros-one-sound-play'][0m[0m
  [36mstd_msgs             [35m=> [36m['ros-one-std-msgs'][0m[0m
  [36mtesseract-ocr        [35m=> [36m['tesseract-ocr'][0m[0m
  [36mtesseract-ocr-jpn    [35m=> [36m['tesseract-ocr-jpn'][0m[0m
  [36mtf                   [35m=> [36m['ros-one-tf'][0m[0m
  [36mtf2_geometry_msgs    [35m=> [36m['ros-one-tf2-geometry-msgs'][0m[0m
  [36mtopic_tools          [35m=> [36m['ros-one-topic-tools'][0m[0m
  [36mrobot_self_filter    [35m=> [36m['ros-one-robot-self-filter'][0m[0m
  [36myaml-cpp             [35m=> [36m['libyaml-cpp-dev'][0m[0m
[35mBuild and Build Tool Dependencies:[0m[0m
  [22m[4mrosdep key           => sid key[0m[0m
  [36mangles               [35m=> [36m['ros-one-angles'][0m[0m
  [36mcmake_modules        [35m=> [36m['ros-one-cmake-modules'][0m[0m
  [36mcv_bridge            [35m=> [36m['ros-one-cv-bridge'][0m[0m
  [36mdynamic_reconfigure  [35m=> [36m['ros-one-dynamic-reconfigure'][0m[0m
  [36meigen                [35m=> [36m['libeigen3-dev'][0m[0m
  [36mgeometry_msgs        [35m=> [36m['ros-one-geometry-msgs'][0m[0m
  [36mgit                  [35m=> [36m['git'][0m[0m
  [36mimage_geometry       [35m=> [36m['ros-one-image-geometry'][0m[0m
  [36mimage_transport      [35m=> [36m['ros-one-image-transport'][0m[0m
  [36mimage_view2          [35m=> [36m['ros-one-image-view2'][0m[0m
  [36mjsk_data             [35m=> [36m['ros-one-jsk-data'][0m[0m
  [36mjsk_recognition_msgs [35m=> [36m['ros-one-jsk-recognition-msgs'][0m[0m
  [36mjsk_recognition_utils [35m=> [36m['ros-one-jsk-recognition-utils'][0m[0m
  [36mjsk_topic_tools      [35m=> [36m['ros-one-jsk-topic-tools'][0m[0m
  [36mlibcmt               [35m=> [36m['ros-one-libcmt'][0m[0m
  [36mlibuvc_camera        [35m=> [36m['ros-one-libuvc-camera'][0m[0m
  [36mmessage_generation   [35m=> [36m['ros-one-message-generation'][0m[0m
  [36mmk                   [35m=> [36m['ros-one-mk'][0m[0m
  [36mnodelet              [35m=> [36m['ros-one-nodelet'][0m[0m
  [36mopencv_apps          [35m=> [36m['ros-one-opencv-apps'][0m[0m
  [36mpcl_ros              [35m=> [36m['ros-one-pcl-ros'][0m[0m
  [36mposedetection_msgs   [35m=> [36m['ros-one-posedetection-msgs'][0m[0m
  [36mroscpp               [35m=> [36m['ros-one-roscpp'][0m[0m
  [36mroseus               [35m=> [36m['ros-one-roseus'][0m[0m
  [36mrospack              [35m=> [36m['ros-one-rospack'][0m[0m
  [36mros_environment      [35m=> [36m['ros-one-ros-environment'][0m[0m
  [36msensor_msgs          [35m=> [36m['ros-one-sensor-msgs'][0m[0m
  [36mstd_msgs             [35m=> [36m['ros-one-std-msgs'][0m[0m
  [36mtf                   [35m=> [36m['ros-one-tf'][0m[0m
  [36mrobot_self_filter    [35m=> [36m['ros-one-robot-self-filter'][0m[0m
  [36myaml-cpp             [35m=> [36m['libyaml-cpp-dev'][0m[0m
  [36mcatkin               [35m=> [36m['catkin', 'libgtest-dev', 'libgmock-dev'][0m[0m
[1m[34m==>[0m Placing templates files in the 'debian' folder.[0m[0m
[1m[34m==>[0m In place processing templates in 'debian' folder.[0m[0m
Expanding 'debian/rules.em' -> 'debian/rules'[0m
Expanding 'debian/copyright.em' -> 'debian/copyright'[0m
Expanding 'debian/compat.em' -> 'debian/compat'[0m
Expanding 'debian/changelog.em' -> 'debian/changelog'[0m
Expanding 'debian/source/options.em' -> 'debian/source/options'[0m
Expanding 'debian/source/format.em' -> 'debian/source/format'[0m
Expanding 'debian/control.em' -> 'debian/control'[0m
