<string>:144: (ERROR/3) Unexpected indentation.
ROS Distro index file associate with commit 'c8060c60d888de2987192c50cdc077b94eb8a7a5'[0m
New ROS Distro index url: 'https://raw.githubusercontent.com/ros/rosdistro/c8060c60d888de2987192c50cdc077b94eb8a7a5/index-v4.yaml'[0m
[1m[32m==> [0m[0mGenerating debs for [36mubuntu:jammy[0m for package(s) ['julius_ros'][0m[0m
[33mNo homepage set, defaulting to ''[0m
[33mNo historical releaser history, using current maintainer name and email for each versioned changelog entry.[0m
Package 'julius-ros' has dependencies:[0m
[35mRun Dependencies:[0m[0m
  [22m[4mrosdep key           => jammy key[0m[0m
  [36maudio_capture        [35m=> [36m['ros-one-audio-capture'][0m[0m
  [36maudio_common_msgs    [35m=> [36m['ros-one-audio-common-msgs'][0m[0m
  [36mjulius               [35m=> [36m['ros-one-julius'][0m[0m
  [36mjulius-voxforge      [35m=> [36m['julius-voxforge'][0m[0m
  [36mnkf                  [35m=> [36m['nkf'][0m[0m
  [36mpython3-lxml         [35m=> [36m['python3-lxml'][0m[0m
  [36mpython3-rospkg       [35m=> [36m['python3-rospkg'][0m[0m
  [36mrospy                [35m=> [36m['ros-one-rospy'][0m[0m
  [36msound_play           [35m=> [36m['ros-one-sound-play'][0m[0m
  [36msound-theme-freedesktop [35m=> [36m['sound-theme-freedesktop'][0m[0m
  [36mspeech_recognition_msgs [35m=> [36m['ros-one-speech-recognition-msgs'][0m[0m
  [36mstd_srvs             [35m=> [36m['ros-one-std-srvs'][0m[0m
[35mBuild and Build Tool Dependencies:[0m[0m
  [22m[4mrosdep key           => jammy key[0m[0m
  [36mcatkin               [35m=> [36m['catkin', 'libgtest-dev', 'libgmock-dev'][0m[0m
[1m[34m==>[0m Placing templates files in the 'debian' folder.[0m[0m
[1m[34m==>[0m In place processing templates in 'debian' folder.[0m[0m
Expanding 'debian/rules.em' -> 'debian/rules'[0m
Expanding 'debian/compat.em' -> 'debian/compat'[0m
Expanding 'debian/changelog.em' -> 'debian/changelog'[0m
Expanding 'debian/control.em' -> 'debian/control'[0m
Expanding 'debian/copyright.em' -> 'debian/copyright'[0m
Expanding 'debian/source/options.em' -> 'debian/source/options'[0m
Expanding 'debian/source/format.em' -> 'debian/source/format'[0m
