ROS Distro index file associate with commit 'ce4812381dcaf695dca2f3196b4ea59b065e2d90'[0m
New ROS Distro index url: 'https://raw.githubusercontent.com/ros/rosdistro/ce4812381dcaf695dca2f3196b4ea59b065e2d90/index-v4.yaml'[0m
[1m[32m==> [0m[0mGenerating debs for [36mdebian:sid[0m for package(s) ['laser_geometry'][0m[0m
[33mNo historical releaser history, using current maintainer name and email for each versioned changelog entry.[0m
Package 'laser-geometry' has dependencies:[0m
[35mRun Dependencies:[0m[0m
  [22m[4mrosdep key           => sid key[0m[0m
  [36mpython3-numpy        [35m=> [36m['python3-numpy'][0m[0m
  [36mlibboost-thread      [35m=> [36m[][0m[0m
  [36mangles               [35m=> [36m['ros-one-angles'][0m[0m
  [36mroscpp               [35m=> [36m['ros-one-roscpp'][0m[0m
  [36msensor_msgs          [35m=> [36m['ros-one-sensor-msgs'][0m[0m
  [36mtf                   [35m=> [36m['ros-one-tf'][0m[0m
  [36mtf2                  [35m=> [36m['ros-one-tf2'][0m[0m
  [36meigen                [35m=> [36m['libeigen3-dev'][0m[0m
  [36mlibboost-dev         [35m=> [36m['libboost-dev'][0m[0m
  [36mlibboost-thread-dev  [35m=> [36m['libboost-thread-dev'][0m[0m
  [36mtf2_geometry_msgs    [35m=> [36m['ros-one-tf2-geometry-msgs'][0m[0m
[35mBuild and Build Tool Dependencies:[0m[0m
  [22m[4mrosdep key           => sid key[0m[0m
  [36meigen                [35m=> [36m['libeigen3-dev'][0m[0m
  [36mlibboost-dev         [35m=> [36m['libboost-dev'][0m[0m
  [36mlibboost-thread-dev  [35m=> [36m['libboost-thread-dev'][0m[0m
  [36mtf2_geometry_msgs    [35m=> [36m['ros-one-tf2-geometry-msgs'][0m[0m
  [36mrostest              [35m=> [36m['ros-one-rostest'][0m[0m
  [36mangles               [35m=> [36m['ros-one-angles'][0m[0m
  [36mroscpp               [35m=> [36m['ros-one-roscpp'][0m[0m
  [36msensor_msgs          [35m=> [36m['ros-one-sensor-msgs'][0m[0m
  [36mtf                   [35m=> [36m['ros-one-tf'][0m[0m
  [36mtf2                  [35m=> [36m['ros-one-tf2'][0m[0m
  [36mcatkin               [35m=> [36m['catkin', 'libgtest-dev', 'libgmock-dev'][0m[0m
[1m[34m==>[0m Placing templates files in the 'debian' folder.[0m[0m
[1m[34m==>[0m In place processing templates in 'debian' folder.[0m[0m
Expanding 'debian/rules.em' -> 'debian/rules'[0m
Expanding 'debian/copyright.em' -> 'debian/copyright'[0m
Expanding 'debian/compat.em' -> 'debian/compat'[0m
Expanding 'debian/changelog.em' -> 'debian/changelog'[0m
Expanding 'debian/source/options.em' -> 'debian/source/options'[0m
Expanding 'debian/source/format.em' -> 'debian/source/format'[0m
Expanding 'debian/control.em' -> 'debian/control'[0m
