ROS Distro index file associate with commit '7f2139b4d6bf54f94feca049f1609ab13af67f31'[0m
New ROS Distro index url: 'https://raw.githubusercontent.com/ros/rosdistro/7f2139b4d6bf54f94feca049f1609ab13af67f31/index-v4.yaml'[0m
[1m[32m==> [0m[0mGenerating debs for [36mubuntu:jammy[0m for package(s) ['librealsense2'][0m[0m
[33mNo historical releaser history, using current maintainer name and email for each versioned changelog entry.[0m
[33mNo CHANGELOG.rst found for package 'librealsense2'[0m
Package 'librealsense2' has dependencies:[0m
[35mRun Dependencies:[0m[0m
  [22m[4mrosdep key           => jammy key[0m[0m
  [36mlibx11               [35m=> [36m['libx11-dev'][0m[0m
  [36mlibglfw3-dev         [35m=> [36m['libglfw3-dev'][0m[0m
  [36mopengl               [35m=> [36m['libgl1-mesa-dev', 'libglu1-mesa-dev'][0m[0m
[35mBuild and Build Tool Dependencies:[0m[0m
  [22m[4mrosdep key           => jammy key[0m[0m
  [36mpkg-config           [35m=> [36m['pkg-config'][0m[0m
  [36mlibusb-1.0-dev       [35m=> [36m['libusb-1.0-0-dev'][0m[0m
  [36mlibssl-dev           [35m=> [36m['libssl-dev'][0m[0m
  [36mlibudev-dev          [35m=> [36m['libudev-dev'][0m[0m
  [36mdkms                 [35m=> [36m['dkms'][0m[0m
  [36mgit                  [35m=> [36m['git'][0m[0m
  [36mudev                 [35m=> [36m['udev'][0m[0m
  [36mlibx11               [35m=> [36m['libx11-dev'][0m[0m
  [36mlibglfw3-dev         [35m=> [36m['libglfw3-dev'][0m[0m
  [36mopengl               [35m=> [36m['libgl1-mesa-dev', 'libglu1-mesa-dev'][0m[0m
  [36mcmake                [35m=> [36m['cmake'][0m[0m
[1m[34m==>[0m Placing templates files in the 'debian' folder.[0m[0m
[1m[34m==>[0m In place processing templates in 'debian' folder.[0m[0m
Expanding 'debian/rules.em' -> 'debian/rules'[0m
Expanding 'debian/compat.em' -> 'debian/compat'[0m
Expanding 'debian/changelog.em' -> 'debian/changelog'[0m
Expanding 'debian/control.em' -> 'debian/control'[0m
Expanding 'debian/copyright.em' -> 'debian/copyright'[0m
Expanding 'debian/source/options.em' -> 'debian/source/options'[0m
Expanding 'debian/source/format.em' -> 'debian/source/format'[0m
