ROS Distro index file associate with commit '7f2139b4d6bf54f94feca049f1609ab13af67f31'[0m
New ROS Distro index url: 'https://raw.githubusercontent.com/ros/rosdistro/7f2139b4d6bf54f94feca049f1609ab13af67f31/index-v4.yaml'[0m
[1m[32m==> [0m[0mGenerating debs for [36mubuntu:jammy[0m for package(s) ['moveit_resources'][0m[0m
[33mNo historical releaser history, using current maintainer name and email for each versioned changelog entry.[0m
Package 'moveit-resources' has dependencies:[0m
[35mRun Dependencies:[0m[0m
  [22m[4mrosdep key           => jammy key[0m[0m
  [36mmoveit_resources_fanuc_description [35m=> [36m['ros-one-moveit-resources-fanuc-description'][0m[0m
  [36mmoveit_resources_fanuc_moveit_config [35m=> [36m['ros-one-moveit-resources-fanuc-moveit-config'][0m[0m
  [36mmoveit_resources_panda_description [35m=> [36m['ros-one-moveit-resources-panda-description'][0m[0m
  [36mmoveit_resources_panda_moveit_config [35m=> [36m['ros-one-moveit-resources-panda-moveit-config'][0m[0m
  [36mmoveit_resources_dual_panda_moveit_config [35m=> [36m['ros-one-moveit-resources-dual-panda-moveit-config'][0m[0m
  [36mmoveit_resources_pr2_description [35m=> [36m['ros-one-moveit-resources-pr2-description'][0m[0m
  [36mmoveit_resources_prbt_ikfast_manipulator_plugin [35m=> [36m['ros-one-moveit-resources-prbt-ikfast-manipulator-plugin'][0m[0m
  [36mmoveit_resources_prbt_moveit_config [35m=> [36m['ros-one-moveit-resources-prbt-moveit-config'][0m[0m
  [36mmoveit_resources_prbt_pg70_support [35m=> [36m['ros-one-moveit-resources-prbt-pg70-support'][0m[0m
  [36mmoveit_resources_prbt_support [35m=> [36m['ros-one-moveit-resources-prbt-support'][0m[0m
  [36mjoint_state_publisher [35m=> [36m['ros-one-joint-state-publisher'][0m[0m
  [36mrobot_state_publisher [35m=> [36m['ros-one-robot-state-publisher'][0m[0m
[35mBuild and Build Tool Dependencies:[0m[0m
  [22m[4mrosdep key           => jammy key[0m[0m
  [36mcatkin               [35m=> [36m['catkin', 'libgtest-dev', 'libgmock-dev'][0m[0m
[1m[34m==>[0m Placing templates files in the 'debian' folder.[0m[0m
[1m[34m==>[0m In place processing templates in 'debian' folder.[0m[0m
Expanding 'debian/rules.em' -> 'debian/rules'[0m
Expanding 'debian/compat.em' -> 'debian/compat'[0m
Expanding 'debian/changelog.em' -> 'debian/changelog'[0m
Expanding 'debian/control.em' -> 'debian/control'[0m
Expanding 'debian/copyright.em' -> 'debian/copyright'[0m
Expanding 'debian/source/options.em' -> 'debian/source/options'[0m
Expanding 'debian/source/format.em' -> 'debian/source/format'[0m
