ROS Distro index file associate with commit 'ce4812381dcaf695dca2f3196b4ea59b065e2d90'[0m
New ROS Distro index url: 'https://raw.githubusercontent.com/ros/rosdistro/ce4812381dcaf695dca2f3196b4ea59b065e2d90/index-v4.yaml'[0m
[1m[32m==> [0m[0mGenerating debs for [36mdebian:sid[0m for package(s) ['moveit_kinematics'][0m[0m
[33mNo historical releaser history, using current maintainer name and email for each versioned changelog entry.[0m
Package 'moveit-kinematics' has dependencies:[0m
[35mRun Dependencies:[0m[0m
  [22m[4mrosdep key           => sid key[0m[0m
  [36mliburdfdom-tools     [35m=> [36m['liburdfdom-tools'][0m[0m
  [36mpython3-lxml         [35m=> [36m['python3-lxml'][0m[0m
  [36mpython3-yaml         [35m=> [36m['python3-yaml'][0m[0m
  [36mroscpp               [35m=> [36m['ros-one-roscpp'][0m[0m
  [36mmoveit_core          [35m=> [36m['ros-one-moveit-core'][0m[0m
  [36mpluginlib            [35m=> [36m['ros-one-pluginlib'][0m[0m
  [36meigen                [35m=> [36m['libeigen3-dev'][0m[0m
  [36mtf2                  [35m=> [36m['ros-one-tf2'][0m[0m
  [36mtf2_kdl              [35m=> [36m['ros-one-tf2-kdl'][0m[0m
  [36mliborocos-kdl-dev    [35m=> [36m['liborocos-kdl-dev'][0m[0m
[35mBuild and Build Tool Dependencies:[0m[0m
  [22m[4mrosdep key           => sid key[0m[0m
  [36mroscpp               [35m=> [36m['ros-one-roscpp'][0m[0m
  [36mmoveit_core          [35m=> [36m['ros-one-moveit-core'][0m[0m
  [36mpluginlib            [35m=> [36m['ros-one-pluginlib'][0m[0m
  [36meigen                [35m=> [36m['libeigen3-dev'][0m[0m
  [36mtf2                  [35m=> [36m['ros-one-tf2'][0m[0m
  [36mtf2_kdl              [35m=> [36m['ros-one-tf2-kdl'][0m[0m
  [36mliborocos-kdl-dev    [35m=> [36m['liborocos-kdl-dev'][0m[0m
  [36mcatkin               [35m=> [36m['catkin', 'libgtest-dev', 'libgmock-dev'][0m[0m
[1m[34m==>[0m Placing templates files in the 'debian' folder.[0m[0m
[1m[34m==>[0m In place processing templates in 'debian' folder.[0m[0m
Expanding 'debian/rules.em' -> 'debian/rules'[0m
Expanding 'debian/copyright.em' -> 'debian/copyright'[0m
Expanding 'debian/compat.em' -> 'debian/compat'[0m
Expanding 'debian/changelog.em' -> 'debian/changelog'[0m
Expanding 'debian/source/options.em' -> 'debian/source/options'[0m
Expanding 'debian/source/format.em' -> 'debian/source/format'[0m
Expanding 'debian/control.em' -> 'debian/control'[0m
