ROS Distro index file associate with commit 'a2bcb785e6dc96c6b9abb3d1c1efd42abc08ccde'[0m
New ROS Distro index url: 'https://raw.githubusercontent.com/ros/rosdistro/a2bcb785e6dc96c6b9abb3d1c1efd42abc08ccde/index-v4.yaml'[0m
[1m[32m==> [0m[0mGenerating debs for [36mubuntu:jammy[0m for package(s) ['moveit_setup_assistant'][0m[0m
[33mNo historical releaser history, using current maintainer name and email for each versioned changelog entry.[0m
Package 'moveit-setup-assistant' has dependencies:[0m
[35mRun Dependencies:[0m[0m
  [22m[4mrosdep key           => jammy key[0m[0m
  [36mxacro                [35m=> [36m['ros-one-xacro'][0m[0m
  [36mrviz                 [35m=> [36m['ros-one-rviz'][0m[0m
  [36mmoveit_core          [35m=> [36m['ros-one-moveit-core'][0m[0m
  [36mmoveit_ros_planning  [35m=> [36m['ros-one-moveit-ros-planning'][0m[0m
  [36mmoveit_ros_visualization [35m=> [36m['ros-one-moveit-ros-visualization'][0m[0m
  [36mrosconsole           [35m=> [36m['ros-one-rosconsole'][0m[0m
  [36mroscpp               [35m=> [36m['ros-one-roscpp'][0m[0m
  [36murdf                 [35m=> [36m['ros-one-urdf'][0m[0m
  [36myaml-cpp             [35m=> [36m['libyaml-cpp-dev'][0m[0m
  [36msrdfdom              [35m=> [36m['ros-one-srdfdom'][0m[0m
[35mBuild and Build Tool Dependencies:[0m[0m
  [22m[4mrosdep key           => jammy key[0m[0m
  [36mlibogre-dev          [35m=> [36m['libogre-1.9-dev'][0m[0m
  [36mqtbase5-dev          [35m=> [36m['qtbase5-dev'][0m[0m
  [36mlibqt5-opengl-dev    [35m=> [36m['libqt5opengl5-dev'][0m[0m
  [36mompl                 [35m=> [36m['ros-one-ompl'][0m[0m
  [36mrviz                 [35m=> [36m['ros-one-rviz'][0m[0m
  [36mmoveit_core          [35m=> [36m['ros-one-moveit-core'][0m[0m
  [36mmoveit_ros_planning  [35m=> [36m['ros-one-moveit-ros-planning'][0m[0m
  [36mmoveit_ros_visualization [35m=> [36m['ros-one-moveit-ros-visualization'][0m[0m
  [36mrosconsole           [35m=> [36m['ros-one-rosconsole'][0m[0m
  [36mroscpp               [35m=> [36m['ros-one-roscpp'][0m[0m
  [36murdf                 [35m=> [36m['ros-one-urdf'][0m[0m
  [36myaml-cpp             [35m=> [36m['libyaml-cpp-dev'][0m[0m
  [36msrdfdom              [35m=> [36m['ros-one-srdfdom'][0m[0m
  [36mcatkin               [35m=> [36m['catkin', 'libgtest-dev', 'libgmock-dev'][0m[0m
[1m[34m==>[0m Placing templates files in the 'debian' folder.[0m[0m
[1m[34m==>[0m In place processing templates in 'debian' folder.[0m[0m
Expanding 'debian/rules.em' -> 'debian/rules'[0m
Expanding 'debian/compat.em' -> 'debian/compat'[0m
Expanding 'debian/changelog.em' -> 'debian/changelog'[0m
Expanding 'debian/control.em' -> 'debian/control'[0m
Expanding 'debian/copyright.em' -> 'debian/copyright'[0m
Expanding 'debian/source/options.em' -> 'debian/source/options'[0m
Expanding 'debian/source/format.em' -> 'debian/source/format'[0m
