ROS Distro index file associate with commit 'c8060c60d888de2987192c50cdc077b94eb8a7a5'[0m
New ROS Distro index url: 'https://raw.githubusercontent.com/ros/rosdistro/c8060c60d888de2987192c50cdc077b94eb8a7a5/index-v4.yaml'[0m
[1m[32m==> [0m[0mGenerating debs for [36mdebian:bookworm[0m for package(s) ['moveit_ros_visualization'][0m[0m
[33mNo historical releaser history, using current maintainer name and email for each versioned changelog entry.[0m
Package 'moveit-ros-visualization' has dependencies:[0m
[35mRun Dependencies:[0m[0m
  [22m[4mrosdep key           => bookworm key[0m[0m
  [36mgeometric_shapes     [35m=> [36m['ros-one-geometric-shapes'][0m[0m
  [36minteractive_markers  [35m=> [36m['ros-one-interactive-markers'][0m[0m
  [36mmoveit_ros_robot_interaction [35m=> [36m['ros-one-moveit-ros-robot-interaction'][0m[0m
  [36mmoveit_ros_perception [35m=> [36m['ros-one-moveit-ros-perception'][0m[0m
  [36mmoveit_ros_planning_interface [35m=> [36m['ros-one-moveit-ros-planning-interface'][0m[0m
  [36mmoveit_ros_warehouse [35m=> [36m['ros-one-moveit-ros-warehouse'][0m[0m
  [36mobject_recognition_msgs [35m=> [36m['ros-one-object-recognition-msgs'][0m[0m
  [36mpluginlib            [35m=> [36m['ros-one-pluginlib'][0m[0m
  [36mrosconsole           [35m=> [36m['ros-one-rosconsole'][0m[0m
  [36mroscpp               [35m=> [36m['ros-one-roscpp'][0m[0m
  [36mrospy                [35m=> [36m['ros-one-rospy'][0m[0m
  [36mrviz                 [35m=> [36m['ros-one-rviz'][0m[0m
  [36mtf2_eigen            [35m=> [36m['ros-one-tf2-eigen'][0m[0m
[35mBuild and Build Tool Dependencies:[0m[0m
  [22m[4mrosdep key           => bookworm key[0m[0m
  [36mclass_loader         [35m=> [36m['ros-one-class-loader'][0m[0m
  [36meigen                [35m=> [36m['libeigen3-dev'][0m[0m
  [36mlibogre-dev          [35m=> [36m['libogre-1.12-dev'][0m[0m
  [36mlibqt5-opengl-dev    [35m=> [36m['libqt5opengl5-dev'][0m[0m
  [36mqtbase5-dev          [35m=> [36m['qtbase5-dev'][0m[0m
  [36mgeometric_shapes     [35m=> [36m['ros-one-geometric-shapes'][0m[0m
  [36minteractive_markers  [35m=> [36m['ros-one-interactive-markers'][0m[0m
  [36mmoveit_ros_robot_interaction [35m=> [36m['ros-one-moveit-ros-robot-interaction'][0m[0m
  [36mmoveit_ros_perception [35m=> [36m['ros-one-moveit-ros-perception'][0m[0m
  [36mmoveit_ros_planning_interface [35m=> [36m['ros-one-moveit-ros-planning-interface'][0m[0m
  [36mmoveit_ros_warehouse [35m=> [36m['ros-one-moveit-ros-warehouse'][0m[0m
  [36mobject_recognition_msgs [35m=> [36m['ros-one-object-recognition-msgs'][0m[0m
  [36mpluginlib            [35m=> [36m['ros-one-pluginlib'][0m[0m
  [36mrosconsole           [35m=> [36m['ros-one-rosconsole'][0m[0m
  [36mroscpp               [35m=> [36m['ros-one-roscpp'][0m[0m
  [36mrospy                [35m=> [36m['ros-one-rospy'][0m[0m
  [36mrviz                 [35m=> [36m['ros-one-rviz'][0m[0m
  [36mtf2_eigen            [35m=> [36m['ros-one-tf2-eigen'][0m[0m
  [36mcatkin               [35m=> [36m['catkin', 'libgtest-dev', 'libgmock-dev'][0m[0m
  [36mpkg-config           [35m=> [36m['pkg-config'][0m[0m
[1m[34m==>[0m Placing templates files in the 'debian' folder.[0m[0m
[1m[34m==>[0m In place processing templates in 'debian' folder.[0m[0m
Expanding 'debian/rules.em' -> 'debian/rules'[0m
Expanding 'debian/compat.em' -> 'debian/compat'[0m
Expanding 'debian/changelog.em' -> 'debian/changelog'[0m
Expanding 'debian/control.em' -> 'debian/control'[0m
Expanding 'debian/copyright.em' -> 'debian/copyright'[0m
Expanding 'debian/source/options.em' -> 'debian/source/options'[0m
Expanding 'debian/source/format.em' -> 'debian/source/format'[0m
