<string>:6: (WARNING/2) Title underline too short.

0.1.0 (forthcoming)
-----------
ROS Distro index file associate with commit 'c8060c60d888de2987192c50cdc077b94eb8a7a5'[0m
New ROS Distro index url: 'https://raw.githubusercontent.com/ros/rosdistro/c8060c60d888de2987192c50cdc077b94eb8a7a5/index-v4.yaml'[0m
[1m[32m==> [0m[0mGenerating debs for [36mdebian:bookworm[0m for package(s) ['moveit_calibration_plugins'][0m[0m
[33mNo historical releaser history, using current maintainer name and email for each versioned changelog entry.[0m
Package 'moveit-calibration-plugins' has dependencies:[0m
[35mRun Dependencies:[0m[0m
  [22m[4mrosdep key           => bookworm key[0m[0m
  [36mhandeye              [35m=> [36m['ros-one-handeye'][0m[0m
  [36mcriutils             [35m=> [36m['ros-one-criutils'][0m[0m
  [36mbaldor               [35m=> [36m['ros-one-baldor'][0m[0m
  [36mroscpp               [35m=> [36m['ros-one-roscpp'][0m[0m
  [36mrosconsole           [35m=> [36m['ros-one-rosconsole'][0m[0m
  [36mpluginlib            [35m=> [36m['ros-one-pluginlib'][0m[0m
  [36msensor_msgs          [35m=> [36m['ros-one-sensor-msgs'][0m[0m
  [36mtf2                  [35m=> [36m['ros-one-tf2'][0m[0m
  [36mtf2_eigen            [35m=> [36m['ros-one-tf2-eigen'][0m[0m
  [36mtf2_geometry_msgs    [35m=> [36m['ros-one-tf2-geometry-msgs'][0m[0m
  [36mlibjsoncpp-dev       [35m=> [36m['libjsoncpp-dev'][0m[0m
  [36mlibopencv-dev        [35m=> [36m['libopencv-dev'][0m[0m
[35mBuild and Build Tool Dependencies:[0m[0m
  [22m[4mrosdep key           => bookworm key[0m[0m
  [36mmoveit_core          [35m=> [36m['ros-one-moveit-core'][0m[0m
  [36meigen                [35m=> [36m['libeigen3-dev'][0m[0m
  [36mroscpp               [35m=> [36m['ros-one-roscpp'][0m[0m
  [36mrosconsole           [35m=> [36m['ros-one-rosconsole'][0m[0m
  [36mpluginlib            [35m=> [36m['ros-one-pluginlib'][0m[0m
  [36msensor_msgs          [35m=> [36m['ros-one-sensor-msgs'][0m[0m
  [36mtf2                  [35m=> [36m['ros-one-tf2'][0m[0m
  [36mtf2_eigen            [35m=> [36m['ros-one-tf2-eigen'][0m[0m
  [36mtf2_geometry_msgs    [35m=> [36m['ros-one-tf2-geometry-msgs'][0m[0m
  [36mlibjsoncpp-dev       [35m=> [36m['libjsoncpp-dev'][0m[0m
  [36mlibopencv-dev        [35m=> [36m['libopencv-dev'][0m[0m
  [36mcatkin               [35m=> [36m['catkin', 'libgtest-dev', 'libgmock-dev'][0m[0m
[1m[34m==>[0m Placing templates files in the 'debian' folder.[0m[0m
[1m[34m==>[0m In place processing templates in 'debian' folder.[0m[0m
Expanding 'debian/rules.em' -> 'debian/rules'[0m
Expanding 'debian/compat.em' -> 'debian/compat'[0m
Expanding 'debian/changelog.em' -> 'debian/changelog'[0m
Expanding 'debian/control.em' -> 'debian/control'[0m
Expanding 'debian/copyright.em' -> 'debian/copyright'[0m
Expanding 'debian/source/options.em' -> 'debian/source/options'[0m
Expanding 'debian/source/format.em' -> 'debian/source/format'[0m
