ROS Distro index file associate with commit '93cff5f8f227cb7dd2f61668c2130045e97eac5e'[0m
New ROS Distro index url: 'https://raw.githubusercontent.com/ros/rosdistro/93cff5f8f227cb7dd2f61668c2130045e97eac5e/index-v4.yaml'[0m
[1m[32m==> [0m[0mGenerating debs for [36mubuntu:jammy[0m for package(s) ['moveit_core'][0m[0m
[33mNo historical releaser history, using current maintainer name and email for each versioned changelog entry.[0m
Package 'moveit-core' has dependencies:[0m
[35mRun Dependencies:[0m[0m
  [22m[4mrosdep key           => jammy key[0m[0m
  [36massimp               [35m=> [36m['libassimp-dev'][0m[0m
  [36mboost                [35m=> [36m['libboost-all-dev'][0m[0m
  [36meigen                [35m=> [36m['libeigen3-dev'][0m[0m
  [36mbullet               [35m=> [36m['libbullet-dev'][0m[0m
  [36mpython3              [35m=> [36m['python3-dev'][0m[0m
  [36meigen_stl_containers [35m=> [36m['ros-one-eigen-stl-containers'][0m[0m
  [36mlibfcl-dev           [35m=> [36m['libfcl-dev'][0m[0m
  [36mgeometric_shapes     [35m=> [36m['ros-one-geometric-shapes'][0m[0m
  [36mgeometry_msgs        [35m=> [36m['ros-one-geometry-msgs'][0m[0m
  [36mkdl_parser           [35m=> [36m['ros-one-kdl-parser'][0m[0m
  [36mlibconsole-bridge-dev [35m=> [36m['libconsole-bridge-dev'][0m[0m
  [36murdf                 [35m=> [36m['ros-one-urdf'][0m[0m
  [36mliburdfdom-dev       [35m=> [36m['liburdfdom-dev'][0m[0m
  [36mliburdfdom-headers-dev [35m=> [36m['liburdfdom-headers-dev'][0m[0m
  [36mmoveit_msgs          [35m=> [36m['ros-one-moveit-msgs'][0m[0m
  [36moctomap              [35m=> [36m['liboctomap-dev'][0m[0m
  [36moctomap_msgs         [35m=> [36m['ros-one-octomap-msgs'][0m[0m
  [36mpybind11_catkin      [35m=> [36m['ros-one-pybind11-catkin'][0m[0m
  [36mrandom_numbers       [35m=> [36m['ros-one-random-numbers'][0m[0m
  [36mroslib               [35m=> [36m['ros-one-roslib'][0m[0m
  [36mrostime              [35m=> [36m['ros-one-rostime'][0m[0m
  [36mrosconsole           [35m=> [36m['ros-one-rosconsole'][0m[0m
  [36mruckig               [35m=> [36m['ros-one-ruckig'][0m[0m
  [36msensor_msgs          [35m=> [36m['ros-one-sensor-msgs'][0m[0m
  [36mshape_msgs           [35m=> [36m['ros-one-shape-msgs'][0m[0m
  [36msrdfdom              [35m=> [36m['ros-one-srdfdom'][0m[0m
  [36mstd_msgs             [35m=> [36m['ros-one-std-msgs'][0m[0m
  [36mtf2_eigen            [35m=> [36m['ros-one-tf2-eigen'][0m[0m
  [36mtf2_geometry_msgs    [35m=> [36m['ros-one-tf2-geometry-msgs'][0m[0m
  [36mtrajectory_msgs      [35m=> [36m['ros-one-trajectory-msgs'][0m[0m
  [36mvisualization_msgs   [35m=> [36m['ros-one-visualization-msgs'][0m[0m
  [36mxmlrpcpp             [35m=> [36m['ros-one-xmlrpcpp'][0m[0m
  [36mpluginlib            [35m=> [36m['ros-one-pluginlib'][0m[0m
[35mBuild and Build Tool Dependencies:[0m[0m
  [22m[4mrosdep key           => jammy key[0m[0m
  [36mangles               [35m=> [36m['ros-one-angles'][0m[0m
  [36massimp               [35m=> [36m['libassimp-dev'][0m[0m
  [36mboost                [35m=> [36m['libboost-all-dev'][0m[0m
  [36meigen                [35m=> [36m['libeigen3-dev'][0m[0m
  [36mbullet               [35m=> [36m['libbullet-dev'][0m[0m
  [36mpython3              [35m=> [36m['python3-dev'][0m[0m
  [36meigen_stl_containers [35m=> [36m['ros-one-eigen-stl-containers'][0m[0m
  [36mlibfcl-dev           [35m=> [36m['libfcl-dev'][0m[0m
  [36mgeometric_shapes     [35m=> [36m['ros-one-geometric-shapes'][0m[0m
  [36mgeometry_msgs        [35m=> [36m['ros-one-geometry-msgs'][0m[0m
  [36mkdl_parser           [35m=> [36m['ros-one-kdl-parser'][0m[0m
  [36mlibconsole-bridge-dev [35m=> [36m['libconsole-bridge-dev'][0m[0m
  [36murdf                 [35m=> [36m['ros-one-urdf'][0m[0m
  [36mliburdfdom-dev       [35m=> [36m['liburdfdom-dev'][0m[0m
  [36mliburdfdom-headers-dev [35m=> [36m['liburdfdom-headers-dev'][0m[0m
  [36mmoveit_msgs          [35m=> [36m['ros-one-moveit-msgs'][0m[0m
  [36moctomap              [35m=> [36m['liboctomap-dev'][0m[0m
  [36moctomap_msgs         [35m=> [36m['ros-one-octomap-msgs'][0m[0m
  [36mpybind11_catkin      [35m=> [36m['ros-one-pybind11-catkin'][0m[0m
  [36mrandom_numbers       [35m=> [36m['ros-one-random-numbers'][0m[0m
  [36mroslib               [35m=> [36m['ros-one-roslib'][0m[0m
  [36mrostime              [35m=> [36m['ros-one-rostime'][0m[0m
  [36mrosconsole           [35m=> [36m['ros-one-rosconsole'][0m[0m
  [36mruckig               [35m=> [36m['ros-one-ruckig'][0m[0m
  [36msensor_msgs          [35m=> [36m['ros-one-sensor-msgs'][0m[0m
  [36mshape_msgs           [35m=> [36m['ros-one-shape-msgs'][0m[0m
  [36msrdfdom              [35m=> [36m['ros-one-srdfdom'][0m[0m
  [36mstd_msgs             [35m=> [36m['ros-one-std-msgs'][0m[0m
  [36mtf2_eigen            [35m=> [36m['ros-one-tf2-eigen'][0m[0m
  [36mtf2_geometry_msgs    [35m=> [36m['ros-one-tf2-geometry-msgs'][0m[0m
  [36mtrajectory_msgs      [35m=> [36m['ros-one-trajectory-msgs'][0m[0m
  [36mvisualization_msgs   [35m=> [36m['ros-one-visualization-msgs'][0m[0m
  [36mxmlrpcpp             [35m=> [36m['ros-one-xmlrpcpp'][0m[0m
  [36mpluginlib            [35m=> [36m['ros-one-pluginlib'][0m[0m
  [36mcatkin               [35m=> [36m['catkin', 'libgtest-dev', 'libgmock-dev'][0m[0m
  [36mpkg-config           [35m=> [36m['pkg-config'][0m[0m
[1m[34m==>[0m Placing templates files in the 'debian' folder.[0m[0m
[1m[34m==>[0m In place processing templates in 'debian' folder.[0m[0m
Expanding 'debian/copyright.em' -> 'debian/copyright'[0m
Expanding 'debian/changelog.em' -> 'debian/changelog'[0m
Expanding 'debian/control.em' -> 'debian/control'[0m
Expanding 'debian/compat.em' -> 'debian/compat'[0m
Expanding 'debian/rules.em' -> 'debian/rules'[0m
Expanding 'debian/source/format.em' -> 'debian/source/format'[0m
Expanding 'debian/source/options.em' -> 'debian/source/options'[0m
