ROS Distro index file associate with commit '123e71dfdbe93215bc84db910304320a8556a3de'[0m
New ROS Distro index url: 'https://raw.githubusercontent.com/ros/rosdistro/123e71dfdbe93215bc84db910304320a8556a3de/index-v4.yaml'[0m
[1m[32m==> [0m[0mGenerating debs for [36mdebian:trixie[0m for package(s) ['moveit_tutorials'][0m[0m
[33mNo historical releaser history, using current maintainer name and email for each versioned changelog entry.[0m
[33mNo CHANGELOG.rst found for package 'moveit_tutorials'[0m
Package 'moveit-tutorials' has dependencies:[0m
[35mRun Dependencies:[0m[0m
  [22m[4mrosdep key           => trixie key[0m[0m
  [36mpanda_moveit_config  [35m=> [36m['ros-one-panda-moveit-config'][0m[0m
  [36mfranka_description   [35m=> [36m['ros-one-franka-description'][0m[0m
  [36mpluginlib            [35m=> [36m['ros-one-pluginlib'][0m[0m
  [36mmoveit_core          [35m=> [36m['ros-one-moveit-core'][0m[0m
  [36mmoveit_commander     [35m=> [36m['ros-one-moveit-commander'][0m[0m
  [36mmoveit_fake_controller_manager [35m=> [36m['ros-one-moveit-fake-controller-manager'][0m[0m
  [36mmoveit_ros_planning_interface [35m=> [36m['ros-one-moveit-ros-planning-interface'][0m[0m
  [36mmoveit_ros_perception [35m=> [36m['ros-one-moveit-ros-perception'][0m[0m
  [36minteractive_markers  [35m=> [36m['ros-one-interactive-markers'][0m[0m
  [36mmoveit_visual_tools  [35m=> [36m['ros-one-moveit-visual-tools'][0m[0m
  [36mrviz_visual_tools    [35m=> [36m['ros-one-rviz-visual-tools'][0m[0m
  [36mjoint_state_publisher [35m=> [36m['ros-one-joint-state-publisher'][0m[0m
  [36mrobot_state_publisher [35m=> [36m['ros-one-robot-state-publisher'][0m[0m
  [36mjoy                  [35m=> [36m['ros-one-joy'][0m[0m
  [36mpcl_ros              [35m=> [36m['ros-one-pcl-ros'][0m[0m
  [36mpcl_conversions      [35m=> [36m['ros-one-pcl-conversions'][0m[0m
  [36mrosbag               [35m=> [36m['ros-one-rosbag'][0m[0m
  [36mrviz                 [35m=> [36m['ros-one-rviz'][0m[0m
  [36mtf2_ros              [35m=> [36m['ros-one-tf2-ros'][0m[0m
  [36mtf2_eigen            [35m=> [36m['ros-one-tf2-eigen'][0m[0m
  [36mtf2_geometry_msgs    [35m=> [36m['ros-one-tf2-geometry-msgs'][0m[0m
  [36mxacro                [35m=> [36m['ros-one-xacro'][0m[0m
  [36mnodelet              [35m=> [36m['ros-one-nodelet'][0m[0m
  [36mgazebo_ros           [35m=> [36m['ros-one-gazebo-ros'][0m[0m
[35mBuild and Build Tool Dependencies:[0m[0m
  [22m[4mrosdep key           => trixie key[0m[0m
  [36mpluginlib            [35m=> [36m['ros-one-pluginlib'][0m[0m
  [36meigen                [35m=> [36m['libeigen3-dev'][0m[0m
  [36mmoveit_core          [35m=> [36m['ros-one-moveit-core'][0m[0m
  [36mmoveit_ros_planning  [35m=> [36m['ros-one-moveit-ros-planning'][0m[0m
  [36mmoveit_ros_planning_interface [35m=> [36m['ros-one-moveit-ros-planning-interface'][0m[0m
  [36mmoveit_ros_perception [35m=> [36m['ros-one-moveit-ros-perception'][0m[0m
  [36minteractive_markers  [35m=> [36m['ros-one-interactive-markers'][0m[0m
  [36mgeometric_shapes     [35m=> [36m['ros-one-geometric-shapes'][0m[0m
  [36mmoveit_visual_tools  [35m=> [36m['ros-one-moveit-visual-tools'][0m[0m
  [36mrviz_visual_tools    [35m=> [36m['ros-one-rviz-visual-tools'][0m[0m
  [36mpcl_ros              [35m=> [36m['ros-one-pcl-ros'][0m[0m
  [36mpcl_conversions      [35m=> [36m['ros-one-pcl-conversions'][0m[0m
  [36mrosbag               [35m=> [36m['ros-one-rosbag'][0m[0m
  [36mtf2_ros              [35m=> [36m['ros-one-tf2-ros'][0m[0m
  [36mtf2_eigen            [35m=> [36m['ros-one-tf2-eigen'][0m[0m
  [36mtf2_geometry_msgs    [35m=> [36m['ros-one-tf2-geometry-msgs'][0m[0m
  [36mcatkin               [35m=> [36m['catkin', 'libgtest-dev', 'libgmock-dev'][0m[0m
[1m[34m==>[0m Placing templates files in the 'debian' folder.[0m[0m
[1m[34m==>[0m In place processing templates in 'debian' folder.[0m[0m
Expanding 'debian/source/options.em' -> 'debian/source/options'[0m
Expanding 'debian/source/format.em' -> 'debian/source/format'[0m
Expanding 'debian/changelog.em' -> 'debian/changelog'[0m
Expanding 'debian/control.em' -> 'debian/control'[0m
Expanding 'debian/rules.em' -> 'debian/rules'[0m
Expanding 'debian/copyright.em' -> 'debian/copyright'[0m
Expanding 'debian/compat.em' -> 'debian/compat'[0m
