ROS Distro index file associate with commit '0d4ad65453994e1ae9f9fd9d504823d00b7b50c8'[0m
New ROS Distro index url: 'https://raw.githubusercontent.com/ros/rosdistro/0d4ad65453994e1ae9f9fd9d504823d00b7b50c8/index-v4.yaml'[0m
[1m[32m==> [0m[0mGenerating debs for [36mubuntu:jammy[0m for package(s) ['moveit_task_constructor_core'][0m[0m
[33mNo historical releaser history, using current maintainer name and email for each versioned changelog entry.[0m
Package 'moveit-task-constructor-core' has dependencies:[0m
[35mRun Dependencies:[0m[0m
  [22m[4mrosdep key           => jammy key[0m[0m
  [36mroscpp               [35m=> [36m['ros-one-roscpp'][0m[0m
  [36mfmt                  [35m=> [36m['libfmt-dev'][0m[0m
  [36mtf2_eigen            [35m=> [36m['ros-one-tf2-eigen'][0m[0m
  [36mgeometry_msgs        [35m=> [36m['ros-one-geometry-msgs'][0m[0m
  [36mmoveit_core          [35m=> [36m['ros-one-moveit-core'][0m[0m
  [36mmoveit_ros_planning  [35m=> [36m['ros-one-moveit-ros-planning'][0m[0m
  [36mmoveit_ros_planning_interface [35m=> [36m['ros-one-moveit-ros-planning-interface'][0m[0m
  [36mmoveit_task_constructor_msgs [35m=> [36m['ros-one-moveit-task-constructor-msgs'][0m[0m
  [36mpy_binding_tools     [35m=> [36m['ros-one-py-binding-tools'][0m[0m
  [36mvisualization_msgs   [35m=> [36m['ros-one-visualization-msgs'][0m[0m
  [36mrviz_marker_tools    [35m=> [36m['ros-one-rviz-marker-tools'][0m[0m
[35mBuild and Build Tool Dependencies:[0m[0m
  [22m[4mrosdep key           => jammy key[0m[0m
  [36mroscpp               [35m=> [36m['ros-one-roscpp'][0m[0m
  [36mroslint              [35m=> [36m['ros-one-roslint'][0m[0m
  [36mfmt                  [35m=> [36m['libfmt-dev'][0m[0m
  [36mtf2_eigen            [35m=> [36m['ros-one-tf2-eigen'][0m[0m
  [36mgeometry_msgs        [35m=> [36m['ros-one-geometry-msgs'][0m[0m
  [36mmoveit_core          [35m=> [36m['ros-one-moveit-core'][0m[0m
  [36mmoveit_ros_planning  [35m=> [36m['ros-one-moveit-ros-planning'][0m[0m
  [36mmoveit_ros_planning_interface [35m=> [36m['ros-one-moveit-ros-planning-interface'][0m[0m
  [36mmoveit_task_constructor_msgs [35m=> [36m['ros-one-moveit-task-constructor-msgs'][0m[0m
  [36mpy_binding_tools     [35m=> [36m['ros-one-py-binding-tools'][0m[0m
  [36mvisualization_msgs   [35m=> [36m['ros-one-visualization-msgs'][0m[0m
  [36mrviz_marker_tools    [35m=> [36m['ros-one-rviz-marker-tools'][0m[0m
  [36mcatkin               [35m=> [36m['catkin', 'libgtest-dev', 'libgmock-dev'][0m[0m
  [36mpython3-setuptools   [35m=> [36m['python3-setuptools'][0m[0m
[1m[34m==>[0m Placing templates files in the 'debian' folder.[0m[0m
[1m[34m==>[0m In place processing templates in 'debian' folder.[0m[0m
Expanding 'debian/copyright.em' -> 'debian/copyright'[0m
Expanding 'debian/changelog.em' -> 'debian/changelog'[0m
Expanding 'debian/control.em' -> 'debian/control'[0m
Expanding 'debian/compat.em' -> 'debian/compat'[0m
Expanding 'debian/rules.em' -> 'debian/rules'[0m
Expanding 'debian/source/format.em' -> 'debian/source/format'[0m
Expanding 'debian/source/options.em' -> 'debian/source/options'[0m
