ROS Distro index file associate with commit '123e71dfdbe93215bc84db910304320a8556a3de'[0m
New ROS Distro index url: 'https://raw.githubusercontent.com/ros/rosdistro/123e71dfdbe93215bc84db910304320a8556a3de/index-v4.yaml'[0m
[1m[32m==> [0m[0mGenerating debs for [36mdebian:trixie[0m for package(s) ['moveit_ros_planning_interface'][0m[0m
[33mNo historical releaser history, using current maintainer name and email for each versioned changelog entry.[0m
Package 'moveit-ros-planning-interface' has dependencies:[0m
[35mRun Dependencies:[0m[0m
  [22m[4mrosdep key           => trixie key[0m[0m
  [36mmoveit_ros_planning  [35m=> [36m['ros-one-moveit-ros-planning'][0m[0m
  [36mmoveit_ros_warehouse [35m=> [36m['ros-one-moveit-ros-warehouse'][0m[0m
  [36mmoveit_ros_move_group [35m=> [36m['ros-one-moveit-ros-move-group'][0m[0m
  [36mmoveit_ros_manipulation [35m=> [36m['ros-one-moveit-ros-manipulation'][0m[0m
  [36mroscpp               [35m=> [36m['ros-one-roscpp'][0m[0m
  [36mrospy                [35m=> [36m['ros-one-rospy'][0m[0m
  [36mrosconsole           [35m=> [36m['ros-one-rosconsole'][0m[0m
  [36mactionlib            [35m=> [36m['ros-one-actionlib'][0m[0m
  [36mgeometry_msgs        [35m=> [36m['ros-one-geometry-msgs'][0m[0m
  [36mmoveit_msgs          [35m=> [36m['ros-one-moveit-msgs'][0m[0m
  [36mtf2                  [35m=> [36m['ros-one-tf2'][0m[0m
  [36mtf2_eigen            [35m=> [36m['ros-one-tf2-eigen'][0m[0m
  [36mtf2_geometry_msgs    [35m=> [36m['ros-one-tf2-geometry-msgs'][0m[0m
  [36mtf2_ros              [35m=> [36m['ros-one-tf2-ros'][0m[0m
  [36mpython3              [35m=> [36m['python3-dev'][0m[0m
  [36meigenpy              [35m=> [36m['ros-one-eigenpy'][0m[0m
[35mBuild and Build Tool Dependencies:[0m[0m
  [22m[4mrosdep key           => trixie key[0m[0m
  [36meigen                [35m=> [36m['libeigen3-dev'][0m[0m
  [36mmoveit_ros_planning  [35m=> [36m['ros-one-moveit-ros-planning'][0m[0m
  [36mmoveit_ros_warehouse [35m=> [36m['ros-one-moveit-ros-warehouse'][0m[0m
  [36mmoveit_ros_move_group [35m=> [36m['ros-one-moveit-ros-move-group'][0m[0m
  [36mmoveit_ros_manipulation [35m=> [36m['ros-one-moveit-ros-manipulation'][0m[0m
  [36mroscpp               [35m=> [36m['ros-one-roscpp'][0m[0m
  [36mrospy                [35m=> [36m['ros-one-rospy'][0m[0m
  [36mrosconsole           [35m=> [36m['ros-one-rosconsole'][0m[0m
  [36mactionlib            [35m=> [36m['ros-one-actionlib'][0m[0m
  [36mgeometry_msgs        [35m=> [36m['ros-one-geometry-msgs'][0m[0m
  [36mmoveit_msgs          [35m=> [36m['ros-one-moveit-msgs'][0m[0m
  [36mtf2                  [35m=> [36m['ros-one-tf2'][0m[0m
  [36mtf2_eigen            [35m=> [36m['ros-one-tf2-eigen'][0m[0m
  [36mtf2_geometry_msgs    [35m=> [36m['ros-one-tf2-geometry-msgs'][0m[0m
  [36mtf2_ros              [35m=> [36m['ros-one-tf2-ros'][0m[0m
  [36mpython3              [35m=> [36m['python3-dev'][0m[0m
  [36meigenpy              [35m=> [36m['ros-one-eigenpy'][0m[0m
  [36mcatkin               [35m=> [36m['catkin', 'libgtest-dev', 'libgmock-dev'][0m[0m
  [36mpython3-catkin-pkg   [35m=> [36m['python3-catkin-pkg'][0m[0m
[1m[34m==>[0m Placing templates files in the 'debian' folder.[0m[0m
[1m[34m==>[0m In place processing templates in 'debian' folder.[0m[0m
Expanding 'debian/source/options.em' -> 'debian/source/options'[0m
Expanding 'debian/source/format.em' -> 'debian/source/format'[0m
Expanding 'debian/changelog.em' -> 'debian/changelog'[0m
Expanding 'debian/control.em' -> 'debian/control'[0m
Expanding 'debian/rules.em' -> 'debian/rules'[0m
Expanding 'debian/copyright.em' -> 'debian/copyright'[0m
Expanding 'debian/compat.em' -> 'debian/compat'[0m
