ROS Distro index file associate with commit '123e71dfdbe93215bc84db910304320a8556a3de'[0m
New ROS Distro index url: 'https://raw.githubusercontent.com/ros/rosdistro/123e71dfdbe93215bc84db910304320a8556a3de/index-v4.yaml'[0m
[1m[32m==> [0m[0mGenerating debs for [36mdebian:trixie[0m for package(s) ['navigation'][0m[0m
[33mNo historical releaser history, using current maintainer name and email for each versioned changelog entry.[0m
Package 'navigation' has dependencies:[0m
[35mRun Dependencies:[0m[0m
  [22m[4mrosdep key           => trixie key[0m[0m
  [36mamcl                 [35m=> [36m['ros-one-amcl'][0m[0m
  [36mbase_local_planner   [35m=> [36m['ros-one-base-local-planner'][0m[0m
  [36mcarrot_planner       [35m=> [36m['ros-one-carrot-planner'][0m[0m
  [36mclear_costmap_recovery [35m=> [36m['ros-one-clear-costmap-recovery'][0m[0m
  [36mcostmap_2d           [35m=> [36m['ros-one-costmap-2d'][0m[0m
  [36mdwa_local_planner    [35m=> [36m['ros-one-dwa-local-planner'][0m[0m
  [36mfake_localization    [35m=> [36m['ros-one-fake-localization'][0m[0m
  [36mglobal_planner       [35m=> [36m['ros-one-global-planner'][0m[0m
  [36mmap_server           [35m=> [36m['ros-one-map-server'][0m[0m
  [36mmove_base            [35m=> [36m['ros-one-move-base'][0m[0m
  [36mmove_base_msgs       [35m=> [36m['ros-one-move-base-msgs'][0m[0m
  [36mmove_slow_and_clear  [35m=> [36m['ros-one-move-slow-and-clear'][0m[0m
  [36mnavfn                [35m=> [36m['ros-one-navfn'][0m[0m
  [36mnav_core             [35m=> [36m['ros-one-nav-core'][0m[0m
  [36mrotate_recovery      [35m=> [36m['ros-one-rotate-recovery'][0m[0m
  [36mvoxel_grid           [35m=> [36m['ros-one-voxel-grid'][0m[0m
[35mBuild and Build Tool Dependencies:[0m[0m
  [22m[4mrosdep key           => trixie key[0m[0m
  [36mcatkin               [35m=> [36m['catkin', 'libgtest-dev', 'libgmock-dev'][0m[0m
[1m[34m==>[0m Placing templates files in the 'debian' folder.[0m[0m
[1m[34m==>[0m In place processing templates in 'debian' folder.[0m[0m
Expanding 'debian/source/options.em' -> 'debian/source/options'[0m
Expanding 'debian/source/format.em' -> 'debian/source/format'[0m
Expanding 'debian/changelog.em' -> 'debian/changelog'[0m
Expanding 'debian/control.em' -> 'debian/control'[0m
Expanding 'debian/rules.em' -> 'debian/rules'[0m
Expanding 'debian/copyright.em' -> 'debian/copyright'[0m
Expanding 'debian/compat.em' -> 'debian/compat'[0m
