ROS Distro index file associate with commit 'c8060c60d888de2987192c50cdc077b94eb8a7a5'[0m
New ROS Distro index url: 'https://raw.githubusercontent.com/ros/rosdistro/c8060c60d888de2987192c50cdc077b94eb8a7a5/index-v4.yaml'[0m
[1m[32m==> [0m[0mGenerating debs for [36mubuntu:jammy[0m for package(s) ['people_velocity_tracker'][0m[0m
[33mNo historical releaser history, using current maintainer name and email for each versioned changelog entry.[0m
[33m[0m
[33mA CHANGELOG.rst was found, but no changelog for this version was found.[0m
[33mYou REALLY should have a entry (even a blank one) for each version of your package.[0m
[33m[0m
Package 'people-velocity-tracker' has dependencies:[0m
[35mRun Dependencies:[0m[0m
  [22m[4mrosdep key           => jammy key[0m[0m
  [36mleg_detector         [35m=> [36m['ros-one-leg-detector'][0m[0m
  [36measy_markers         [35m=> [36m['ros-one-easy-markers'][0m[0m
  [36mgeometry_msgs        [35m=> [36m['ros-one-geometry-msgs'][0m[0m
  [36mkalman_filter        [35m=> [36m['ros-one-kalman-filter'][0m[0m
  [36mpeople_msgs          [35m=> [36m['ros-one-people-msgs'][0m[0m
  [36mroslib               [35m=> [36m['ros-one-roslib'][0m[0m
  [36mrospy                [35m=> [36m['ros-one-rospy'][0m[0m
[35mBuild and Build Tool Dependencies:[0m[0m
  [22m[4mrosdep key           => jammy key[0m[0m
  [36measy_markers         [35m=> [36m['ros-one-easy-markers'][0m[0m
  [36mgeometry_msgs        [35m=> [36m['ros-one-geometry-msgs'][0m[0m
  [36mkalman_filter        [35m=> [36m['ros-one-kalman-filter'][0m[0m
  [36mpeople_msgs          [35m=> [36m['ros-one-people-msgs'][0m[0m
  [36mroslib               [35m=> [36m['ros-one-roslib'][0m[0m
  [36mrospy                [35m=> [36m['ros-one-rospy'][0m[0m
  [36mcatkin               [35m=> [36m['catkin', 'libgtest-dev', 'libgmock-dev'][0m[0m
[1m[34m==>[0m Placing templates files in the 'debian' folder.[0m[0m
[1m[34m==>[0m In place processing templates in 'debian' folder.[0m[0m
Expanding 'debian/rules.em' -> 'debian/rules'[0m
Expanding 'debian/compat.em' -> 'debian/compat'[0m
Expanding 'debian/changelog.em' -> 'debian/changelog'[0m
Expanding 'debian/control.em' -> 'debian/control'[0m
Expanding 'debian/copyright.em' -> 'debian/copyright'[0m
Expanding 'debian/source/options.em' -> 'debian/source/options'[0m
Expanding 'debian/source/format.em' -> 'debian/source/format'[0m
