ROS Distro index file associate with commit '0d4ad65453994e1ae9f9fd9d504823d00b7b50c8'[0m
New ROS Distro index url: 'https://raw.githubusercontent.com/ros/rosdistro/0d4ad65453994e1ae9f9fd9d504823d00b7b50c8/index-v4.yaml'[0m
[1m[32m==> [0m[0mGenerating debs for [36mubuntu:jammy[0m for package(s) ['perception'][0m[0m
[33mNo homepage set, defaulting to ''[0m
[33mNo historical releaser history, using current maintainer name and email for each versioned changelog entry.[0m
[33mNo CHANGELOG.rst found for package 'perception'[0m
Package 'perception' has dependencies:[0m
[35mRun Dependencies:[0m[0m
  [22m[4mrosdep key           => jammy key[0m[0m
  [36mros_base             [35m=> [36m['ros-one-ros-base'][0m[0m
  [36mimage_common         [35m=> [36m['ros-one-image-common'][0m[0m
  [36mimage_pipeline       [35m=> [36m['ros-one-image-pipeline'][0m[0m
  [36mimage_transport_plugins [35m=> [36m['ros-one-image-transport-plugins'][0m[0m
  [36mlaser_pipeline       [35m=> [36m['ros-one-laser-pipeline'][0m[0m
  [36mperception_pcl       [35m=> [36m['ros-one-perception-pcl'][0m[0m
  [36mvision_opencv        [35m=> [36m['ros-one-vision-opencv'][0m[0m
[35mBuild and Build Tool Dependencies:[0m[0m
  [22m[4mrosdep key           => jammy key[0m[0m
  [36mcatkin               [35m=> [36m['catkin', 'libgtest-dev', 'libgmock-dev'][0m[0m
[1m[34m==>[0m Placing templates files in the 'debian' folder.[0m[0m
[1m[34m==>[0m In place processing templates in 'debian' folder.[0m[0m
Expanding 'debian/copyright.em' -> 'debian/copyright'[0m
Expanding 'debian/changelog.em' -> 'debian/changelog'[0m
Expanding 'debian/control.em' -> 'debian/control'[0m
Expanding 'debian/compat.em' -> 'debian/compat'[0m
Expanding 'debian/rules.em' -> 'debian/rules'[0m
Expanding 'debian/source/format.em' -> 'debian/source/format'[0m
Expanding 'debian/source/options.em' -> 'debian/source/options'[0m
