<string>:399: (WARNING/2) Inline emphasis start-string without end-string.
ROS Distro index file associate with commit '7f2139b4d6bf54f94feca049f1609ab13af67f31'[0m
New ROS Distro index url: 'https://raw.githubusercontent.com/ros/rosdistro/7f2139b4d6bf54f94feca049f1609ab13af67f31/index-v4.yaml'[0m
[1m[32m==> [0m[0mGenerating debs for [36mubuntu:jammy[0m for package(s) ['plotjuggler'][0m[0m
[33mNo historical releaser history, using current maintainer name and email for each versioned changelog entry.[0m
Package 'plotjuggler' has dependencies:[0m
[35mRun Dependencies:[0m[0m
  [22m[4mrosdep key           => jammy key[0m[0m
  [36mroslib               [35m=> [36m['ros-one-roslib'][0m[0m
  [36mroscpp               [35m=> [36m['ros-one-roscpp'][0m[0m
  [36mqtbase5-dev          [35m=> [36m['qtbase5-dev'][0m[0m
  [36mlibqt5-svg-dev       [35m=> [36m['libqt5svg5-dev'][0m[0m
  [36mlibqt5-websockets-dev [35m=> [36m['libqt5websockets5-dev'][0m[0m
  [36mlibqt5-opengl-dev    [35m=> [36m['libqt5opengl5-dev'][0m[0m
  [36mlibqt5x11extras5-dev [35m=> [36m['libqt5x11extras5-dev'][0m[0m
  [36mbinutils             [35m=> [36m['binutils-dev'][0m[0m
  [36mboost                [35m=> [36m['libboost-all-dev'][0m[0m
  [36mlibzmq3-dev          [35m=> [36m['libzmq3-dev'][0m[0m
  [36mlz4                  [35m=> [36m['liblz4-dev'][0m[0m
  [36mlibzstd-dev          [35m=> [36m['libzstd-dev'][0m[0m
  [36mprotobuf-dev         [35m=> [36m['libprotobuf-dev', 'protobuf-compiler', 'libprotoc-dev'][0m[0m
[35mBuild and Build Tool Dependencies:[0m[0m
  [22m[4mrosdep key           => jammy key[0m[0m
  [36mroslib               [35m=> [36m['ros-one-roslib'][0m[0m
  [36mroscpp               [35m=> [36m['ros-one-roscpp'][0m[0m
  [36mqtbase5-dev          [35m=> [36m['qtbase5-dev'][0m[0m
  [36mlibqt5-svg-dev       [35m=> [36m['libqt5svg5-dev'][0m[0m
  [36mlibqt5-websockets-dev [35m=> [36m['libqt5websockets5-dev'][0m[0m
  [36mlibqt5-opengl-dev    [35m=> [36m['libqt5opengl5-dev'][0m[0m
  [36mlibqt5x11extras5-dev [35m=> [36m['libqt5x11extras5-dev'][0m[0m
  [36mbinutils             [35m=> [36m['binutils-dev'][0m[0m
  [36mboost                [35m=> [36m['libboost-all-dev'][0m[0m
  [36mlibzmq3-dev          [35m=> [36m['libzmq3-dev'][0m[0m
  [36mlz4                  [35m=> [36m['liblz4-dev'][0m[0m
  [36mlibzstd-dev          [35m=> [36m['libzstd-dev'][0m[0m
  [36mprotobuf-dev         [35m=> [36m['libprotobuf-dev', 'protobuf-compiler', 'libprotoc-dev'][0m[0m
  [36mcatkin               [35m=> [36m['catkin', 'libgtest-dev', 'libgmock-dev'][0m[0m
[1m[34m==>[0m Placing templates files in the 'debian' folder.[0m[0m
[1m[34m==>[0m In place processing templates in 'debian' folder.[0m[0m
Expanding 'debian/rules.em' -> 'debian/rules'[0m
Expanding 'debian/compat.em' -> 'debian/compat'[0m
Expanding 'debian/changelog.em' -> 'debian/changelog'[0m
Expanding 'debian/control.em' -> 'debian/control'[0m
Expanding 'debian/copyright.em' -> 'debian/copyright'[0m
Expanding 'debian/source/options.em' -> 'debian/source/options'[0m
Expanding 'debian/source/format.em' -> 'debian/source/format'[0m
