ROS Distro index file associate with commit 'a2bcb785e6dc96c6b9abb3d1c1efd42abc08ccde'[0m
New ROS Distro index url: 'https://raw.githubusercontent.com/ros/rosdistro/a2bcb785e6dc96c6b9abb3d1c1efd42abc08ccde/index-v4.yaml'[0m
[1m[32m==> [0m[0mGenerating debs for [36mdebian:bookworm[0m for package(s) ['pr2_head_action'][0m[0m
[33mNo historical releaser history, using current maintainer name and email for each versioned changelog entry.[0m
Package 'pr2-head-action' has dependencies:[0m
[35mRun Dependencies:[0m[0m
  [22m[4mrosdep key           => bookworm key[0m[0m
  [36mgeometry_msgs        [35m=> [36m['ros-one-geometry-msgs'][0m[0m
  [36mtrajectory_msgs      [35m=> [36m['ros-one-trajectory-msgs'][0m[0m
  [36msensor_msgs          [35m=> [36m['ros-one-sensor-msgs'][0m[0m
  [36mpr2_controllers_msgs [35m=> [36m['ros-one-pr2-controllers-msgs'][0m[0m
  [36mroscpp               [35m=> [36m['ros-one-roscpp'][0m[0m
  [36mmessage_filters      [35m=> [36m['ros-one-message-filters'][0m[0m
  [36mtf                   [35m=> [36m['ros-one-tf'][0m[0m
  [36mtf_conversions       [35m=> [36m['ros-one-tf-conversions'][0m[0m
  [36mactionlib            [35m=> [36m['ros-one-actionlib'][0m[0m
  [36morocos_kdl           [35m=> [36m['liborocos-kdl-dev'][0m[0m
  [36mkdl_parser           [35m=> [36m['ros-one-kdl-parser'][0m[0m
[35mBuild and Build Tool Dependencies:[0m[0m
  [22m[4mrosdep key           => bookworm key[0m[0m
  [36mgeometry_msgs        [35m=> [36m['ros-one-geometry-msgs'][0m[0m
  [36mtrajectory_msgs      [35m=> [36m['ros-one-trajectory-msgs'][0m[0m
  [36msensor_msgs          [35m=> [36m['ros-one-sensor-msgs'][0m[0m
  [36mpr2_controllers_msgs [35m=> [36m['ros-one-pr2-controllers-msgs'][0m[0m
  [36mroscpp               [35m=> [36m['ros-one-roscpp'][0m[0m
  [36mmessage_filters      [35m=> [36m['ros-one-message-filters'][0m[0m
  [36mtf                   [35m=> [36m['ros-one-tf'][0m[0m
  [36mtf_conversions       [35m=> [36m['ros-one-tf-conversions'][0m[0m
  [36mactionlib            [35m=> [36m['ros-one-actionlib'][0m[0m
  [36morocos_kdl           [35m=> [36m['liborocos-kdl-dev'][0m[0m
  [36mkdl_parser           [35m=> [36m['ros-one-kdl-parser'][0m[0m
  [36mcatkin               [35m=> [36m['catkin', 'libgtest-dev', 'libgmock-dev'][0m[0m
[1m[34m==>[0m Placing templates files in the 'debian' folder.[0m[0m
[1m[34m==>[0m In place processing templates in 'debian' folder.[0m[0m
Expanding 'debian/rules.em' -> 'debian/rules'[0m
Expanding 'debian/compat.em' -> 'debian/compat'[0m
Expanding 'debian/changelog.em' -> 'debian/changelog'[0m
Expanding 'debian/control.em' -> 'debian/control'[0m
Expanding 'debian/copyright.em' -> 'debian/copyright'[0m
Expanding 'debian/source/options.em' -> 'debian/source/options'[0m
Expanding 'debian/source/format.em' -> 'debian/source/format'[0m
