ROS Distro index file associate with commit '123e71dfdbe93215bc84db910304320a8556a3de'[0m
New ROS Distro index url: 'https://raw.githubusercontent.com/ros/rosdistro/123e71dfdbe93215bc84db910304320a8556a3de/index-v4.yaml'[0m
[1m[32m==> [0m[0mGenerating debs for [36mdebian:trixie[0m for package(s) ['pr2_controllers'][0m[0m
[33mNo historical releaser history, using current maintainer name and email for each versioned changelog entry.[0m
Package 'pr2-controllers' has dependencies:[0m
[35mRun Dependencies:[0m[0m
  [22m[4mrosdep key           => trixie key[0m[0m
  [36mpr2_gripper_action   [35m=> [36m['ros-one-pr2-gripper-action'][0m[0m
  [36mpr2_calibration_controllers [35m=> [36m['ros-one-pr2-calibration-controllers'][0m[0m
  [36mjoint_trajectory_action [35m=> [36m['ros-one-joint-trajectory-action'][0m[0m
  [36methercat_trigger_controllers [35m=> [36m['ros-one-ethercat-trigger-controllers'][0m[0m
  [36mrobot_mechanism_controllers [35m=> [36m['ros-one-robot-mechanism-controllers'][0m[0m
  [36mpr2_mechanism_controllers [35m=> [36m['ros-one-pr2-mechanism-controllers'][0m[0m
  [36msingle_joint_position_action [35m=> [36m['ros-one-single-joint-position-action'][0m[0m
  [36mpr2_controllers_msgs [35m=> [36m['ros-one-pr2-controllers-msgs'][0m[0m
  [36mpr2_head_action      [35m=> [36m['ros-one-pr2-head-action'][0m[0m
  [36mcontrol_toolbox      [35m=> [36m['ros-one-control-toolbox'][0m[0m
[35mBuild and Build Tool Dependencies:[0m[0m
  [22m[4mrosdep key           => trixie key[0m[0m
  [36mcatkin               [35m=> [36m['catkin', 'libgtest-dev', 'libgmock-dev'][0m[0m
[1m[34m==>[0m Placing templates files in the 'debian' folder.[0m[0m
[1m[34m==>[0m In place processing templates in 'debian' folder.[0m[0m
Expanding 'debian/source/options.em' -> 'debian/source/options'[0m
Expanding 'debian/source/format.em' -> 'debian/source/format'[0m
Expanding 'debian/changelog.em' -> 'debian/changelog'[0m
Expanding 'debian/control.em' -> 'debian/control'[0m
Expanding 'debian/rules.em' -> 'debian/rules'[0m
Expanding 'debian/copyright.em' -> 'debian/copyright'[0m
Expanding 'debian/compat.em' -> 'debian/compat'[0m
