ROS Distro index file associate with commit 'ce4812381dcaf695dca2f3196b4ea59b065e2d90'[0m
New ROS Distro index url: 'https://raw.githubusercontent.com/ros/rosdistro/ce4812381dcaf695dca2f3196b4ea59b065e2d90/index-v4.yaml'[0m
[1m[32m==> [0m[0mGenerating debs for [36mdebian:sid[0m for package(s) ['robot_calibration'][0m[0m
[33mNo historical releaser history, using current maintainer name and email for each versioned changelog entry.[0m
Package 'robot-calibration' has dependencies:[0m
[35mRun Dependencies:[0m[0m
  [22m[4mrosdep key           => sid key[0m[0m
  [36mactionlib            [35m=> [36m['ros-one-actionlib'][0m[0m
  [36mcamera_calibration_parsers [35m=> [36m['ros-one-camera-calibration-parsers'][0m[0m
  [36mcontrol_msgs         [35m=> [36m['ros-one-control-msgs'][0m[0m
  [36mcv_bridge            [35m=> [36m['ros-one-cv-bridge'][0m[0m
  [36mgeometry_msgs        [35m=> [36m['ros-one-geometry-msgs'][0m[0m
  [36mgeometric_shapes     [35m=> [36m['ros-one-geometric-shapes'][0m[0m
  [36mkdl_parser           [35m=> [36m['ros-one-kdl-parser'][0m[0m
  [36mmoveit_msgs          [35m=> [36m['ros-one-moveit-msgs'][0m[0m
  [36mnav_msgs             [35m=> [36m['ros-one-nav-msgs'][0m[0m
  [36morocos_kdl           [35m=> [36m['liborocos-kdl-dev'][0m[0m
  [36mpluginlib            [35m=> [36m['ros-one-pluginlib'][0m[0m
  [36mrobot_calibration_msgs [35m=> [36m['ros-one-robot-calibration-msgs'][0m[0m
  [36mroscpp               [35m=> [36m['ros-one-roscpp'][0m[0m
  [36mrosbag               [35m=> [36m['ros-one-rosbag'][0m[0m
  [36msensor_msgs          [35m=> [36m['ros-one-sensor-msgs'][0m[0m
  [36mstd_msgs             [35m=> [36m['ros-one-std-msgs'][0m[0m
  [36mtf                   [35m=> [36m['ros-one-tf'][0m[0m
  [36mtf2_geometry_msgs    [35m=> [36m['ros-one-tf2-geometry-msgs'][0m[0m
  [36mtf2_ros              [35m=> [36m['ros-one-tf2-ros'][0m[0m
  [36mvisualization_msgs   [35m=> [36m['ros-one-visualization-msgs'][0m[0m
  [36mlibceres-dev         [35m=> [36m['libceres-dev'][0m[0m
  [36mlibgflags-dev        [35m=> [36m['libgflags-dev'][0m[0m
  [36msuitesparse          [35m=> [36m['libsuitesparse-dev'][0m[0m
  [36mprotobuf-dev         [35m=> [36m['libprotobuf-dev', 'protobuf-compiler', 'libprotoc-dev'][0m[0m
[35mBuild and Build Tool Dependencies:[0m[0m
  [22m[4mrosdep key           => sid key[0m[0m
  [36meigen                [35m=> [36m['libeigen3-dev'][0m[0m
  [36mactionlib            [35m=> [36m['ros-one-actionlib'][0m[0m
  [36mcamera_calibration_parsers [35m=> [36m['ros-one-camera-calibration-parsers'][0m[0m
  [36mcontrol_msgs         [35m=> [36m['ros-one-control-msgs'][0m[0m
  [36mcv_bridge            [35m=> [36m['ros-one-cv-bridge'][0m[0m
  [36mgeometry_msgs        [35m=> [36m['ros-one-geometry-msgs'][0m[0m
  [36mgeometric_shapes     [35m=> [36m['ros-one-geometric-shapes'][0m[0m
  [36mkdl_parser           [35m=> [36m['ros-one-kdl-parser'][0m[0m
  [36mmoveit_msgs          [35m=> [36m['ros-one-moveit-msgs'][0m[0m
  [36mnav_msgs             [35m=> [36m['ros-one-nav-msgs'][0m[0m
  [36morocos_kdl           [35m=> [36m['liborocos-kdl-dev'][0m[0m
  [36mpluginlib            [35m=> [36m['ros-one-pluginlib'][0m[0m
  [36mrobot_calibration_msgs [35m=> [36m['ros-one-robot-calibration-msgs'][0m[0m
  [36mroscpp               [35m=> [36m['ros-one-roscpp'][0m[0m
  [36mrosbag               [35m=> [36m['ros-one-rosbag'][0m[0m
  [36msensor_msgs          [35m=> [36m['ros-one-sensor-msgs'][0m[0m
  [36mstd_msgs             [35m=> [36m['ros-one-std-msgs'][0m[0m
  [36mtf                   [35m=> [36m['ros-one-tf'][0m[0m
  [36mtf2_geometry_msgs    [35m=> [36m['ros-one-tf2-geometry-msgs'][0m[0m
  [36mtf2_ros              [35m=> [36m['ros-one-tf2-ros'][0m[0m
  [36mvisualization_msgs   [35m=> [36m['ros-one-visualization-msgs'][0m[0m
  [36mlibceres-dev         [35m=> [36m['libceres-dev'][0m[0m
  [36mlibgflags-dev        [35m=> [36m['libgflags-dev'][0m[0m
  [36msuitesparse          [35m=> [36m['libsuitesparse-dev'][0m[0m
  [36mprotobuf-dev         [35m=> [36m['libprotobuf-dev', 'protobuf-compiler', 'libprotoc-dev'][0m[0m
  [36mcatkin               [35m=> [36m['catkin', 'libgtest-dev', 'libgmock-dev'][0m[0m
[1m[34m==>[0m Placing templates files in the 'debian' folder.[0m[0m
[1m[34m==>[0m In place processing templates in 'debian' folder.[0m[0m
Expanding 'debian/rules.em' -> 'debian/rules'[0m
Expanding 'debian/copyright.em' -> 'debian/copyright'[0m
Expanding 'debian/compat.em' -> 'debian/compat'[0m
Expanding 'debian/changelog.em' -> 'debian/changelog'[0m
Expanding 'debian/source/options.em' -> 'debian/source/options'[0m
Expanding 'debian/source/format.em' -> 'debian/source/format'[0m
Expanding 'debian/control.em' -> 'debian/control'[0m
