ROS Distro index file associate with commit '93cff5f8f227cb7dd2f61668c2130045e97eac5e'[0m
New ROS Distro index url: 'https://raw.githubusercontent.com/ros/rosdistro/93cff5f8f227cb7dd2f61668c2130045e97eac5e/index-v4.yaml'[0m
[1m[32m==> [0m[0mGenerating debs for [36mubuntu:jammy[0m for package(s) ['ros_comm'][0m[0m
[33mNo historical releaser history, using current maintainer name and email for each versioned changelog entry.[0m
Package 'ros-comm' has dependencies:[0m
[35mRun Dependencies:[0m[0m
  [22m[4mrosdep key           => jammy key[0m[0m
  [36mroscpp               [35m=> [36m['ros-one-roscpp'][0m[0m
  [36mrospy                [35m=> [36m['ros-one-rospy'][0m[0m
  [36mrosgraph_msgs        [35m=> [36m['ros-one-rosgraph-msgs'][0m[0m
  [36mstd_srvs             [35m=> [36m['ros-one-std-srvs'][0m[0m
  [36mros                  [35m=> [36m['ros-one-ros'][0m[0m
  [36mrosbag               [35m=> [36m['ros-one-rosbag'][0m[0m
  [36mrosconsole           [35m=> [36m['ros-one-rosconsole'][0m[0m
  [36mrosgraph             [35m=> [36m['ros-one-rosgraph'][0m[0m
  [36mroslaunch            [35m=> [36m['ros-one-roslaunch'][0m[0m
  [36mroslisp              [35m=> [36m['ros-one-roslisp'][0m[0m
  [36mrosmaster            [35m=> [36m['ros-one-rosmaster'][0m[0m
  [36mrosmsg               [35m=> [36m['ros-one-rosmsg'][0m[0m
  [36mrosnode              [35m=> [36m['ros-one-rosnode'][0m[0m
  [36mrosout               [35m=> [36m['ros-one-rosout'][0m[0m
  [36mrosparam             [35m=> [36m['ros-one-rosparam'][0m[0m
  [36mrosservice           [35m=> [36m['ros-one-rosservice'][0m[0m
  [36mrostest              [35m=> [36m['ros-one-rostest'][0m[0m
  [36mrostopic             [35m=> [36m['ros-one-rostopic'][0m[0m
  [36mtopic_tools          [35m=> [36m['ros-one-topic-tools'][0m[0m
  [36mmessage_filters      [35m=> [36m['ros-one-message-filters'][0m[0m
  [36mroswtf               [35m=> [36m['ros-one-roswtf'][0m[0m
  [36mxmlrpcpp             [35m=> [36m['ros-one-xmlrpcpp'][0m[0m
[35mBuild and Build Tool Dependencies:[0m[0m
  [22m[4mrosdep key           => jammy key[0m[0m
  [36mcatkin               [35m=> [36m['catkin', 'libgtest-dev', 'libgmock-dev'][0m[0m
[1m[34m==>[0m Placing templates files in the 'debian' folder.[0m[0m
[1m[34m==>[0m In place processing templates in 'debian' folder.[0m[0m
Expanding 'debian/copyright.em' -> 'debian/copyright'[0m
Expanding 'debian/changelog.em' -> 'debian/changelog'[0m
Expanding 'debian/control.em' -> 'debian/control'[0m
Expanding 'debian/compat.em' -> 'debian/compat'[0m
Expanding 'debian/rules.em' -> 'debian/rules'[0m
Expanding 'debian/source/format.em' -> 'debian/source/format'[0m
Expanding 'debian/source/options.em' -> 'debian/source/options'[0m
