ROS Distro index file associate with commit '123e71dfdbe93215bc84db910304320a8556a3de'[0m
New ROS Distro index url: 'https://raw.githubusercontent.com/ros/rosdistro/123e71dfdbe93215bc84db910304320a8556a3de/index-v4.yaml'[0m
[1m[32m==> [0m[0mGenerating debs for [36mdebian:trixie[0m for package(s) ['ros_core'][0m[0m
[33mNo homepage set, defaulting to ''[0m
[33mNo historical releaser history, using current maintainer name and email for each versioned changelog entry.[0m
[33mNo CHANGELOG.rst found for package 'ros_core'[0m
Package 'ros-core' has dependencies:[0m
[35mRun Dependencies:[0m[0m
  [22m[4mrosdep key           => trixie key[0m[0m
  [36mcatkin               [35m=> [36m['catkin', 'libgtest-dev', 'libgmock-dev'][0m[0m
  [36mclass_loader         [35m=> [36m['ros-one-class-loader'][0m[0m
  [36mcmake_modules        [35m=> [36m['ros-one-cmake-modules'][0m[0m
  [36mcommon_msgs          [35m=> [36m['ros-one-common-msgs'][0m[0m
  [36mgencpp               [35m=> [36m['ros-one-gencpp'][0m[0m
  [36mgeneus               [35m=> [36m['ros-one-geneus'][0m[0m
  [36mgenlisp              [35m=> [36m['ros-one-genlisp'][0m[0m
  [36mgenmsg               [35m=> [36m['ros-one-genmsg'][0m[0m
  [36mgennodejs            [35m=> [36m['ros-one-gennodejs'][0m[0m
  [36mgenpy                [35m=> [36m['ros-one-genpy'][0m[0m
  [36mmessage_generation   [35m=> [36m['ros-one-message-generation'][0m[0m
  [36mmessage_runtime      [35m=> [36m['ros-one-message-runtime'][0m[0m
  [36mpluginlib            [35m=> [36m['ros-one-pluginlib'][0m[0m
  [36mros                  [35m=> [36m['ros-one-ros'][0m[0m
  [36mros_comm             [35m=> [36m['ros-one-ros-comm'][0m[0m
  [36mrosbag_migration_rule [35m=> [36m['ros-one-rosbag-migration-rule'][0m[0m
  [36mrosconsole           [35m=> [36m['ros-one-rosconsole'][0m[0m
  [36mrosconsole_bridge    [35m=> [36m['ros-one-rosconsole-bridge'][0m[0m
  [36mroscpp_core          [35m=> [36m['ros-one-roscpp-core'][0m[0m
  [36mrosgraph_msgs        [35m=> [36m['ros-one-rosgraph-msgs'][0m[0m
  [36mroslisp              [35m=> [36m['ros-one-roslisp'][0m[0m
  [36mrospack              [35m=> [36m['ros-one-rospack'][0m[0m
  [36mstd_msgs             [35m=> [36m['ros-one-std-msgs'][0m[0m
  [36mstd_srvs             [35m=> [36m['ros-one-std-srvs'][0m[0m
[35mBuild and Build Tool Dependencies:[0m[0m
  [22m[4mrosdep key           => trixie key[0m[0m
  [36mcatkin               [35m=> [36m['catkin', 'libgtest-dev', 'libgmock-dev'][0m[0m
[1m[34m==>[0m Placing templates files in the 'debian' folder.[0m[0m
[1m[34m==>[0m In place processing templates in 'debian' folder.[0m[0m
Expanding 'debian/source/options.em' -> 'debian/source/options'[0m
Expanding 'debian/source/format.em' -> 'debian/source/format'[0m
Expanding 'debian/changelog.em' -> 'debian/changelog'[0m
Expanding 'debian/control.em' -> 'debian/control'[0m
Expanding 'debian/rules.em' -> 'debian/rules'[0m
Expanding 'debian/copyright.em' -> 'debian/copyright'[0m
Expanding 'debian/compat.em' -> 'debian/compat'[0m
