ROS Distro index file associate with commit 'c8060c60d888de2987192c50cdc077b94eb8a7a5'[0m
New ROS Distro index url: 'https://raw.githubusercontent.com/ros/rosdistro/c8060c60d888de2987192c50cdc077b94eb8a7a5/index-v4.yaml'[0m
[1m[32m==> [0m[0mGenerating debs for [36mdebian:bookworm[0m for package(s) ['ros_speech_recognition'][0m[0m
[33mNo historical releaser history, using current maintainer name and email for each versioned changelog entry.[0m
Package 'ros-speech-recognition' has dependencies:[0m
[35mRun Dependencies:[0m[0m
  [22m[4mrosdep key           => bookworm key[0m[0m
  [36maudio_capture        [35m=> [36m['ros-one-audio-capture'][0m[0m
  [36maudio_common_msgs    [35m=> [36m['ros-one-audio-common-msgs'][0m[0m
  [36mdynamic_reconfigure  [35m=> [36m['ros-one-dynamic-reconfigure'][0m[0m
  [36mflac                 [35m=> [36m['flac'][0m[0m
  [36mjsk_data             [35m=> [36m['ros-one-jsk-data'][0m[0m
  [36msound_play           [35m=> [36m['ros-one-sound-play'][0m[0m
  [36msound-theme-freedesktop [35m=> [36m['sound-theme-freedesktop'][0m[0m
  [36mspeech_recognition_msgs [35m=> [36m['ros-one-speech-recognition-msgs'][0m[0m
  [36mpython3-pycryptodome [35m=> [36m['python3-pycryptodome'][0m[0m
  [36mpython3-gnupg        [35m=> [36m['python3-gnupg'][0m[0m
[35mBuild and Build Tool Dependencies:[0m[0m
  [22m[4mrosdep key           => bookworm key[0m[0m
  [36mcatkin_virtualenv    [35m=> [36m['ros-one-catkin-virtualenv'][0m[0m
  [36mdynamic_reconfigure  [35m=> [36m['ros-one-dynamic-reconfigure'][0m[0m
  [36mjsk_data             [35m=> [36m['ros-one-jsk-data'][0m[0m
  [36mspeech_recognition_msgs [35m=> [36m['ros-one-speech-recognition-msgs'][0m[0m
  [36mg++-static           [35m=> [36m['g++'][0m[0m
  [36mcatkin               [35m=> [36m['catkin', 'libgtest-dev', 'libgmock-dev'][0m[0m
[1m[34m==>[0m Placing templates files in the 'debian' folder.[0m[0m
[1m[34m==>[0m In place processing templates in 'debian' folder.[0m[0m
Expanding 'debian/rules.em' -> 'debian/rules'[0m
Expanding 'debian/compat.em' -> 'debian/compat'[0m
Expanding 'debian/changelog.em' -> 'debian/changelog'[0m
Expanding 'debian/control.em' -> 'debian/control'[0m
Expanding 'debian/copyright.em' -> 'debian/copyright'[0m
Expanding 'debian/source/options.em' -> 'debian/source/options'[0m
Expanding 'debian/source/format.em' -> 'debian/source/format'[0m
