ROS Distro index file associate with commit '7f2139b4d6bf54f94feca049f1609ab13af67f31'[0m
New ROS Distro index url: 'https://raw.githubusercontent.com/ros/rosdistro/7f2139b4d6bf54f94feca049f1609ab13af67f31/index-v4.yaml'[0m
[1m[32m==> [0m[0mGenerating debs for [36mdebian:bookworm[0m for package(s) ['rosbag_storage'][0m[0m
[33mNo homepage set, defaulting to ''[0m
[33mNo historical releaser history, using current maintainer name and email for each versioned changelog entry.[0m
Package 'rosbag-storage' has dependencies:[0m
[35mRun Dependencies:[0m[0m
  [22m[4mrosdep key           => bookworm key[0m[0m
  [36mbzip2                [35m=> [36m['libbz2-dev'][0m[0m
  [36mcpp_common           [35m=> [36m['ros-one-cpp-common'][0m[0m
  [36mlibboost-filesystem-dev [35m=> [36m['libboost-filesystem-dev'][0m[0m
  [36mlibconsole-bridge-dev [35m=> [36m['libconsole-bridge-dev'][0m[0m
  [36mlibgpgme-dev         [35m=> [36m['libgpgme-dev'][0m[0m
  [36mlibssl-dev           [35m=> [36m['libssl-dev'][0m[0m
  [36mpluginlib            [35m=> [36m['ros-one-pluginlib'][0m[0m
  [36mroscpp_serialization [35m=> [36m['ros-one-roscpp-serialization'][0m[0m
  [36mroscpp_traits        [35m=> [36m['ros-one-roscpp-traits'][0m[0m
  [36mrostime              [35m=> [36m['ros-one-rostime'][0m[0m
  [36mroslz4               [35m=> [36m['ros-one-roslz4'][0m[0m
[35mBuild and Build Tool Dependencies:[0m[0m
  [22m[4mrosdep key           => bookworm key[0m[0m
  [36mbzip2                [35m=> [36m['libbz2-dev'][0m[0m
  [36mcpp_common           [35m=> [36m['ros-one-cpp-common'][0m[0m
  [36mlibboost-filesystem-dev [35m=> [36m['libboost-filesystem-dev'][0m[0m
  [36mlibconsole-bridge-dev [35m=> [36m['libconsole-bridge-dev'][0m[0m
  [36mlibgpgme-dev         [35m=> [36m['libgpgme-dev'][0m[0m
  [36mlibssl-dev           [35m=> [36m['libssl-dev'][0m[0m
  [36mpluginlib            [35m=> [36m['ros-one-pluginlib'][0m[0m
  [36mroscpp_serialization [35m=> [36m['ros-one-roscpp-serialization'][0m[0m
  [36mroscpp_traits        [35m=> [36m['ros-one-roscpp-traits'][0m[0m
  [36mrostest              [35m=> [36m['ros-one-rostest'][0m[0m
  [36mrostime              [35m=> [36m['ros-one-rostime'][0m[0m
  [36mroslz4               [35m=> [36m['ros-one-roslz4'][0m[0m
  [36mstd_msgs             [35m=> [36m['ros-one-std-msgs'][0m[0m
  [36mcatkin               [35m=> [36m['catkin', 'libgtest-dev', 'libgmock-dev'][0m[0m
[1m[34m==>[0m Placing templates files in the 'debian' folder.[0m[0m
[1m[34m==>[0m In place processing templates in 'debian' folder.[0m[0m
Expanding 'debian/rules.em' -> 'debian/rules'[0m
Expanding 'debian/compat.em' -> 'debian/compat'[0m
Expanding 'debian/changelog.em' -> 'debian/changelog'[0m
Expanding 'debian/control.em' -> 'debian/control'[0m
Expanding 'debian/copyright.em' -> 'debian/copyright'[0m
Expanding 'debian/source/options.em' -> 'debian/source/options'[0m
Expanding 'debian/source/format.em' -> 'debian/source/format'[0m
