ROS Distro index file associate with commit '93cff5f8f227cb7dd2f61668c2130045e97eac5e'[0m
New ROS Distro index url: 'https://raw.githubusercontent.com/ros/rosdistro/93cff5f8f227cb7dd2f61668c2130045e97eac5e/index-v4.yaml'[0m
[1m[32m==> [0m[0mGenerating debs for [36mubuntu:jammy[0m for package(s) ['rosbag'][0m[0m
[33mNo historical releaser history, using current maintainer name and email for each versioned changelog entry.[0m
Package 'rosbag' has dependencies:[0m
[35mRun Dependencies:[0m[0m
  [22m[4mrosdep key           => jammy key[0m[0m
  [36mgenmsg               [35m=> [36m['ros-one-genmsg'][0m[0m
  [36mgenpy                [35m=> [36m['ros-one-genpy'][0m[0m
  [36mpython3-pycryptodome [35m=> [36m['python3-pycryptodome'][0m[0m
  [36mpython3-gnupg        [35m=> [36m['python3-gnupg'][0m[0m
  [36mpython3-rospkg       [35m=> [36m['python3-rospkg'][0m[0m
  [36mroslib               [35m=> [36m['ros-one-roslib'][0m[0m
  [36mrospy                [35m=> [36m['ros-one-rospy'][0m[0m
  [36mtopic_tools          [35m=> [36m['ros-one-topic-tools'][0m[0m
  [36mlibboost-date-time-dev [35m=> [36m['libboost-date-time-dev'][0m[0m
  [36mlibboost-filesystem-dev [35m=> [36m['libboost-filesystem-dev'][0m[0m
  [36mlibboost-program-options-dev [35m=> [36m['libboost-program-options-dev'][0m[0m
  [36mlibboost-regex-dev   [35m=> [36m['libboost-regex-dev'][0m[0m
  [36mlibboost-thread-dev  [35m=> [36m['libboost-thread-dev'][0m[0m
  [36mrosbag_storage       [35m=> [36m['ros-one-rosbag-storage'][0m[0m
  [36mrosconsole           [35m=> [36m['ros-one-rosconsole'][0m[0m
  [36mroscpp               [35m=> [36m['ros-one-roscpp'][0m[0m
  [36mstd_srvs             [35m=> [36m['ros-one-std-srvs'][0m[0m
  [36mxmlrpcpp             [35m=> [36m['ros-one-xmlrpcpp'][0m[0m
[35mBuild and Build Tool Dependencies:[0m[0m
  [22m[4mrosdep key           => jammy key[0m[0m
  [36mcpp_common           [35m=> [36m['ros-one-cpp-common'][0m[0m
  [36mpython3-pil          [35m=> [36m['python3-pil'][0m[0m
  [36mroscpp_serialization [35m=> [36m['ros-one-roscpp-serialization'][0m[0m
  [36mtopic_tools          [35m=> [36m['ros-one-topic-tools'][0m[0m
  [36mlibboost-date-time-dev [35m=> [36m['libboost-date-time-dev'][0m[0m
  [36mlibboost-filesystem-dev [35m=> [36m['libboost-filesystem-dev'][0m[0m
  [36mlibboost-program-options-dev [35m=> [36m['libboost-program-options-dev'][0m[0m
  [36mlibboost-regex-dev   [35m=> [36m['libboost-regex-dev'][0m[0m
  [36mlibboost-thread-dev  [35m=> [36m['libboost-thread-dev'][0m[0m
  [36mrosbag_storage       [35m=> [36m['ros-one-rosbag-storage'][0m[0m
  [36mrosconsole           [35m=> [36m['ros-one-rosconsole'][0m[0m
  [36mroscpp               [35m=> [36m['ros-one-roscpp'][0m[0m
  [36mstd_srvs             [35m=> [36m['ros-one-std-srvs'][0m[0m
  [36mxmlrpcpp             [35m=> [36m['ros-one-xmlrpcpp'][0m[0m
  [36mcatkin               [35m=> [36m['catkin', 'libgtest-dev', 'libgmock-dev'][0m[0m
[1m[34m==>[0m Placing templates files in the 'debian' folder.[0m[0m
[1m[34m==>[0m In place processing templates in 'debian' folder.[0m[0m
Expanding 'debian/copyright.em' -> 'debian/copyright'[0m
Expanding 'debian/changelog.em' -> 'debian/changelog'[0m
Expanding 'debian/control.em' -> 'debian/control'[0m
Expanding 'debian/compat.em' -> 'debian/compat'[0m
Expanding 'debian/rules.em' -> 'debian/rules'[0m
Expanding 'debian/source/format.em' -> 'debian/source/format'[0m
Expanding 'debian/source/options.em' -> 'debian/source/options'[0m
