<string>:40: (WARNING/2) Bullet list ends without a blank line; unexpected unindent.
<string>:130: (ERROR/3) Unexpected indentation.
<string>:133: (WARNING/2) Block quote ends without a blank line; unexpected unindent.
<string>:168: (ERROR/3) Unexpected indentation.
<string>:320: (WARNING/2) Inline emphasis start-string without end-string.
<string>:349: (WARNING/2) Bullet list ends without a blank line; unexpected unindent.
<string>:719: (ERROR/3) Unexpected indentation.
ROS Distro index file associate with commit '0d4ad65453994e1ae9f9fd9d504823d00b7b50c8'[0m
New ROS Distro index url: 'https://raw.githubusercontent.com/ros/rosdistro/0d4ad65453994e1ae9f9fd9d504823d00b7b50c8/index-v4.yaml'[0m
[1m[32m==> [0m[0mGenerating debs for [36mubuntu:jammy[0m for package(s) ['roseus'][0m[0m
[33mNo historical releaser history, using current maintainer name and email for each versioned changelog entry.[0m
Package 'roseus' has dependencies:[0m
[35mRun Dependencies:[0m[0m
  [22m[4mrosdep key           => jammy key[0m[0m
  [36mgeneus               [35m=> [36m['ros-one-geneus'][0m[0m
  [36mrosbash              [35m=> [36m['ros-one-rosbash'][0m[0m
  [36mroslang              [35m=> [36m['ros-one-roslang'][0m[0m
  [36mroscpp               [35m=> [36m['ros-one-roscpp'][0m[0m
  [36mrosnode              [35m=> [36m['ros-one-rosnode'][0m[0m
  [36mrospack              [35m=> [36m['ros-one-rospack'][0m[0m
  [36mrostest              [35m=> [36m['ros-one-rostest'][0m[0m
  [36mrosmsg               [35m=> [36m['ros-one-rosmsg'][0m[0m
  [36meuslisp              [35m=> [36m['ros-one-euslisp'][0m[0m
  [36mjskeus               [35m=> [36m['ros-one-jskeus'][0m[0m
  [36mactionlib            [35m=> [36m['ros-one-actionlib'][0m[0m
  [36mactionlib_msgs       [35m=> [36m['ros-one-actionlib-msgs'][0m[0m
  [36mvisualization_msgs   [35m=> [36m['ros-one-visualization-msgs'][0m[0m
  [36mtf                   [35m=> [36m['ros-one-tf'][0m[0m
  [36mtf2_ros              [35m=> [36m['ros-one-tf2-ros'][0m[0m
  [36mgeometry_msgs        [35m=> [36m['ros-one-geometry-msgs'][0m[0m
  [36mstd_msgs             [35m=> [36m['ros-one-std-msgs'][0m[0m
  [36mstd_srvs             [35m=> [36m['ros-one-std-srvs'][0m[0m
  [36msensor_msgs          [35m=> [36m['ros-one-sensor-msgs'][0m[0m
  [36mshape_msgs           [35m=> [36m['ros-one-shape-msgs'][0m[0m
  [36mmessage_runtime      [35m=> [36m['ros-one-message-runtime'][0m[0m
  [36mdynamic_reconfigure  [35m=> [36m['ros-one-dynamic-reconfigure'][0m[0m
  [36mactionlib_tutorials  [35m=> [36m['ros-one-actionlib-tutorials'][0m[0m
[35mBuild and Build Tool Dependencies:[0m[0m
  [22m[4mrosdep key           => jammy key[0m[0m
  [36mgeneus               [35m=> [36m['ros-one-geneus'][0m[0m
  [36mrosbash              [35m=> [36m['ros-one-rosbash'][0m[0m
  [36mroslang              [35m=> [36m['ros-one-roslang'][0m[0m
  [36mroscpp               [35m=> [36m['ros-one-roscpp'][0m[0m
  [36mrosnode              [35m=> [36m['ros-one-rosnode'][0m[0m
  [36mrospack              [35m=> [36m['ros-one-rospack'][0m[0m
  [36mrostest              [35m=> [36m['ros-one-rostest'][0m[0m
  [36mrosmsg               [35m=> [36m['ros-one-rosmsg'][0m[0m
  [36mrostopic             [35m=> [36m['ros-one-rostopic'][0m[0m
  [36meuslisp              [35m=> [36m['ros-one-euslisp'][0m[0m
  [36mjskeus               [35m=> [36m['ros-one-jskeus'][0m[0m
  [36mactionlib            [35m=> [36m['ros-one-actionlib'][0m[0m
  [36mactionlib_msgs       [35m=> [36m['ros-one-actionlib-msgs'][0m[0m
  [36mangles               [35m=> [36m['ros-one-angles'][0m[0m
  [36mvisualization_msgs   [35m=> [36m['ros-one-visualization-msgs'][0m[0m
  [36mtf                   [35m=> [36m['ros-one-tf'][0m[0m
  [36mtf2_ros              [35m=> [36m['ros-one-tf2-ros'][0m[0m
  [36mgeometry_msgs        [35m=> [36m['ros-one-geometry-msgs'][0m[0m
  [36mmk                   [35m=> [36m['ros-one-mk'][0m[0m
  [36mrosbuild             [35m=> [36m['ros-one-rosbuild'][0m[0m
  [36mstd_msgs             [35m=> [36m['ros-one-std-msgs'][0m[0m
  [36mstd_srvs             [35m=> [36m['ros-one-std-srvs'][0m[0m
  [36msensor_msgs          [35m=> [36m['ros-one-sensor-msgs'][0m[0m
  [36mshape_msgs           [35m=> [36m['ros-one-shape-msgs'][0m[0m
  [36mmessage_generation   [35m=> [36m['ros-one-message-generation'][0m[0m
  [36mdynamic_reconfigure  [35m=> [36m['ros-one-dynamic-reconfigure'][0m[0m
  [36mactionlib_tutorials  [35m=> [36m['ros-one-actionlib-tutorials'][0m[0m
  [36mcoreutils            [35m=> [36m['coreutils'][0m[0m
  [36mcatkin               [35m=> [36m['catkin', 'libgtest-dev', 'libgmock-dev'][0m[0m
[1m[34m==>[0m Placing templates files in the 'debian' folder.[0m[0m
[1m[34m==>[0m In place processing templates in 'debian' folder.[0m[0m
Expanding 'debian/copyright.em' -> 'debian/copyright'[0m
Expanding 'debian/changelog.em' -> 'debian/changelog'[0m
Expanding 'debian/control.em' -> 'debian/control'[0m
Expanding 'debian/compat.em' -> 'debian/compat'[0m
Expanding 'debian/rules.em' -> 'debian/rules'[0m
Expanding 'debian/source/format.em' -> 'debian/source/format'[0m
Expanding 'debian/source/options.em' -> 'debian/source/options'[0m
