ROS Distro index file associate with commit '7f2139b4d6bf54f94feca049f1609ab13af67f31'[0m
New ROS Distro index url: 'https://raw.githubusercontent.com/ros/rosdistro/7f2139b4d6bf54f94feca049f1609ab13af67f31/index-v4.yaml'[0m
[1m[32m==> [0m[0mGenerating debs for [36mdebian:bookworm[0m for package(s) ['rosgraph'][0m[0m
[33mNo historical releaser history, using current maintainer name and email for each versioned changelog entry.[0m
Package 'rosgraph' has dependencies:[0m
[35mRun Dependencies:[0m[0m
  [22m[4mrosdep key           => bookworm key[0m[0m
  [36mpython3-netifaces    [35m=> [36m['python3-netifaces'][0m[0m
  [36mpython3-rospkg       [35m=> [36m['python3-rospkg'][0m[0m
  [36mpython3-yaml         [35m=> [36m['python3-yaml'][0m[0m
[35mBuild and Build Tool Dependencies:[0m[0m
  [22m[4mrosdep key           => bookworm key[0m[0m
  [36mcatkin               [35m=> [36m['catkin', 'libgtest-dev', 'libgmock-dev'][0m[0m
[1m[34m==>[0m Placing templates files in the 'debian' folder.[0m[0m
[1m[34m==>[0m In place processing templates in 'debian' folder.[0m[0m
Expanding 'debian/rules.em' -> 'debian/rules'[0m
Expanding 'debian/compat.em' -> 'debian/compat'[0m
Expanding 'debian/changelog.em' -> 'debian/changelog'[0m
Expanding 'debian/control.em' -> 'debian/control'[0m
Expanding 'debian/copyright.em' -> 'debian/copyright'[0m
Expanding 'debian/source/options.em' -> 'debian/source/options'[0m
Expanding 'debian/source/format.em' -> 'debian/source/format'[0m
