ROS Distro index file associate with commit 'ce4812381dcaf695dca2f3196b4ea59b065e2d90'[0m
New ROS Distro index url: 'https://raw.githubusercontent.com/ros/rosdistro/ce4812381dcaf695dca2f3196b4ea59b065e2d90/index-v4.yaml'[0m
[1m[32m==> [0m[0mGenerating debs for [36mdebian:sid[0m for package(s) ['rqt_common_plugins'][0m[0m
[33mNo historical releaser history, using current maintainer name and email for each versioned changelog entry.[0m
Package 'rqt-common-plugins' has dependencies:[0m
[35mRun Dependencies:[0m[0m
  [22m[4mrosdep key           => sid key[0m[0m
  [36mrqt_action           [35m=> [36m['ros-one-rqt-action'][0m[0m
  [36mrqt_bag              [35m=> [36m['ros-one-rqt-bag'][0m[0m
  [36mrqt_bag_plugins      [35m=> [36m['ros-one-rqt-bag-plugins'][0m[0m
  [36mrqt_console          [35m=> [36m['ros-one-rqt-console'][0m[0m
  [36mrqt_dep              [35m=> [36m['ros-one-rqt-dep'][0m[0m
  [36mrqt_graph            [35m=> [36m['ros-one-rqt-graph'][0m[0m
  [36mrqt_image_view       [35m=> [36m['ros-one-rqt-image-view'][0m[0m
  [36mrqt_launch           [35m=> [36m['ros-one-rqt-launch'][0m[0m
  [36mrqt_logger_level     [35m=> [36m['ros-one-rqt-logger-level'][0m[0m
  [36mrqt_msg              [35m=> [36m['ros-one-rqt-msg'][0m[0m
  [36mrqt_plot             [35m=> [36m['ros-one-rqt-plot'][0m[0m
  [36mrqt_publisher        [35m=> [36m['ros-one-rqt-publisher'][0m[0m
  [36mrqt_py_common        [35m=> [36m['ros-one-rqt-py-common'][0m[0m
  [36mrqt_py_console       [35m=> [36m['ros-one-rqt-py-console'][0m[0m
  [36mrqt_reconfigure      [35m=> [36m['ros-one-rqt-reconfigure'][0m[0m
  [36mrqt_service_caller   [35m=> [36m['ros-one-rqt-service-caller'][0m[0m
  [36mrqt_shell            [35m=> [36m['ros-one-rqt-shell'][0m[0m
  [36mrqt_srv              [35m=> [36m['ros-one-rqt-srv'][0m[0m
  [36mrqt_top              [35m=> [36m['ros-one-rqt-top'][0m[0m
  [36mrqt_topic            [35m=> [36m['ros-one-rqt-topic'][0m[0m
  [36mrqt_web              [35m=> [36m['ros-one-rqt-web'][0m[0m
[35mBuild and Build Tool Dependencies:[0m[0m
  [22m[4mrosdep key           => sid key[0m[0m
  [36mcatkin               [35m=> [36m['catkin', 'libgtest-dev', 'libgmock-dev'][0m[0m
[1m[34m==>[0m Placing templates files in the 'debian' folder.[0m[0m
[1m[34m==>[0m In place processing templates in 'debian' folder.[0m[0m
Expanding 'debian/rules.em' -> 'debian/rules'[0m
Expanding 'debian/copyright.em' -> 'debian/copyright'[0m
Expanding 'debian/compat.em' -> 'debian/compat'[0m
Expanding 'debian/changelog.em' -> 'debian/changelog'[0m
Expanding 'debian/source/options.em' -> 'debian/source/options'[0m
Expanding 'debian/source/format.em' -> 'debian/source/format'[0m
Expanding 'debian/control.em' -> 'debian/control'[0m
