<string>:41: (WARNING/2) Inline emphasis start-string without end-string.
<string>:107: (ERROR/3) Unexpected indentation.
<string>:104: (WARNING/2) Inline literal start-string without end-string.
<string>:104: (WARNING/2) Inline interpreted text or phrase reference start-string without end-string.
<string>:109: (WARNING/2) Block quote ends without a blank line; unexpected unindent.
<string>:110: (WARNING/2) Inline literal start-string without end-string.
<string>:110: (WARNING/2) Inline interpreted text or phrase reference start-string without end-string.
ROS Distro index file associate with commit '7f2139b4d6bf54f94feca049f1609ab13af67f31'[0m
New ROS Distro index url: 'https://raw.githubusercontent.com/ros/rosdistro/7f2139b4d6bf54f94feca049f1609ab13af67f31/index-v4.yaml'[0m
[1m[32m==> [0m[0mGenerating debs for [36mubuntu:jammy[0m for package(s) ['smach_viewer'][0m[0m
[33mNo historical releaser history, using current maintainer name and email for each versioned changelog entry.[0m
Package 'smach-viewer' has dependencies:[0m
[35mRun Dependencies:[0m[0m
  [22m[4mrosdep key           => jammy key[0m[0m
  [36mcv_bridge            [35m=> [36m['ros-one-cv-bridge'][0m[0m
  [36msmach_ros            [35m=> [36m['ros-one-smach-ros'][0m[0m
  [36msmach_msgs           [35m=> [36m['ros-one-smach-msgs'][0m[0m
  [36mpython3-xdot         [35m=> [36m['xdot'][0m[0m
  [36mpython3-wxgtk4.0     [35m=> [36m['python3-wxgtk4.0'][0m[0m
  [36mgraphviz             [35m=> [36m['graphviz'][0m[0m
  [36mpython3-gi           [35m=> [36m['python3-gi'][0m[0m
  [36mpython3-rospkg       [35m=> [36m['python3-rospkg'][0m[0m
  [36mpython3-qt5-bindings [35m=> [36m['libpyside2-dev', 'libshiboken2-dev', 'pyqt5-dev', 'python3-pyqt5', 'python3-pyqt5.qtsvg', 'python3-pyside2.qtsvg', 'python3-sip-dev', 'shiboken2'][0m[0m
  [36mpython3-gi-cairo     [35m=> [36m['python3-gi-cairo'][0m[0m
  [36mgtk3                 [35m=> [36m['libgtk-3-dev'][0m[0m
[35mBuild and Build Tool Dependencies:[0m[0m
  [22m[4mrosdep key           => jammy key[0m[0m
  [36mrostest              [35m=> [36m['ros-one-rostest'][0m[0m
  [36mcatkin               [35m=> [36m['catkin', 'libgtest-dev', 'libgmock-dev'][0m[0m
[1m[34m==>[0m Placing templates files in the 'debian' folder.[0m[0m
[1m[34m==>[0m In place processing templates in 'debian' folder.[0m[0m
Expanding 'debian/rules.em' -> 'debian/rules'[0m
Expanding 'debian/compat.em' -> 'debian/compat'[0m
Expanding 'debian/changelog.em' -> 'debian/changelog'[0m
Expanding 'debian/control.em' -> 'debian/control'[0m
Expanding 'debian/copyright.em' -> 'debian/copyright'[0m
Expanding 'debian/source/options.em' -> 'debian/source/options'[0m
Expanding 'debian/source/format.em' -> 'debian/source/format'[0m
