ROS Distro index file associate with commit '123e71dfdbe93215bc84db910304320a8556a3de'[0m
New ROS Distro index url: 'https://raw.githubusercontent.com/ros/rosdistro/123e71dfdbe93215bc84db910304320a8556a3de/index-v4.yaml'[0m
[1m[32m==> [0m[0mGenerating debs for [36mdebian:trixie[0m for package(s) ['universal_robots'][0m[0m
[33mNo historical releaser history, using current maintainer name and email for each versioned changelog entry.[0m
Package 'universal-robots' has dependencies:[0m
[35mRun Dependencies:[0m[0m
  [22m[4mrosdep key           => trixie key[0m[0m
  [36mur10e_moveit_config  [35m=> [36m['ros-one-ur10e-moveit-config'][0m[0m
  [36mur10_moveit_config   [35m=> [36m['ros-one-ur10-moveit-config'][0m[0m
  [36mur16e_moveit_config  [35m=> [36m['ros-one-ur16e-moveit-config'][0m[0m
  [36mur20_moveit_config   [35m=> [36m['ros-one-ur20-moveit-config'][0m[0m
  [36mur30_moveit_config   [35m=> [36m['ros-one-ur30-moveit-config'][0m[0m
  [36mur3e_moveit_config   [35m=> [36m['ros-one-ur3e-moveit-config'][0m[0m
  [36mur3_moveit_config    [35m=> [36m['ros-one-ur3-moveit-config'][0m[0m
  [36mur5e_moveit_config   [35m=> [36m['ros-one-ur5e-moveit-config'][0m[0m
  [36mur5_moveit_config    [35m=> [36m['ros-one-ur5-moveit-config'][0m[0m
  [36mur_description       [35m=> [36m['ros-one-ur-description'][0m[0m
  [36mur_gazebo            [35m=> [36m['ros-one-ur-gazebo'][0m[0m
[35mBuild and Build Tool Dependencies:[0m[0m
  [22m[4mrosdep key           => trixie key[0m[0m
  [36mcatkin               [35m=> [36m['catkin', 'libgtest-dev', 'libgmock-dev'][0m[0m
[1m[34m==>[0m Placing templates files in the 'debian' folder.[0m[0m
[1m[34m==>[0m In place processing templates in 'debian' folder.[0m[0m
Expanding 'debian/source/options.em' -> 'debian/source/options'[0m
Expanding 'debian/source/format.em' -> 'debian/source/format'[0m
Expanding 'debian/changelog.em' -> 'debian/changelog'[0m
Expanding 'debian/control.em' -> 'debian/control'[0m
Expanding 'debian/rules.em' -> 'debian/rules'[0m
Expanding 'debian/copyright.em' -> 'debian/copyright'[0m
Expanding 'debian/compat.em' -> 'debian/compat'[0m
