[1m[32m==> [0m[0mGenerating debs for [36mubuntu:jammy[0m for package(s) ['ur5_moveit_config'][0m[0m
[33mNo historical releaser history, using current maintainer name and email for each versioned changelog entry.[0m
Package 'ur5-moveit-config' has dependencies:[0m
[35mRun Dependencies:[0m[0m
  [22m[4mrosdep key           => jammy key[0m[0m
  [36mjoint_state_publisher [35m=> [36m['ros-one-joint-state-publisher'][0m[0m
  [36mjoint_state_publisher_gui [35m=> [36m['ros-one-joint-state-publisher-gui'][0m[0m
  [36mmoveit_fake_controller_manager [35m=> [36m['ros-one-moveit-fake-controller-manager'][0m[0m
  [36mmoveit_planners_ompl [35m=> [36m['ros-one-moveit-planners-ompl'][0m[0m
  [36mmoveit_ros_benchmarks [35m=> [36m['ros-one-moveit-ros-benchmarks'][0m[0m
  [36mmoveit_ros_move_group [35m=> [36m['ros-one-moveit-ros-move-group'][0m[0m
  [36mmoveit_ros_visualization [35m=> [36m['ros-one-moveit-ros-visualization'][0m[0m
  [36mmoveit_ros_warehouse [35m=> [36m['ros-one-moveit-ros-warehouse'][0m[0m
  [36mwarehouse_ros_mongo  [35m=> [36m['ros-one-warehouse-ros-mongo'][0m[0m
  [36mmoveit_setup_assistant [35m=> [36m['ros-one-moveit-setup-assistant'][0m[0m
  [36mmoveit_simple_controller_manager [35m=> [36m['ros-one-moveit-simple-controller-manager'][0m[0m
  [36mrobot_state_publisher [35m=> [36m['ros-one-robot-state-publisher'][0m[0m
  [36mrviz                 [35m=> [36m['ros-one-rviz'][0m[0m
  [36mtf2_ros              [35m=> [36m['ros-one-tf2-ros'][0m[0m
  [36mtrac_ik_kinematics_plugin [35m=> [36m['ros-one-trac-ik-kinematics-plugin'][0m[0m
  [36mur_description       [35m=> [36m['ros-one-ur-description'][0m[0m
  [36mxacro                [35m=> [36m['ros-one-xacro'][0m[0m
[35mBuild and Build Tool Dependencies:[0m[0m
  [22m[4mrosdep key           => jammy key[0m[0m
  [36mcatkin               [35m=> [36m['catkin', 'libgtest-dev', 'libgmock-dev'][0m[0m
[1m[34m==>[0m Placing templates files in the 'debian' folder.[0m[0m
[1m[34m==>[0m In place processing templates in 'debian' folder.[0m[0m
Expanding 'debian/rules.em' -> 'debian/rules'[0m
Expanding 'debian/compat.em' -> 'debian/compat'[0m
Expanding 'debian/changelog.em' -> 'debian/changelog'[0m
Expanding 'debian/control.em' -> 'debian/control'[0m
Expanding 'debian/copyright.em' -> 'debian/copyright'[0m
Expanding 'debian/source/options.em' -> 'debian/source/options'[0m
Expanding 'debian/source/format.em' -> 'debian/source/format'[0m
