ROS Distro index file associate with commit 'c8060c60d888de2987192c50cdc077b94eb8a7a5'[0m
New ROS Distro index url: 'https://raw.githubusercontent.com/ros/rosdistro/c8060c60d888de2987192c50cdc077b94eb8a7a5/index-v4.yaml'[0m
[1m[32m==> [0m[0mGenerating debs for [36mdebian:bookworm[0m for package(s) ['ur_gazebo'][0m[0m
[33mNo historical releaser history, using current maintainer name and email for each versioned changelog entry.[0m
Package 'ur-gazebo' has dependencies:[0m
[35mRun Dependencies:[0m[0m
  [22m[4mrosdep key           => bookworm key[0m[0m
  [36mcontroller_manager   [35m=> [36m['ros-one-controller-manager'][0m[0m
  [36meffort_controllers   [35m=> [36m['ros-one-effort-controllers'][0m[0m
  [36mgazebo_ros           [35m=> [36m['ros-one-gazebo-ros'][0m[0m
  [36mgazebo_ros_control   [35m=> [36m['ros-one-gazebo-ros-control'][0m[0m
  [36mjoint_state_controller [35m=> [36m['ros-one-joint-state-controller'][0m[0m
  [36mjoint_trajectory_controller [35m=> [36m['ros-one-joint-trajectory-controller'][0m[0m
  [36mposition_controllers [35m=> [36m['ros-one-position-controllers'][0m[0m
  [36mrobot_state_publisher [35m=> [36m['ros-one-robot-state-publisher'][0m[0m
  [36mur_description       [35m=> [36m['ros-one-ur-description'][0m[0m
[35mBuild and Build Tool Dependencies:[0m[0m
  [22m[4mrosdep key           => bookworm key[0m[0m
  [36mcatkin               [35m=> [36m['catkin', 'libgtest-dev', 'libgmock-dev'][0m[0m
[1m[34m==>[0m Placing templates files in the 'debian' folder.[0m[0m
[1m[34m==>[0m In place processing templates in 'debian' folder.[0m[0m
Expanding 'debian/rules.em' -> 'debian/rules'[0m
Expanding 'debian/compat.em' -> 'debian/compat'[0m
Expanding 'debian/changelog.em' -> 'debian/changelog'[0m
Expanding 'debian/control.em' -> 'debian/control'[0m
Expanding 'debian/copyright.em' -> 'debian/copyright'[0m
Expanding 'debian/source/options.em' -> 'debian/source/options'[0m
Expanding 'debian/source/format.em' -> 'debian/source/format'[0m
