<string>:259: (WARNING/2) Inline emphasis start-string without end-string.
<string>:259: (WARNING/2) Inline emphasis start-string without end-string.
ROS Distro index file associate with commit 'c8060c60d888de2987192c50cdc077b94eb8a7a5'[0m
New ROS Distro index url: 'https://raw.githubusercontent.com/ros/rosdistro/c8060c60d888de2987192c50cdc077b94eb8a7a5/index-v4.yaml'[0m
[1m[32m==> [0m[0mGenerating debs for [36mdebian:bookworm[0m for package(s) ['ur_robot_driver'][0m[0m
[33mNo historical releaser history, using current maintainer name and email for each versioned changelog entry.[0m
Package 'ur-robot-driver' has dependencies:[0m
[35mRun Dependencies:[0m[0m
  [22m[4mrosdep key           => bookworm key[0m[0m
  [36mcartesian_trajectory_controller [35m=> [36m['ros-one-cartesian-trajectory-controller'][0m[0m
  [36mforce_torque_sensor_controller [35m=> [36m['ros-one-force-torque-sensor-controller'][0m[0m
  [36mindustrial_robot_status_controller [35m=> [36m['ros-one-industrial-robot-status-controller'][0m[0m
  [36mjoint_state_controller [35m=> [36m['ros-one-joint-state-controller'][0m[0m
  [36mjoint_trajectory_controller [35m=> [36m['ros-one-joint-trajectory-controller'][0m[0m
  [36mrobot_state_publisher [35m=> [36m['ros-one-robot-state-publisher'][0m[0m
  [36msocat                [35m=> [36m['socat'][0m[0m
  [36mtwist_controller     [35m=> [36m['ros-one-twist-controller'][0m[0m
  [36mur_description       [35m=> [36m['ros-one-ur-description'][0m[0m
  [36mvelocity_controllers [35m=> [36m['ros-one-velocity-controllers'][0m[0m
  [36mactionlib            [35m=> [36m['ros-one-actionlib'][0m[0m
  [36mcontrol_msgs         [35m=> [36m['ros-one-control-msgs'][0m[0m
  [36mcontroller_manager   [35m=> [36m['ros-one-controller-manager'][0m[0m
  [36mcontroller_manager_msgs [35m=> [36m['ros-one-controller-manager-msgs'][0m[0m
  [36mgeometry_msgs        [35m=> [36m['ros-one-geometry-msgs'][0m[0m
  [36mhardware_interface   [35m=> [36m['ros-one-hardware-interface'][0m[0m
  [36mkdl_parser           [35m=> [36m['ros-one-kdl-parser'][0m[0m
  [36mpass_through_controllers [35m=> [36m['ros-one-pass-through-controllers'][0m[0m
  [36mpluginlib            [35m=> [36m['ros-one-pluginlib'][0m[0m
  [36mroscpp               [35m=> [36m['ros-one-roscpp'][0m[0m
  [36mscaled_joint_trajectory_controller [35m=> [36m['ros-one-scaled-joint-trajectory-controller'][0m[0m
  [36msensor_msgs          [35m=> [36m['ros-one-sensor-msgs'][0m[0m
  [36mspeed_scaling_interface [35m=> [36m['ros-one-speed-scaling-interface'][0m[0m
  [36mspeed_scaling_state_controller [35m=> [36m['ros-one-speed-scaling-state-controller'][0m[0m
  [36mstd_srvs             [35m=> [36m['ros-one-std-srvs'][0m[0m
  [36mtf2_geometry_msgs    [35m=> [36m['ros-one-tf2-geometry-msgs'][0m[0m
  [36mtf2_msgs             [35m=> [36m['ros-one-tf2-msgs'][0m[0m
  [36mtf                   [35m=> [36m['ros-one-tf'][0m[0m
  [36mtrajectory_msgs      [35m=> [36m['ros-one-trajectory-msgs'][0m[0m
  [36mur_client_library    [35m=> [36m['ros-one-ur-client-library'][0m[0m
  [36mur_dashboard_msgs    [35m=> [36m['ros-one-ur-dashboard-msgs'][0m[0m
  [36mur_msgs              [35m=> [36m['ros-one-ur-msgs'][0m[0m
[35mBuild and Build Tool Dependencies:[0m[0m
  [22m[4mrosdep key           => bookworm key[0m[0m
  [36mboost                [35m=> [36m['libboost-all-dev'][0m[0m
  [36mindustrial_robot_status_interface [35m=> [36m['ros-one-industrial-robot-status-interface'][0m[0m
  [36mactionlib            [35m=> [36m['ros-one-actionlib'][0m[0m
  [36mcontrol_msgs         [35m=> [36m['ros-one-control-msgs'][0m[0m
  [36mcontroller_manager   [35m=> [36m['ros-one-controller-manager'][0m[0m
  [36mcontroller_manager_msgs [35m=> [36m['ros-one-controller-manager-msgs'][0m[0m
  [36mgeometry_msgs        [35m=> [36m['ros-one-geometry-msgs'][0m[0m
  [36mhardware_interface   [35m=> [36m['ros-one-hardware-interface'][0m[0m
  [36mkdl_parser           [35m=> [36m['ros-one-kdl-parser'][0m[0m
  [36mpass_through_controllers [35m=> [36m['ros-one-pass-through-controllers'][0m[0m
  [36mpluginlib            [35m=> [36m['ros-one-pluginlib'][0m[0m
  [36mroscpp               [35m=> [36m['ros-one-roscpp'][0m[0m
  [36mscaled_joint_trajectory_controller [35m=> [36m['ros-one-scaled-joint-trajectory-controller'][0m[0m
  [36msensor_msgs          [35m=> [36m['ros-one-sensor-msgs'][0m[0m
  [36mspeed_scaling_interface [35m=> [36m['ros-one-speed-scaling-interface'][0m[0m
  [36mspeed_scaling_state_controller [35m=> [36m['ros-one-speed-scaling-state-controller'][0m[0m
  [36mstd_srvs             [35m=> [36m['ros-one-std-srvs'][0m[0m
  [36mtf2_geometry_msgs    [35m=> [36m['ros-one-tf2-geometry-msgs'][0m[0m
  [36mtf2_msgs             [35m=> [36m['ros-one-tf2-msgs'][0m[0m
  [36mtf                   [35m=> [36m['ros-one-tf'][0m[0m
  [36mtrajectory_msgs      [35m=> [36m['ros-one-trajectory-msgs'][0m[0m
  [36mur_client_library    [35m=> [36m['ros-one-ur-client-library'][0m[0m
  [36mur_dashboard_msgs    [35m=> [36m['ros-one-ur-dashboard-msgs'][0m[0m
  [36mur_msgs              [35m=> [36m['ros-one-ur-msgs'][0m[0m
  [36mcatkin               [35m=> [36m['catkin', 'libgtest-dev', 'libgmock-dev'][0m[0m
[1m[34m==>[0m Placing templates files in the 'debian' folder.[0m[0m
[1m[34m==>[0m In place processing templates in 'debian' folder.[0m[0m
Expanding 'debian/rules.em' -> 'debian/rules'[0m
Expanding 'debian/compat.em' -> 'debian/compat'[0m
Expanding 'debian/changelog.em' -> 'debian/changelog'[0m
Expanding 'debian/control.em' -> 'debian/control'[0m
Expanding 'debian/copyright.em' -> 'debian/copyright'[0m
Expanding 'debian/source/options.em' -> 'debian/source/options'[0m
Expanding 'debian/source/format.em' -> 'debian/source/format'[0m
